<?xml version="1.0" encoding="UTF-8"?>
<!-- Generated by org.testng.reporters.JUnitReportReporter -->
<testsuite skipped="0" hostname="DESKTOP-2VD0QVH" name="Tests.SharesTest" tests="28" failures="0" timestamp="10 окт 2017 14:10:39 GMT" time="98.355" errors="0">
  <testcase name="TestShareSitebar" time="3.323" classname="Tests.SharesTest"/>
  <testcase name="TestAboutShare1" time="3.422" classname="Tests.SharesTest"/>
  <testcase name="TestAboutShare15" time="4.349" classname="Tests.SharesTest"/>
  <testcase name="TestButtonThree" time="2.977" classname="Tests.SharesTest"/>
  <testcase name="TestAboutShare14" time="4.127" classname="Tests.SharesTest"/>
  <testcase name="TestAboutShare18" time="3.939" classname="Tests.SharesTest"/>
  <testcase name="TestButtonFour" time="2.999" classname="Tests.SharesTest"/>
  <testcase name="TestAboutShare20" time="4.209" classname="Tests.SharesTest"/>
  <testcase name="TestAboutShare17" time="4.082" classname="Tests.SharesTest"/>
  <testcase name="TestAboutShare13" time="3.869" classname="Tests.SharesTest"/>
  <testcase name="TestAboutShare3" time="2.574" classname="Tests.SharesTest"/>
  <testcase name="TestAboutShare10" time="3.939" classname="Tests.SharesTest"/>
  <testcase name="TestAboutShare4" time="2.655" classname="Tests.SharesTest"/>
  <testcase name="TestCalculator" time="3.485" classname="Tests.SharesTest"/>
  <testcase name="TestAboutShare21" time="3.889" classname="Tests.SharesTest"/>
  <testcase name="TestSharesHeader" time="1.501" classname="Tests.SharesTest"/>
  <testcase name="TestAboutShare9" time="4.215" classname="Tests.SharesTest"/>
  <testcase name="TestAboutShare6" time="1.969" classname="Tests.SharesTest"/>
  <testcase name="TestButtontwo" time="2.940" classname="Tests.SharesTest"/>
  <testcase name="TestAboutShare11" time="4.042" classname="Tests.SharesTest"/>
  <testcase name="TestAboutShare8" time="4.173" classname="Tests.SharesTest"/>
  <testcase name="TestAboutShare7" time="4.173" classname="Tests.SharesTest"/>
  <testcase name="TestAboutShare16" time="4.055" classname="Tests.SharesTest"/>
  <testcase name="TestAboutShare5" time="2.644" classname="Tests.SharesTest"/>
  <testcase name="TestAboutShare19" time="4.936" classname="Tests.SharesTest"/>
  <testcase name="TestAboutShare12" time="4.226" classname="Tests.SharesTest"/>
  <testcase name="TestAboutShare2" time="2.565" classname="Tests.SharesTest"/>
  <testcase name="TestButtonsbar" time="3.078" classname="Tests.SharesTest"/>
</testsuite> <!-- Tests.SharesTest -->
