<?xml version="1.0" encoding="UTF-8"?>
<!-- Generated by org.testng.reporters.JUnitReportReporter -->
<testsuite skipped="0" hostname="DESKTOP-2VD0QVH" name="Tests.BlogTest" tests="101" failures="68" timestamp="10 окт 2017 14:10:39 GMT" time="545.865" errors="5">
  <testcase name="TestAboutShare6" time="2.614" classname="Tests.BlogTest">
    <failure type="java.lang.AssertionError" message="The following asserts failed:
	expected [Семестр университета в Украине стоит недешево и даже если речь идет о бюджетной форме, расходов не избежать: канцелярия, учебники, аренда жилья, оплата курсов и даже проезд домой. Где взять деньги и что делать, если они нужны уже сегодня?] but found [Когда начинают звонить сотрудники коллекторской компании, начинаешь думать о том, насколько законны их действия и стоит ли им платить? Имеет ли банк право «подключить» к работе 3-х лиц, если процесс взыскания станет эффективнее?],
	expected [http://dev2.mycredit.com.ua/ru/blog/gde-vzyat-kredit-studentam-na-obuchenie/] but found [http://dev2.mycredit.com.ua/ru/blog/kak-ne-platit-kredit-kollektoram-v-ukraine/]">
      <![CDATA[java.lang.AssertionError: The following asserts failed:
	expected [Семестр университета в Украине стоит недешево и даже если речь идет о бюджетной форме, расходов не избежать: канцелярия, учебники, аренда жилья, оплата курсов и даже проезд домой. Где взять деньги и что делать, если они нужны уже сегодня?] but found [Когда начинают звонить сотрудники коллекторской компании, начинаешь думать о том, насколько законны их действия и стоит ли им платить? Имеет ли банк право «подключить» к работе 3-х лиц, если процесс взыскания станет эффективнее?],
	expected [http://dev2.mycredit.com.ua/ru/blog/gde-vzyat-kredit-studentam-na-obuchenie/] but found [http://dev2.mycredit.com.ua/ru/blog/kak-ne-platit-kredit-kollektoram-v-ukraine/]
	at org.testng.asserts.SoftAssert.assertAll(SoftAssert.java:43)
	at Tests.BlogTest.TestAboutShare6(BlogTest.java:108)
	at sun.reflect.NativeMethodAccessorImpl.invoke0(Native Method)
	at sun.reflect.NativeMethodAccessorImpl.invoke(NativeMethodAccessorImpl.java:62)
	at sun.reflect.DelegatingMethodAccessorImpl.invoke(DelegatingMethodAccessorImpl.java:43)
	at java.lang.reflect.Method.invoke(Method.java:498)
	at org.testng.internal.MethodInvocationHelper.invokeMethod(MethodInvocationHelper.java:108)
	at org.testng.internal.Invoker.invokeMethod(Invoker.java:661)
	at org.testng.internal.Invoker.invokeTestMethod(Invoker.java:869)
	at org.testng.internal.Invoker.invokeTestMethods(Invoker.java:1193)
	at org.testng.internal.TestMethodWorker.invokeTestMethods(TestMethodWorker.java:126)
	at org.testng.internal.TestMethodWorker.run(TestMethodWorker.java:109)
	at org.testng.TestRunner.privateRun(TestRunner.java:744)
	at org.testng.TestRunner.run(TestRunner.java:602)
	at org.testng.SuiteRunner.runTest(SuiteRunner.java:380)
	at org.testng.SuiteRunner.runSequentially(SuiteRunner.java:375)
	at org.testng.SuiteRunner.privateRun(SuiteRunner.java:340)
	at org.testng.SuiteRunner.run(SuiteRunner.java:289)
	at org.testng.SuiteRunnerWorker.runSuite(SuiteRunnerWorker.java:52)
	at org.testng.SuiteRunnerWorker.run(SuiteRunnerWorker.java:86)
	at org.testng.TestNG.runSuitesSequentially(TestNG.java:1301)
	at org.testng.TestNG.runSuitesLocally(TestNG.java:1226)
	at org.testng.TestNG.runSuites(TestNG.java:1144)
	at org.testng.TestNG.run(TestNG.java:1115)
	at org.apache.maven.surefire.testng.TestNGExecutor.run(TestNGExecutor.java:77)
	at org.apache.maven.surefire.testng.TestNGDirectoryTestSuite.executeMulti(TestNGDirectoryTestSuite.java:159)
	at org.apache.maven.surefire.testng.TestNGDirectoryTestSuite.execute(TestNGDirectoryTestSuite.java:99)
	at org.apache.maven.surefire.testng.TestNGProvider.invoke(TestNGProvider.java:106)
	at sun.reflect.NativeMethodAccessorImpl.invoke0(Native Method)
	at sun.reflect.NativeMethodAccessorImpl.invoke(NativeMethodAccessorImpl.java:62)
	at sun.reflect.DelegatingMethodAccessorImpl.invoke(DelegatingMethodAccessorImpl.java:43)
	at java.lang.reflect.Method.invoke(Method.java:498)
	at org.apache.maven.surefire.util.ReflectionUtils.invokeMethodWithArray(ReflectionUtils.java:189)
	at org.apache.maven.surefire.booter.ProviderFactory$ProviderProxy.invoke(ProviderFactory.java:165)
	at org.apache.maven.surefire.booter.ProviderFactory.invokeProvider(ProviderFactory.java:85)
	at org.apache.maven.surefire.booter.ForkedBooter.runSuitesInProcess(ForkedBooter.java:115)
	at org.apache.maven.surefire.booter.ForkedBooter.main(ForkedBooter.java:75)
]]>
    </failure>
  </testcase> <!-- TestAboutShare6 -->
  <testcase name="TestAboutShare15" time="4.159" classname="Tests.BlogTest"/>
  <testcase name="TestAboutShare34" time="13.031" classname="Tests.BlogTest"/>
  <testcase name="TestAboutShare39" time="8.242" classname="Tests.BlogTest">
    <failure type="java.lang.AssertionError" message="The following asserts failed:
	expected [Семестр университета в Украине стоит недешево и даже если речь идет о бюджетной форме, расходов не избежать: канцелярия, учебники, аренда жилья, оплата курсов и даже проезд домой. Где взять деньги и что делать, если они нужны уже сегодня?] but found [Когда начинают звонить сотрудники коллекторской компании, начинаешь думать о том, насколько законны их действия и стоит ли им платить? Имеет ли банк право «подключить» к работе 3-х лиц, если процесс взыскания станет эффективнее?],
	expected [http://dev2.mycredit.com.ua/ru/blog/gde-vzyat-kredit-studentam-na-obuchenie/] but found [http://dev2.mycredit.com.ua/ru/blog/kak-ne-platit-kredit-kollektoram-v-ukraine/]">
      <![CDATA[java.lang.AssertionError: The following asserts failed:
	expected [Семестр университета в Украине стоит недешево и даже если речь идет о бюджетной форме, расходов не избежать: канцелярия, учебники, аренда жилья, оплата курсов и даже проезд домой. Где взять деньги и что делать, если они нужны уже сегодня?] but found [Когда начинают звонить сотрудники коллекторской компании, начинаешь думать о том, насколько законны их действия и стоит ли им платить? Имеет ли банк право «подключить» к работе 3-х лиц, если процесс взыскания станет эффективнее?],
	expected [http://dev2.mycredit.com.ua/ru/blog/gde-vzyat-kredit-studentam-na-obuchenie/] but found [http://dev2.mycredit.com.ua/ru/blog/kak-ne-platit-kredit-kollektoram-v-ukraine/]
	at org.testng.asserts.SoftAssert.assertAll(SoftAssert.java:43)
	at Tests.BlogTest.TestAboutShare39(BlogTest.java:548)
	at sun.reflect.NativeMethodAccessorImpl.invoke0(Native Method)
	at sun.reflect.NativeMethodAccessorImpl.invoke(NativeMethodAccessorImpl.java:62)
	at sun.reflect.DelegatingMethodAccessorImpl.invoke(DelegatingMethodAccessorImpl.java:43)
	at java.lang.reflect.Method.invoke(Method.java:498)
	at org.testng.internal.MethodInvocationHelper.invokeMethod(MethodInvocationHelper.java:108)
	at org.testng.internal.Invoker.invokeMethod(Invoker.java:661)
	at org.testng.internal.Invoker.invokeTestMethod(Invoker.java:869)
	at org.testng.internal.Invoker.invokeTestMethods(Invoker.java:1193)
	at org.testng.internal.TestMethodWorker.invokeTestMethods(TestMethodWorker.java:126)
	at org.testng.internal.TestMethodWorker.run(TestMethodWorker.java:109)
	at org.testng.TestRunner.privateRun(TestRunner.java:744)
	at org.testng.TestRunner.run(TestRunner.java:602)
	at org.testng.SuiteRunner.runTest(SuiteRunner.java:380)
	at org.testng.SuiteRunner.runSequentially(SuiteRunner.java:375)
	at org.testng.SuiteRunner.privateRun(SuiteRunner.java:340)
	at org.testng.SuiteRunner.run(SuiteRunner.java:289)
	at org.testng.SuiteRunnerWorker.runSuite(SuiteRunnerWorker.java:52)
	at org.testng.SuiteRunnerWorker.run(SuiteRunnerWorker.java:86)
	at org.testng.TestNG.runSuitesSequentially(TestNG.java:1301)
	at org.testng.TestNG.runSuitesLocally(TestNG.java:1226)
	at org.testng.TestNG.runSuites(TestNG.java:1144)
	at org.testng.TestNG.run(TestNG.java:1115)
	at org.apache.maven.surefire.testng.TestNGExecutor.run(TestNGExecutor.java:77)
	at org.apache.maven.surefire.testng.TestNGDirectoryTestSuite.executeMulti(TestNGDirectoryTestSuite.java:159)
	at org.apache.maven.surefire.testng.TestNGDirectoryTestSuite.execute(TestNGDirectoryTestSuite.java:99)
	at org.apache.maven.surefire.testng.TestNGProvider.invoke(TestNGProvider.java:106)
	at sun.reflect.NativeMethodAccessorImpl.invoke0(Native Method)
	at sun.reflect.NativeMethodAccessorImpl.invoke(NativeMethodAccessorImpl.java:62)
	at sun.reflect.DelegatingMethodAccessorImpl.invoke(DelegatingMethodAccessorImpl.java:43)
	at java.lang.reflect.Method.invoke(Method.java:498)
	at org.apache.maven.surefire.util.ReflectionUtils.invokeMethodWithArray(ReflectionUtils.java:189)
	at org.apache.maven.surefire.booter.ProviderFactory$ProviderProxy.invoke(ProviderFactory.java:165)
	at org.apache.maven.surefire.booter.ProviderFactory.invokeProvider(ProviderFactory.java:85)
	at org.apache.maven.surefire.booter.ForkedBooter.runSuitesInProcess(ForkedBooter.java:115)
	at org.apache.maven.surefire.booter.ForkedBooter.main(ForkedBooter.java:75)
]]>
    </failure>
  </testcase> <!-- TestAboutShare39 -->
  <testcase name="TestAboutShare25" time="3.728" classname="Tests.BlogTest"/>
  <testcase name="TestAboutShare21" time="4.226" classname="Tests.BlogTest"/>
  <testcase name="TestAboutShare35" time="13.959" classname="Tests.BlogTest">
    <failure type="java.lang.AssertionError" message="The following asserts failed:
	expected [Семестр университета в Украине стоит недешево и даже если речь идет о бюджетной форме, расходов не избежать: канцелярия, учебники, аренда жилья, оплата курсов и даже проезд домой. Где взять деньги и что делать, если они нужны уже сегодня?] but found [Когда начинают звонить сотрудники коллекторской компании, начинаешь думать о том, насколько законны их действия и стоит ли им платить? Имеет ли банк право «подключить» к работе 3-х лиц, если процесс взыскания станет эффективнее?],
	expected [http://dev2.mycredit.com.ua/ru/blog/gde-vzyat-kredit-studentam-na-obuchenie/] but found [http://dev2.mycredit.com.ua/ru/blog/kak-ne-platit-kredit-kollektoram-v-ukraine/]">
      <![CDATA[java.lang.AssertionError: The following asserts failed:
	expected [Семестр университета в Украине стоит недешево и даже если речь идет о бюджетной форме, расходов не избежать: канцелярия, учебники, аренда жилья, оплата курсов и даже проезд домой. Где взять деньги и что делать, если они нужны уже сегодня?] but found [Когда начинают звонить сотрудники коллекторской компании, начинаешь думать о том, насколько законны их действия и стоит ли им платить? Имеет ли банк право «подключить» к работе 3-х лиц, если процесс взыскания станет эффективнее?],
	expected [http://dev2.mycredit.com.ua/ru/blog/gde-vzyat-kredit-studentam-na-obuchenie/] but found [http://dev2.mycredit.com.ua/ru/blog/kak-ne-platit-kredit-kollektoram-v-ukraine/]
	at org.testng.asserts.SoftAssert.assertAll(SoftAssert.java:43)
	at Tests.BlogTest.TestAboutShare35(BlogTest.java:495)
	at sun.reflect.NativeMethodAccessorImpl.invoke0(Native Method)
	at sun.reflect.NativeMethodAccessorImpl.invoke(NativeMethodAccessorImpl.java:62)
	at sun.reflect.DelegatingMethodAccessorImpl.invoke(DelegatingMethodAccessorImpl.java:43)
	at java.lang.reflect.Method.invoke(Method.java:498)
	at org.testng.internal.MethodInvocationHelper.invokeMethod(MethodInvocationHelper.java:108)
	at org.testng.internal.Invoker.invokeMethod(Invoker.java:661)
	at org.testng.internal.Invoker.invokeTestMethod(Invoker.java:869)
	at org.testng.internal.Invoker.invokeTestMethods(Invoker.java:1193)
	at org.testng.internal.TestMethodWorker.invokeTestMethods(TestMethodWorker.java:126)
	at org.testng.internal.TestMethodWorker.run(TestMethodWorker.java:109)
	at org.testng.TestRunner.privateRun(TestRunner.java:744)
	at org.testng.TestRunner.run(TestRunner.java:602)
	at org.testng.SuiteRunner.runTest(SuiteRunner.java:380)
	at org.testng.SuiteRunner.runSequentially(SuiteRunner.java:375)
	at org.testng.SuiteRunner.privateRun(SuiteRunner.java:340)
	at org.testng.SuiteRunner.run(SuiteRunner.java:289)
	at org.testng.SuiteRunnerWorker.runSuite(SuiteRunnerWorker.java:52)
	at org.testng.SuiteRunnerWorker.run(SuiteRunnerWorker.java:86)
	at org.testng.TestNG.runSuitesSequentially(TestNG.java:1301)
	at org.testng.TestNG.runSuitesLocally(TestNG.java:1226)
	at org.testng.TestNG.runSuites(TestNG.java:1144)
	at org.testng.TestNG.run(TestNG.java:1115)
	at org.apache.maven.surefire.testng.TestNGExecutor.run(TestNGExecutor.java:77)
	at org.apache.maven.surefire.testng.TestNGDirectoryTestSuite.executeMulti(TestNGDirectoryTestSuite.java:159)
	at org.apache.maven.surefire.testng.TestNGDirectoryTestSuite.execute(TestNGDirectoryTestSuite.java:99)
	at org.apache.maven.surefire.testng.TestNGProvider.invoke(TestNGProvider.java:106)
	at sun.reflect.NativeMethodAccessorImpl.invoke0(Native Method)
	at sun.reflect.NativeMethodAccessorImpl.invoke(NativeMethodAccessorImpl.java:62)
	at sun.reflect.DelegatingMethodAccessorImpl.invoke(DelegatingMethodAccessorImpl.java:43)
	at java.lang.reflect.Method.invoke(Method.java:498)
	at org.apache.maven.surefire.util.ReflectionUtils.invokeMethodWithArray(ReflectionUtils.java:189)
	at org.apache.maven.surefire.booter.ProviderFactory$ProviderProxy.invoke(ProviderFactory.java:165)
	at org.apache.maven.surefire.booter.ProviderFactory.invokeProvider(ProviderFactory.java:85)
	at org.apache.maven.surefire.booter.ForkedBooter.runSuitesInProcess(ForkedBooter.java:115)
	at org.apache.maven.surefire.booter.ForkedBooter.main(ForkedBooter.java:75)
]]>
    </failure>
  </testcase> <!-- TestAboutShare35 -->
  <testcase name="TestButtonSeven" time="2.400" classname="Tests.BlogTest">
    <failure type="java.lang.AssertionError" message="The following asserts failed:
	expected [Семестр университета в Украине стоит недешево и даже если речь идет о бюджетной форме, расходов не избежать: канцелярия, учебники, аренда жилья, оплата курсов и даже проезд домой. Где взять деньги и что делать, если они нужны уже сегодня?] but found [Когда начинают звонить сотрудники коллекторской компании, начинаешь думать о том, насколько законны их действия и стоит ли им платить? Имеет ли банк право «подключить» к работе 3-х лиц, если процесс взыскания станет эффективнее?],
	expected [http://dev2.mycredit.com.ua/ru/blog/gde-vzyat-kredit-studentam-na-obuchenie/] but found [http://dev2.mycredit.com.ua/ru/blog/kak-ne-platit-kredit-kollektoram-v-ukraine/]">
      <![CDATA[java.lang.AssertionError: The following asserts failed:
	expected [Семестр университета в Украине стоит недешево и даже если речь идет о бюджетной форме, расходов не избежать: канцелярия, учебники, аренда жилья, оплата курсов и даже проезд домой. Где взять деньги и что делать, если они нужны уже сегодня?] but found [Когда начинают звонить сотрудники коллекторской компании, начинаешь думать о том, насколько законны их действия и стоит ли им платить? Имеет ли банк право «подключить» к работе 3-х лиц, если процесс взыскания станет эффективнее?],
	expected [http://dev2.mycredit.com.ua/ru/blog/gde-vzyat-kredit-studentam-na-obuchenie/] but found [http://dev2.mycredit.com.ua/ru/blog/kak-ne-platit-kredit-kollektoram-v-ukraine/]
	at org.testng.asserts.SoftAssert.assertAll(SoftAssert.java:43)
	at Tests.BlogTest.TestButtonSeven(BlogTest.java:515)
	at sun.reflect.NativeMethodAccessorImpl.invoke0(Native Method)
	at sun.reflect.NativeMethodAccessorImpl.invoke(NativeMethodAccessorImpl.java:62)
	at sun.reflect.DelegatingMethodAccessorImpl.invoke(DelegatingMethodAccessorImpl.java:43)
	at java.lang.reflect.Method.invoke(Method.java:498)
	at org.testng.internal.MethodInvocationHelper.invokeMethod(MethodInvocationHelper.java:108)
	at org.testng.internal.Invoker.invokeMethod(Invoker.java:661)
	at org.testng.internal.Invoker.invokeTestMethod(Invoker.java:869)
	at org.testng.internal.Invoker.invokeTestMethods(Invoker.java:1193)
	at org.testng.internal.TestMethodWorker.invokeTestMethods(TestMethodWorker.java:126)
	at org.testng.internal.TestMethodWorker.run(TestMethodWorker.java:109)
	at org.testng.TestRunner.privateRun(TestRunner.java:744)
	at org.testng.TestRunner.run(TestRunner.java:602)
	at org.testng.SuiteRunner.runTest(SuiteRunner.java:380)
	at org.testng.SuiteRunner.runSequentially(SuiteRunner.java:375)
	at org.testng.SuiteRunner.privateRun(SuiteRunner.java:340)
	at org.testng.SuiteRunner.run(SuiteRunner.java:289)
	at org.testng.SuiteRunnerWorker.runSuite(SuiteRunnerWorker.java:52)
	at org.testng.SuiteRunnerWorker.run(SuiteRunnerWorker.java:86)
	at org.testng.TestNG.runSuitesSequentially(TestNG.java:1301)
	at org.testng.TestNG.runSuitesLocally(TestNG.java:1226)
	at org.testng.TestNG.runSuites(TestNG.java:1144)
	at org.testng.TestNG.run(TestNG.java:1115)
	at org.apache.maven.surefire.testng.TestNGExecutor.run(TestNGExecutor.java:77)
	at org.apache.maven.surefire.testng.TestNGDirectoryTestSuite.executeMulti(TestNGDirectoryTestSuite.java:159)
	at org.apache.maven.surefire.testng.TestNGDirectoryTestSuite.execute(TestNGDirectoryTestSuite.java:99)
	at org.apache.maven.surefire.testng.TestNGProvider.invoke(TestNGProvider.java:106)
	at sun.reflect.NativeMethodAccessorImpl.invoke0(Native Method)
	at sun.reflect.NativeMethodAccessorImpl.invoke(NativeMethodAccessorImpl.java:62)
	at sun.reflect.DelegatingMethodAccessorImpl.invoke(DelegatingMethodAccessorImpl.java:43)
	at java.lang.reflect.Method.invoke(Method.java:498)
	at org.apache.maven.surefire.util.ReflectionUtils.invokeMethodWithArray(ReflectionUtils.java:189)
	at org.apache.maven.surefire.booter.ProviderFactory$ProviderProxy.invoke(ProviderFactory.java:165)
	at org.apache.maven.surefire.booter.ProviderFactory.invokeProvider(ProviderFactory.java:85)
	at org.apache.maven.surefire.booter.ForkedBooter.runSuitesInProcess(ForkedBooter.java:115)
	at org.apache.maven.surefire.booter.ForkedBooter.main(ForkedBooter.java:75)
]]>
    </failure>
  </testcase> <!-- TestButtonSeven -->
  <testcase name="TestAboutShare33" time="13.024" classname="Tests.BlogTest"/>
  <testcase name="TestAboutShare13" time="4.267" classname="Tests.BlogTest"/>
  <testcase name="TestAboutShare70" time="4.110" classname="Tests.BlogTest">
    <failure type="java.lang.AssertionError" message="The following asserts failed:
	expected [Семестр университета в Украине стоит недешево и даже если речь идет о бюджетной форме, расходов не избежать: канцелярия, учебники, аренда жилья, оплата курсов и даже проезд домой. Где взять деньги и что делать, если они нужны уже сегодня?] but found [Когда начинают звонить сотрудники коллекторской компании, начинаешь думать о том, насколько законны их действия и стоит ли им платить? Имеет ли банк право «подключить» к работе 3-х лиц, если процесс взыскания станет эффективнее?],
	expected [http://dev2.mycredit.com.ua/ru/blog/gde-vzyat-kredit-studentam-na-obuchenie/] but found [http://dev2.mycredit.com.ua/ru/blog/kak-ne-platit-kredit-kollektoram-v-ukraine/]">
      <![CDATA[java.lang.AssertionError: The following asserts failed:
	expected [Семестр университета в Украине стоит недешево и даже если речь идет о бюджетной форме, расходов не избежать: канцелярия, учебники, аренда жилья, оплата курсов и даже проезд домой. Где взять деньги и что делать, если они нужны уже сегодня?] but found [Когда начинают звонить сотрудники коллекторской компании, начинаешь думать о том, насколько законны их действия и стоит ли им платить? Имеет ли банк право «подключить» к работе 3-х лиц, если процесс взыскания станет эффективнее?],
	expected [http://dev2.mycredit.com.ua/ru/blog/gde-vzyat-kredit-studentam-na-obuchenie/] but found [http://dev2.mycredit.com.ua/ru/blog/kak-ne-platit-kredit-kollektoram-v-ukraine/]
	at org.testng.asserts.SoftAssert.assertAll(SoftAssert.java:43)
	at Tests.BlogTest.TestAboutShare70(BlogTest.java:934)
	at sun.reflect.NativeMethodAccessorImpl.invoke0(Native Method)
	at sun.reflect.NativeMethodAccessorImpl.invoke(NativeMethodAccessorImpl.java:62)
	at sun.reflect.DelegatingMethodAccessorImpl.invoke(DelegatingMethodAccessorImpl.java:43)
	at java.lang.reflect.Method.invoke(Method.java:498)
	at org.testng.internal.MethodInvocationHelper.invokeMethod(MethodInvocationHelper.java:108)
	at org.testng.internal.Invoker.invokeMethod(Invoker.java:661)
	at org.testng.internal.Invoker.invokeTestMethod(Invoker.java:869)
	at org.testng.internal.Invoker.invokeTestMethods(Invoker.java:1193)
	at org.testng.internal.TestMethodWorker.invokeTestMethods(TestMethodWorker.java:126)
	at org.testng.internal.TestMethodWorker.run(TestMethodWorker.java:109)
	at org.testng.TestRunner.privateRun(TestRunner.java:744)
	at org.testng.TestRunner.run(TestRunner.java:602)
	at org.testng.SuiteRunner.runTest(SuiteRunner.java:380)
	at org.testng.SuiteRunner.runSequentially(SuiteRunner.java:375)
	at org.testng.SuiteRunner.privateRun(SuiteRunner.java:340)
	at org.testng.SuiteRunner.run(SuiteRunner.java:289)
	at org.testng.SuiteRunnerWorker.runSuite(SuiteRunnerWorker.java:52)
	at org.testng.SuiteRunnerWorker.run(SuiteRunnerWorker.java:86)
	at org.testng.TestNG.runSuitesSequentially(TestNG.java:1301)
	at org.testng.TestNG.runSuitesLocally(TestNG.java:1226)
	at org.testng.TestNG.runSuites(TestNG.java:1144)
	at org.testng.TestNG.run(TestNG.java:1115)
	at org.apache.maven.surefire.testng.TestNGExecutor.run(TestNGExecutor.java:77)
	at org.apache.maven.surefire.testng.TestNGDirectoryTestSuite.executeMulti(TestNGDirectoryTestSuite.java:159)
	at org.apache.maven.surefire.testng.TestNGDirectoryTestSuite.execute(TestNGDirectoryTestSuite.java:99)
	at org.apache.maven.surefire.testng.TestNGProvider.invoke(TestNGProvider.java:106)
	at sun.reflect.NativeMethodAccessorImpl.invoke0(Native Method)
	at sun.reflect.NativeMethodAccessorImpl.invoke(NativeMethodAccessorImpl.java:62)
	at sun.reflect.DelegatingMethodAccessorImpl.invoke(DelegatingMethodAccessorImpl.java:43)
	at java.lang.reflect.Method.invoke(Method.java:498)
	at org.apache.maven.surefire.util.ReflectionUtils.invokeMethodWithArray(ReflectionUtils.java:189)
	at org.apache.maven.surefire.booter.ProviderFactory$ProviderProxy.invoke(ProviderFactory.java:165)
	at org.apache.maven.surefire.booter.ProviderFactory.invokeProvider(ProviderFactory.java:85)
	at org.apache.maven.surefire.booter.ForkedBooter.runSuitesInProcess(ForkedBooter.java:115)
	at org.apache.maven.surefire.booter.ForkedBooter.main(ForkedBooter.java:75)
]]>
    </failure>
  </testcase> <!-- TestAboutShare70 -->
  <testcase name="TestAboutShare26" time="4.125" classname="Tests.BlogTest"/>
  <testcase name="TestAboutShare66" time="4.215" classname="Tests.BlogTest">
    <failure type="java.lang.AssertionError" message="The following asserts failed:
	expected [Семестр университета в Украине стоит недешево и даже если речь идет о бюджетной форме, расходов не избежать: канцелярия, учебники, аренда жилья, оплата курсов и даже проезд домой. Где взять деньги и что делать, если они нужны уже сегодня?] but found [Когда начинают звонить сотрудники коллекторской компании, начинаешь думать о том, насколько законны их действия и стоит ли им платить? Имеет ли банк право «подключить» к работе 3-х лиц, если процесс взыскания станет эффективнее?],
	expected [http://dev2.mycredit.com.ua/ru/blog/gde-vzyat-kredit-studentam-na-obuchenie/] but found [http://dev2.mycredit.com.ua/ru/blog/kak-ne-platit-kredit-kollektoram-v-ukraine/]">
      <![CDATA[java.lang.AssertionError: The following asserts failed:
	expected [Семестр университета в Украине стоит недешево и даже если речь идет о бюджетной форме, расходов не избежать: канцелярия, учебники, аренда жилья, оплата курсов и даже проезд домой. Где взять деньги и что делать, если они нужны уже сегодня?] but found [Когда начинают звонить сотрудники коллекторской компании, начинаешь думать о том, насколько законны их действия и стоит ли им платить? Имеет ли банк право «подключить» к работе 3-х лиц, если процесс взыскания станет эффективнее?],
	expected [http://dev2.mycredit.com.ua/ru/blog/gde-vzyat-kredit-studentam-na-obuchenie/] but found [http://dev2.mycredit.com.ua/ru/blog/kak-ne-platit-kredit-kollektoram-v-ukraine/]
	at org.testng.asserts.SoftAssert.assertAll(SoftAssert.java:43)
	at Tests.BlogTest.TestAboutShare66(BlogTest.java:881)
	at sun.reflect.NativeMethodAccessorImpl.invoke0(Native Method)
	at sun.reflect.NativeMethodAccessorImpl.invoke(NativeMethodAccessorImpl.java:62)
	at sun.reflect.DelegatingMethodAccessorImpl.invoke(DelegatingMethodAccessorImpl.java:43)
	at java.lang.reflect.Method.invoke(Method.java:498)
	at org.testng.internal.MethodInvocationHelper.invokeMethod(MethodInvocationHelper.java:108)
	at org.testng.internal.Invoker.invokeMethod(Invoker.java:661)
	at org.testng.internal.Invoker.invokeTestMethod(Invoker.java:869)
	at org.testng.internal.Invoker.invokeTestMethods(Invoker.java:1193)
	at org.testng.internal.TestMethodWorker.invokeTestMethods(TestMethodWorker.java:126)
	at org.testng.internal.TestMethodWorker.run(TestMethodWorker.java:109)
	at org.testng.TestRunner.privateRun(TestRunner.java:744)
	at org.testng.TestRunner.run(TestRunner.java:602)
	at org.testng.SuiteRunner.runTest(SuiteRunner.java:380)
	at org.testng.SuiteRunner.runSequentially(SuiteRunner.java:375)
	at org.testng.SuiteRunner.privateRun(SuiteRunner.java:340)
	at org.testng.SuiteRunner.run(SuiteRunner.java:289)
	at org.testng.SuiteRunnerWorker.runSuite(SuiteRunnerWorker.java:52)
	at org.testng.SuiteRunnerWorker.run(SuiteRunnerWorker.java:86)
	at org.testng.TestNG.runSuitesSequentially(TestNG.java:1301)
	at org.testng.TestNG.runSuitesLocally(TestNG.java:1226)
	at org.testng.TestNG.runSuites(TestNG.java:1144)
	at org.testng.TestNG.run(TestNG.java:1115)
	at org.apache.maven.surefire.testng.TestNGExecutor.run(TestNGExecutor.java:77)
	at org.apache.maven.surefire.testng.TestNGDirectoryTestSuite.executeMulti(TestNGDirectoryTestSuite.java:159)
	at org.apache.maven.surefire.testng.TestNGDirectoryTestSuite.execute(TestNGDirectoryTestSuite.java:99)
	at org.apache.maven.surefire.testng.TestNGProvider.invoke(TestNGProvider.java:106)
	at sun.reflect.NativeMethodAccessorImpl.invoke0(Native Method)
	at sun.reflect.NativeMethodAccessorImpl.invoke(NativeMethodAccessorImpl.java:62)
	at sun.reflect.DelegatingMethodAccessorImpl.invoke(DelegatingMethodAccessorImpl.java:43)
	at java.lang.reflect.Method.invoke(Method.java:498)
	at org.apache.maven.surefire.util.ReflectionUtils.invokeMethodWithArray(ReflectionUtils.java:189)
	at org.apache.maven.surefire.booter.ProviderFactory$ProviderProxy.invoke(ProviderFactory.java:165)
	at org.apache.maven.surefire.booter.ProviderFactory.invokeProvider(ProviderFactory.java:85)
	at org.apache.maven.surefire.booter.ForkedBooter.runSuitesInProcess(ForkedBooter.java:115)
	at org.apache.maven.surefire.booter.ForkedBooter.main(ForkedBooter.java:75)
]]>
    </failure>
  </testcase> <!-- TestAboutShare66 -->
  <testcase name="TestAboutShare8" time="4.070" classname="Tests.BlogTest">
    <failure type="java.lang.AssertionError" message="The following asserts failed:
	expected [Семестр университета в Украине стоит недешево и даже если речь идет о бюджетной форме, расходов не избежать: канцелярия, учебники, аренда жилья, оплата курсов и даже проезд домой. Где взять деньги и что делать, если они нужны уже сегодня?] but found [Когда начинают звонить сотрудники коллекторской компании, начинаешь думать о том, насколько законны их действия и стоит ли им платить? Имеет ли банк право «подключить» к работе 3-х лиц, если процесс взыскания станет эффективнее?],
	expected [http://dev2.mycredit.com.ua/ru/blog/gde-vzyat-kredit-studentam-na-obuchenie/] but found [http://dev2.mycredit.com.ua/ru/blog/kak-ne-platit-kredit-kollektoram-v-ukraine/]">
      <![CDATA[java.lang.AssertionError: The following asserts failed:
	expected [Семестр университета в Украине стоит недешево и даже если речь идет о бюджетной форме, расходов не избежать: канцелярия, учебники, аренда жилья, оплата курсов и даже проезд домой. Где взять деньги и что делать, если они нужны уже сегодня?] but found [Когда начинают звонить сотрудники коллекторской компании, начинаешь думать о том, насколько законны их действия и стоит ли им платить? Имеет ли банк право «подключить» к работе 3-х лиц, если процесс взыскания станет эффективнее?],
	expected [http://dev2.mycredit.com.ua/ru/blog/gde-vzyat-kredit-studentam-na-obuchenie/] but found [http://dev2.mycredit.com.ua/ru/blog/kak-ne-platit-kredit-kollektoram-v-ukraine/]
	at org.testng.asserts.SoftAssert.assertAll(SoftAssert.java:43)
	at Tests.BlogTest.TestAboutShare8(BlogTest.java:162)
	at sun.reflect.NativeMethodAccessorImpl.invoke0(Native Method)
	at sun.reflect.NativeMethodAccessorImpl.invoke(NativeMethodAccessorImpl.java:62)
	at sun.reflect.DelegatingMethodAccessorImpl.invoke(DelegatingMethodAccessorImpl.java:43)
	at java.lang.reflect.Method.invoke(Method.java:498)
	at org.testng.internal.MethodInvocationHelper.invokeMethod(MethodInvocationHelper.java:108)
	at org.testng.internal.Invoker.invokeMethod(Invoker.java:661)
	at org.testng.internal.Invoker.invokeTestMethod(Invoker.java:869)
	at org.testng.internal.Invoker.invokeTestMethods(Invoker.java:1193)
	at org.testng.internal.TestMethodWorker.invokeTestMethods(TestMethodWorker.java:126)
	at org.testng.internal.TestMethodWorker.run(TestMethodWorker.java:109)
	at org.testng.TestRunner.privateRun(TestRunner.java:744)
	at org.testng.TestRunner.run(TestRunner.java:602)
	at org.testng.SuiteRunner.runTest(SuiteRunner.java:380)
	at org.testng.SuiteRunner.runSequentially(SuiteRunner.java:375)
	at org.testng.SuiteRunner.privateRun(SuiteRunner.java:340)
	at org.testng.SuiteRunner.run(SuiteRunner.java:289)
	at org.testng.SuiteRunnerWorker.runSuite(SuiteRunnerWorker.java:52)
	at org.testng.SuiteRunnerWorker.run(SuiteRunnerWorker.java:86)
	at org.testng.TestNG.runSuitesSequentially(TestNG.java:1301)
	at org.testng.TestNG.runSuitesLocally(TestNG.java:1226)
	at org.testng.TestNG.runSuites(TestNG.java:1144)
	at org.testng.TestNG.run(TestNG.java:1115)
	at org.apache.maven.surefire.testng.TestNGExecutor.run(TestNGExecutor.java:77)
	at org.apache.maven.surefire.testng.TestNGDirectoryTestSuite.executeMulti(TestNGDirectoryTestSuite.java:159)
	at org.apache.maven.surefire.testng.TestNGDirectoryTestSuite.execute(TestNGDirectoryTestSuite.java:99)
	at org.apache.maven.surefire.testng.TestNGProvider.invoke(TestNGProvider.java:106)
	at sun.reflect.NativeMethodAccessorImpl.invoke0(Native Method)
	at sun.reflect.NativeMethodAccessorImpl.invoke(NativeMethodAccessorImpl.java:62)
	at sun.reflect.DelegatingMethodAccessorImpl.invoke(DelegatingMethodAccessorImpl.java:43)
	at java.lang.reflect.Method.invoke(Method.java:498)
	at org.apache.maven.surefire.util.ReflectionUtils.invokeMethodWithArray(ReflectionUtils.java:189)
	at org.apache.maven.surefire.booter.ProviderFactory$ProviderProxy.invoke(ProviderFactory.java:165)
	at org.apache.maven.surefire.booter.ProviderFactory.invokeProvider(ProviderFactory.java:85)
	at org.apache.maven.surefire.booter.ForkedBooter.runSuitesInProcess(ForkedBooter.java:115)
	at org.apache.maven.surefire.booter.ForkedBooter.main(ForkedBooter.java:75)
]]>
    </failure>
  </testcase> <!-- TestAboutShare8 -->
  <testcase name="TestAboutShare54" time="4.112" classname="Tests.BlogTest">
    <failure type="java.lang.AssertionError" message="The following asserts failed:
	expected [Семестр университета в Украине стоит недешево и даже если речь идет о бюджетной форме, расходов не избежать: канцелярия, учебники, аренда жилья, оплата курсов и даже проезд домой. Где взять деньги и что делать, если они нужны уже сегодня?] but found [Когда начинают звонить сотрудники коллекторской компании, начинаешь думать о том, насколько законны их действия и стоит ли им платить? Имеет ли банк право «подключить» к работе 3-х лиц, если процесс взыскания станет эффективнее?],
	expected [http://dev2.mycredit.com.ua/ru/blog/gde-vzyat-kredit-studentam-na-obuchenie/] but found [http://dev2.mycredit.com.ua/ru/blog/kak-ne-platit-kredit-kollektoram-v-ukraine/]">
      <![CDATA[java.lang.AssertionError: The following asserts failed:
	expected [Семестр университета в Украине стоит недешево и даже если речь идет о бюджетной форме, расходов не избежать: канцелярия, учебники, аренда жилья, оплата курсов и даже проезд домой. Где взять деньги и что делать, если они нужны уже сегодня?] but found [Когда начинают звонить сотрудники коллекторской компании, начинаешь думать о том, насколько законны их действия и стоит ли им платить? Имеет ли банк право «подключить» к работе 3-х лиц, если процесс взыскания станет эффективнее?],
	expected [http://dev2.mycredit.com.ua/ru/blog/gde-vzyat-kredit-studentam-na-obuchenie/] but found [http://dev2.mycredit.com.ua/ru/blog/kak-ne-platit-kredit-kollektoram-v-ukraine/]
	at org.testng.asserts.SoftAssert.assertAll(SoftAssert.java:43)
	at Tests.BlogTest.TestAboutShare54(BlogTest.java:731)
	at sun.reflect.NativeMethodAccessorImpl.invoke0(Native Method)
	at sun.reflect.NativeMethodAccessorImpl.invoke(NativeMethodAccessorImpl.java:62)
	at sun.reflect.DelegatingMethodAccessorImpl.invoke(DelegatingMethodAccessorImpl.java:43)
	at java.lang.reflect.Method.invoke(Method.java:498)
	at org.testng.internal.MethodInvocationHelper.invokeMethod(MethodInvocationHelper.java:108)
	at org.testng.internal.Invoker.invokeMethod(Invoker.java:661)
	at org.testng.internal.Invoker.invokeTestMethod(Invoker.java:869)
	at org.testng.internal.Invoker.invokeTestMethods(Invoker.java:1193)
	at org.testng.internal.TestMethodWorker.invokeTestMethods(TestMethodWorker.java:126)
	at org.testng.internal.TestMethodWorker.run(TestMethodWorker.java:109)
	at org.testng.TestRunner.privateRun(TestRunner.java:744)
	at org.testng.TestRunner.run(TestRunner.java:602)
	at org.testng.SuiteRunner.runTest(SuiteRunner.java:380)
	at org.testng.SuiteRunner.runSequentially(SuiteRunner.java:375)
	at org.testng.SuiteRunner.privateRun(SuiteRunner.java:340)
	at org.testng.SuiteRunner.run(SuiteRunner.java:289)
	at org.testng.SuiteRunnerWorker.runSuite(SuiteRunnerWorker.java:52)
	at org.testng.SuiteRunnerWorker.run(SuiteRunnerWorker.java:86)
	at org.testng.TestNG.runSuitesSequentially(TestNG.java:1301)
	at org.testng.TestNG.runSuitesLocally(TestNG.java:1226)
	at org.testng.TestNG.runSuites(TestNG.java:1144)
	at org.testng.TestNG.run(TestNG.java:1115)
	at org.apache.maven.surefire.testng.TestNGExecutor.run(TestNGExecutor.java:77)
	at org.apache.maven.surefire.testng.TestNGDirectoryTestSuite.executeMulti(TestNGDirectoryTestSuite.java:159)
	at org.apache.maven.surefire.testng.TestNGDirectoryTestSuite.execute(TestNGDirectoryTestSuite.java:99)
	at org.apache.maven.surefire.testng.TestNGProvider.invoke(TestNGProvider.java:106)
	at sun.reflect.NativeMethodAccessorImpl.invoke0(Native Method)
	at sun.reflect.NativeMethodAccessorImpl.invoke(NativeMethodAccessorImpl.java:62)
	at sun.reflect.DelegatingMethodAccessorImpl.invoke(DelegatingMethodAccessorImpl.java:43)
	at java.lang.reflect.Method.invoke(Method.java:498)
	at org.apache.maven.surefire.util.ReflectionUtils.invokeMethodWithArray(ReflectionUtils.java:189)
	at org.apache.maven.surefire.booter.ProviderFactory$ProviderProxy.invoke(ProviderFactory.java:165)
	at org.apache.maven.surefire.booter.ProviderFactory.invokeProvider(ProviderFactory.java:85)
	at org.apache.maven.surefire.booter.ForkedBooter.runSuitesInProcess(ForkedBooter.java:115)
	at org.apache.maven.surefire.booter.ForkedBooter.main(ForkedBooter.java:75)
]]>
    </failure>
  </testcase> <!-- TestAboutShare54 -->
  <testcase name="TestAboutShare78" time="4.277" classname="Tests.BlogTest">
    <failure type="java.lang.AssertionError" message="The following asserts failed:
	expected [Семестр университета в Украине стоит недешево и даже если речь идет о бюджетной форме, расходов не избежать: канцелярия, учебники, аренда жилья, оплата курсов и даже проезд домой. Где взять деньги и что делать, если они нужны уже сегодня?] but found [Когда начинают звонить сотрудники коллекторской компании, начинаешь думать о том, насколько законны их действия и стоит ли им платить? Имеет ли банк право «подключить» к работе 3-х лиц, если процесс взыскания станет эффективнее?],
	expected [http://dev2.mycredit.com.ua/ru/blog/gde-vzyat-kredit-studentam-na-obuchenie/] but found [http://dev2.mycredit.com.ua/ru/blog/kak-ne-platit-kredit-kollektoram-v-ukraine/]">
      <![CDATA[java.lang.AssertionError: The following asserts failed:
	expected [Семестр университета в Украине стоит недешево и даже если речь идет о бюджетной форме, расходов не избежать: канцелярия, учебники, аренда жилья, оплата курсов и даже проезд домой. Где взять деньги и что делать, если они нужны уже сегодня?] but found [Когда начинают звонить сотрудники коллекторской компании, начинаешь думать о том, насколько законны их действия и стоит ли им платить? Имеет ли банк право «подключить» к работе 3-х лиц, если процесс взыскания станет эффективнее?],
	expected [http://dev2.mycredit.com.ua/ru/blog/gde-vzyat-kredit-studentam-na-obuchenie/] but found [http://dev2.mycredit.com.ua/ru/blog/kak-ne-platit-kredit-kollektoram-v-ukraine/]
	at org.testng.asserts.SoftAssert.assertAll(SoftAssert.java:43)
	at Tests.BlogTest.TestAboutShare78(BlogTest.java:1031)
	at sun.reflect.NativeMethodAccessorImpl.invoke0(Native Method)
	at sun.reflect.NativeMethodAccessorImpl.invoke(NativeMethodAccessorImpl.java:62)
	at sun.reflect.DelegatingMethodAccessorImpl.invoke(DelegatingMethodAccessorImpl.java:43)
	at java.lang.reflect.Method.invoke(Method.java:498)
	at org.testng.internal.MethodInvocationHelper.invokeMethod(MethodInvocationHelper.java:108)
	at org.testng.internal.Invoker.invokeMethod(Invoker.java:661)
	at org.testng.internal.Invoker.invokeTestMethod(Invoker.java:869)
	at org.testng.internal.Invoker.invokeTestMethods(Invoker.java:1193)
	at org.testng.internal.TestMethodWorker.invokeTestMethods(TestMethodWorker.java:126)
	at org.testng.internal.TestMethodWorker.run(TestMethodWorker.java:109)
	at org.testng.TestRunner.privateRun(TestRunner.java:744)
	at org.testng.TestRunner.run(TestRunner.java:602)
	at org.testng.SuiteRunner.runTest(SuiteRunner.java:380)
	at org.testng.SuiteRunner.runSequentially(SuiteRunner.java:375)
	at org.testng.SuiteRunner.privateRun(SuiteRunner.java:340)
	at org.testng.SuiteRunner.run(SuiteRunner.java:289)
	at org.testng.SuiteRunnerWorker.runSuite(SuiteRunnerWorker.java:52)
	at org.testng.SuiteRunnerWorker.run(SuiteRunnerWorker.java:86)
	at org.testng.TestNG.runSuitesSequentially(TestNG.java:1301)
	at org.testng.TestNG.runSuitesLocally(TestNG.java:1226)
	at org.testng.TestNG.runSuites(TestNG.java:1144)
	at org.testng.TestNG.run(TestNG.java:1115)
	at org.apache.maven.surefire.testng.TestNGExecutor.run(TestNGExecutor.java:77)
	at org.apache.maven.surefire.testng.TestNGDirectoryTestSuite.executeMulti(TestNGDirectoryTestSuite.java:159)
	at org.apache.maven.surefire.testng.TestNGDirectoryTestSuite.execute(TestNGDirectoryTestSuite.java:99)
	at org.apache.maven.surefire.testng.TestNGProvider.invoke(TestNGProvider.java:106)
	at sun.reflect.NativeMethodAccessorImpl.invoke0(Native Method)
	at sun.reflect.NativeMethodAccessorImpl.invoke(NativeMethodAccessorImpl.java:62)
	at sun.reflect.DelegatingMethodAccessorImpl.invoke(DelegatingMethodAccessorImpl.java:43)
	at java.lang.reflect.Method.invoke(Method.java:498)
	at org.apache.maven.surefire.util.ReflectionUtils.invokeMethodWithArray(ReflectionUtils.java:189)
	at org.apache.maven.surefire.booter.ProviderFactory$ProviderProxy.invoke(ProviderFactory.java:165)
	at org.apache.maven.surefire.booter.ProviderFactory.invokeProvider(ProviderFactory.java:85)
	at org.apache.maven.surefire.booter.ForkedBooter.runSuitesInProcess(ForkedBooter.java:115)
	at org.apache.maven.surefire.booter.ForkedBooter.main(ForkedBooter.java:75)
]]>
    </failure>
  </testcase> <!-- TestAboutShare78 -->
  <testcase name="TestAboutShare80" time="4.134" classname="Tests.BlogTest">
    <failure type="java.lang.AssertionError" message="The following asserts failed:
	expected [Семестр университета в Украине стоит недешево и даже если речь идет о бюджетной форме, расходов не избежать: канцелярия, учебники, аренда жилья, оплата курсов и даже проезд домой. Где взять деньги и что делать, если они нужны уже сегодня?] but found [Когда начинают звонить сотрудники коллекторской компании, начинаешь думать о том, насколько законны их действия и стоит ли им платить? Имеет ли банк право «подключить» к работе 3-х лиц, если процесс взыскания станет эффективнее?],
	expected [http://dev2.mycredit.com.ua/ru/blog/gde-vzyat-kredit-studentam-na-obuchenie/] but found [http://dev2.mycredit.com.ua/ru/blog/kak-ne-platit-kredit-kollektoram-v-ukraine/]">
      <![CDATA[java.lang.AssertionError: The following asserts failed:
	expected [Семестр университета в Украине стоит недешево и даже если речь идет о бюджетной форме, расходов не избежать: канцелярия, учебники, аренда жилья, оплата курсов и даже проезд домой. Где взять деньги и что делать, если они нужны уже сегодня?] but found [Когда начинают звонить сотрудники коллекторской компании, начинаешь думать о том, насколько законны их действия и стоит ли им платить? Имеет ли банк право «подключить» к работе 3-х лиц, если процесс взыскания станет эффективнее?],
	expected [http://dev2.mycredit.com.ua/ru/blog/gde-vzyat-kredit-studentam-na-obuchenie/] but found [http://dev2.mycredit.com.ua/ru/blog/kak-ne-platit-kredit-kollektoram-v-ukraine/]
	at org.testng.asserts.SoftAssert.assertAll(SoftAssert.java:43)
	at Tests.BlogTest.TestAboutShare80(BlogTest.java:1062)
	at sun.reflect.NativeMethodAccessorImpl.invoke0(Native Method)
	at sun.reflect.NativeMethodAccessorImpl.invoke(NativeMethodAccessorImpl.java:62)
	at sun.reflect.DelegatingMethodAccessorImpl.invoke(DelegatingMethodAccessorImpl.java:43)
	at java.lang.reflect.Method.invoke(Method.java:498)
	at org.testng.internal.MethodInvocationHelper.invokeMethod(MethodInvocationHelper.java:108)
	at org.testng.internal.Invoker.invokeMethod(Invoker.java:661)
	at org.testng.internal.Invoker.invokeTestMethod(Invoker.java:869)
	at org.testng.internal.Invoker.invokeTestMethods(Invoker.java:1193)
	at org.testng.internal.TestMethodWorker.invokeTestMethods(TestMethodWorker.java:126)
	at org.testng.internal.TestMethodWorker.run(TestMethodWorker.java:109)
	at org.testng.TestRunner.privateRun(TestRunner.java:744)
	at org.testng.TestRunner.run(TestRunner.java:602)
	at org.testng.SuiteRunner.runTest(SuiteRunner.java:380)
	at org.testng.SuiteRunner.runSequentially(SuiteRunner.java:375)
	at org.testng.SuiteRunner.privateRun(SuiteRunner.java:340)
	at org.testng.SuiteRunner.run(SuiteRunner.java:289)
	at org.testng.SuiteRunnerWorker.runSuite(SuiteRunnerWorker.java:52)
	at org.testng.SuiteRunnerWorker.run(SuiteRunnerWorker.java:86)
	at org.testng.TestNG.runSuitesSequentially(TestNG.java:1301)
	at org.testng.TestNG.runSuitesLocally(TestNG.java:1226)
	at org.testng.TestNG.runSuites(TestNG.java:1144)
	at org.testng.TestNG.run(TestNG.java:1115)
	at org.apache.maven.surefire.testng.TestNGExecutor.run(TestNGExecutor.java:77)
	at org.apache.maven.surefire.testng.TestNGDirectoryTestSuite.executeMulti(TestNGDirectoryTestSuite.java:159)
	at org.apache.maven.surefire.testng.TestNGDirectoryTestSuite.execute(TestNGDirectoryTestSuite.java:99)
	at org.apache.maven.surefire.testng.TestNGProvider.invoke(TestNGProvider.java:106)
	at sun.reflect.NativeMethodAccessorImpl.invoke0(Native Method)
	at sun.reflect.NativeMethodAccessorImpl.invoke(NativeMethodAccessorImpl.java:62)
	at sun.reflect.DelegatingMethodAccessorImpl.invoke(DelegatingMethodAccessorImpl.java:43)
	at java.lang.reflect.Method.invoke(Method.java:498)
	at org.apache.maven.surefire.util.ReflectionUtils.invokeMethodWithArray(ReflectionUtils.java:189)
	at org.apache.maven.surefire.booter.ProviderFactory$ProviderProxy.invoke(ProviderFactory.java:165)
	at org.apache.maven.surefire.booter.ProviderFactory.invokeProvider(ProviderFactory.java:85)
	at org.apache.maven.surefire.booter.ForkedBooter.runSuitesInProcess(ForkedBooter.java:115)
	at org.apache.maven.surefire.booter.ForkedBooter.main(ForkedBooter.java:75)
]]>
    </failure>
  </testcase> <!-- TestAboutShare80 -->
  <testcase name="TestAboutShare43" time="4.266" classname="Tests.BlogTest">
    <failure type="java.lang.AssertionError" message="The following asserts failed:
	expected [Семестр университета в Украине стоит недешево и даже если речь идет о бюджетной форме, расходов не избежать: канцелярия, учебники, аренда жилья, оплата курсов и даже проезд домой. Где взять деньги и что делать, если они нужны уже сегодня?] but found [Когда начинают звонить сотрудники коллекторской компании, начинаешь думать о том, насколько законны их действия и стоит ли им платить? Имеет ли банк право «подключить» к работе 3-х лиц, если процесс взыскания станет эффективнее?],
	expected [http://dev2.mycredit.com.ua/ru/blog/gde-vzyat-kredit-studentam-na-obuchenie/] but found [http://dev2.mycredit.com.ua/ru/blog/kak-ne-platit-kredit-kollektoram-v-ukraine/]">
      <![CDATA[java.lang.AssertionError: The following asserts failed:
	expected [Семестр университета в Украине стоит недешево и даже если речь идет о бюджетной форме, расходов не избежать: канцелярия, учебники, аренда жилья, оплата курсов и даже проезд домой. Где взять деньги и что делать, если они нужны уже сегодня?] but found [Когда начинают звонить сотрудники коллекторской компании, начинаешь думать о том, насколько законны их действия и стоит ли им платить? Имеет ли банк право «подключить» к работе 3-х лиц, если процесс взыскания станет эффективнее?],
	expected [http://dev2.mycredit.com.ua/ru/blog/gde-vzyat-kredit-studentam-na-obuchenie/] but found [http://dev2.mycredit.com.ua/ru/blog/kak-ne-platit-kredit-kollektoram-v-ukraine/]
	at org.testng.asserts.SoftAssert.assertAll(SoftAssert.java:43)
	at Tests.BlogTest.TestAboutShare43(BlogTest.java:601)
	at sun.reflect.NativeMethodAccessorImpl.invoke0(Native Method)
	at sun.reflect.NativeMethodAccessorImpl.invoke(NativeMethodAccessorImpl.java:62)
	at sun.reflect.DelegatingMethodAccessorImpl.invoke(DelegatingMethodAccessorImpl.java:43)
	at java.lang.reflect.Method.invoke(Method.java:498)
	at org.testng.internal.MethodInvocationHelper.invokeMethod(MethodInvocationHelper.java:108)
	at org.testng.internal.Invoker.invokeMethod(Invoker.java:661)
	at org.testng.internal.Invoker.invokeTestMethod(Invoker.java:869)
	at org.testng.internal.Invoker.invokeTestMethods(Invoker.java:1193)
	at org.testng.internal.TestMethodWorker.invokeTestMethods(TestMethodWorker.java:126)
	at org.testng.internal.TestMethodWorker.run(TestMethodWorker.java:109)
	at org.testng.TestRunner.privateRun(TestRunner.java:744)
	at org.testng.TestRunner.run(TestRunner.java:602)
	at org.testng.SuiteRunner.runTest(SuiteRunner.java:380)
	at org.testng.SuiteRunner.runSequentially(SuiteRunner.java:375)
	at org.testng.SuiteRunner.privateRun(SuiteRunner.java:340)
	at org.testng.SuiteRunner.run(SuiteRunner.java:289)
	at org.testng.SuiteRunnerWorker.runSuite(SuiteRunnerWorker.java:52)
	at org.testng.SuiteRunnerWorker.run(SuiteRunnerWorker.java:86)
	at org.testng.TestNG.runSuitesSequentially(TestNG.java:1301)
	at org.testng.TestNG.runSuitesLocally(TestNG.java:1226)
	at org.testng.TestNG.runSuites(TestNG.java:1144)
	at org.testng.TestNG.run(TestNG.java:1115)
	at org.apache.maven.surefire.testng.TestNGExecutor.run(TestNGExecutor.java:77)
	at org.apache.maven.surefire.testng.TestNGDirectoryTestSuite.executeMulti(TestNGDirectoryTestSuite.java:159)
	at org.apache.maven.surefire.testng.TestNGDirectoryTestSuite.execute(TestNGDirectoryTestSuite.java:99)
	at org.apache.maven.surefire.testng.TestNGProvider.invoke(TestNGProvider.java:106)
	at sun.reflect.NativeMethodAccessorImpl.invoke0(Native Method)
	at sun.reflect.NativeMethodAccessorImpl.invoke(NativeMethodAccessorImpl.java:62)
	at sun.reflect.DelegatingMethodAccessorImpl.invoke(DelegatingMethodAccessorImpl.java:43)
	at java.lang.reflect.Method.invoke(Method.java:498)
	at org.apache.maven.surefire.util.ReflectionUtils.invokeMethodWithArray(ReflectionUtils.java:189)
	at org.apache.maven.surefire.booter.ProviderFactory$ProviderProxy.invoke(ProviderFactory.java:165)
	at org.apache.maven.surefire.booter.ProviderFactory.invokeProvider(ProviderFactory.java:85)
	at org.apache.maven.surefire.booter.ForkedBooter.runSuitesInProcess(ForkedBooter.java:115)
	at org.apache.maven.surefire.booter.ForkedBooter.main(ForkedBooter.java:75)
]]>
    </failure>
  </testcase> <!-- TestAboutShare43 -->
  <testcase name="TestAboutShare19" time="4.136" classname="Tests.BlogTest"/>
  <testcase name="TestAboutShare42" time="4.222" classname="Tests.BlogTest">
    <failure type="java.lang.AssertionError" message="The following asserts failed:
	expected [Семестр университета в Украине стоит недешево и даже если речь идет о бюджетной форме, расходов не избежать: канцелярия, учебники, аренда жилья, оплата курсов и даже проезд домой. Где взять деньги и что делать, если они нужны уже сегодня?] but found [Когда начинают звонить сотрудники коллекторской компании, начинаешь думать о том, насколько законны их действия и стоит ли им платить? Имеет ли банк право «подключить» к работе 3-х лиц, если процесс взыскания станет эффективнее?],
	expected [http://dev2.mycredit.com.ua/ru/blog/gde-vzyat-kredit-studentam-na-obuchenie/] but found [http://dev2.mycredit.com.ua/ru/blog/kak-ne-platit-kredit-kollektoram-v-ukraine/]">
      <![CDATA[java.lang.AssertionError: The following asserts failed:
	expected [Семестр университета в Украине стоит недешево и даже если речь идет о бюджетной форме, расходов не избежать: канцелярия, учебники, аренда жилья, оплата курсов и даже проезд домой. Где взять деньги и что делать, если они нужны уже сегодня?] but found [Когда начинают звонить сотрудники коллекторской компании, начинаешь думать о том, насколько законны их действия и стоит ли им платить? Имеет ли банк право «подключить» к работе 3-х лиц, если процесс взыскания станет эффективнее?],
	expected [http://dev2.mycredit.com.ua/ru/blog/gde-vzyat-kredit-studentam-na-obuchenie/] but found [http://dev2.mycredit.com.ua/ru/blog/kak-ne-platit-kredit-kollektoram-v-ukraine/]
	at org.testng.asserts.SoftAssert.assertAll(SoftAssert.java:43)
	at Tests.BlogTest.TestAboutShare42(BlogTest.java:581)
	at sun.reflect.NativeMethodAccessorImpl.invoke0(Native Method)
	at sun.reflect.NativeMethodAccessorImpl.invoke(NativeMethodAccessorImpl.java:62)
	at sun.reflect.DelegatingMethodAccessorImpl.invoke(DelegatingMethodAccessorImpl.java:43)
	at java.lang.reflect.Method.invoke(Method.java:498)
	at org.testng.internal.MethodInvocationHelper.invokeMethod(MethodInvocationHelper.java:108)
	at org.testng.internal.Invoker.invokeMethod(Invoker.java:661)
	at org.testng.internal.Invoker.invokeTestMethod(Invoker.java:869)
	at org.testng.internal.Invoker.invokeTestMethods(Invoker.java:1193)
	at org.testng.internal.TestMethodWorker.invokeTestMethods(TestMethodWorker.java:126)
	at org.testng.internal.TestMethodWorker.run(TestMethodWorker.java:109)
	at org.testng.TestRunner.privateRun(TestRunner.java:744)
	at org.testng.TestRunner.run(TestRunner.java:602)
	at org.testng.SuiteRunner.runTest(SuiteRunner.java:380)
	at org.testng.SuiteRunner.runSequentially(SuiteRunner.java:375)
	at org.testng.SuiteRunner.privateRun(SuiteRunner.java:340)
	at org.testng.SuiteRunner.run(SuiteRunner.java:289)
	at org.testng.SuiteRunnerWorker.runSuite(SuiteRunnerWorker.java:52)
	at org.testng.SuiteRunnerWorker.run(SuiteRunnerWorker.java:86)
	at org.testng.TestNG.runSuitesSequentially(TestNG.java:1301)
	at org.testng.TestNG.runSuitesLocally(TestNG.java:1226)
	at org.testng.TestNG.runSuites(TestNG.java:1144)
	at org.testng.TestNG.run(TestNG.java:1115)
	at org.apache.maven.surefire.testng.TestNGExecutor.run(TestNGExecutor.java:77)
	at org.apache.maven.surefire.testng.TestNGDirectoryTestSuite.executeMulti(TestNGDirectoryTestSuite.java:159)
	at org.apache.maven.surefire.testng.TestNGDirectoryTestSuite.execute(TestNGDirectoryTestSuite.java:99)
	at org.apache.maven.surefire.testng.TestNGProvider.invoke(TestNGProvider.java:106)
	at sun.reflect.NativeMethodAccessorImpl.invoke0(Native Method)
	at sun.reflect.NativeMethodAccessorImpl.invoke(NativeMethodAccessorImpl.java:62)
	at sun.reflect.DelegatingMethodAccessorImpl.invoke(DelegatingMethodAccessorImpl.java:43)
	at java.lang.reflect.Method.invoke(Method.java:498)
	at org.apache.maven.surefire.util.ReflectionUtils.invokeMethodWithArray(ReflectionUtils.java:189)
	at org.apache.maven.surefire.booter.ProviderFactory$ProviderProxy.invoke(ProviderFactory.java:165)
	at org.apache.maven.surefire.booter.ProviderFactory.invokeProvider(ProviderFactory.java:85)
	at org.apache.maven.surefire.booter.ForkedBooter.runSuitesInProcess(ForkedBooter.java:115)
	at org.apache.maven.surefire.booter.ForkedBooter.main(ForkedBooter.java:75)
]]>
    </failure>
  </testcase> <!-- TestAboutShare42 -->
  <testcase name="TestButtonFourteen" time="2.548" classname="Tests.BlogTest">
    <failure type="java.lang.AssertionError" message="The following asserts failed:
	expected [Семестр университета в Украине стоит недешево и даже если речь идет о бюджетной форме, расходов не избежать: канцелярия, учебники, аренда жилья, оплата курсов и даже проезд домой. Где взять деньги и что делать, если они нужны уже сегодня?] but found [Когда начинают звонить сотрудники коллекторской компании, начинаешь думать о том, насколько законны их действия и стоит ли им платить? Имеет ли банк право «подключить» к работе 3-х лиц, если процесс взыскания станет эффективнее?],
	expected [http://dev2.mycredit.com.ua/ru/blog/gde-vzyat-kredit-studentam-na-obuchenie/] but found [http://dev2.mycredit.com.ua/ru/blog/kak-ne-platit-kredit-kollektoram-v-ukraine/]">
      <![CDATA[java.lang.AssertionError: The following asserts failed:
	expected [Семестр университета в Украине стоит недешево и даже если речь идет о бюджетной форме, расходов не избежать: канцелярия, учебники, аренда жилья, оплата курсов и даже проезд домой. Где взять деньги и что делать, если они нужны уже сегодня?] but found [Когда начинают звонить сотрудники коллекторской компании, начинаешь думать о том, насколько законны их действия и стоит ли им платить? Имеет ли банк право «подключить» к работе 3-х лиц, если процесс взыскания станет эффективнее?],
	expected [http://dev2.mycredit.com.ua/ru/blog/gde-vzyat-kredit-studentam-na-obuchenie/] but found [http://dev2.mycredit.com.ua/ru/blog/kak-ne-platit-kredit-kollektoram-v-ukraine/]
	at org.testng.asserts.SoftAssert.assertAll(SoftAssert.java:43)
	at Tests.BlogTest.TestButtonFourteen(BlogTest.java:1040)
	at sun.reflect.NativeMethodAccessorImpl.invoke0(Native Method)
	at sun.reflect.NativeMethodAccessorImpl.invoke(NativeMethodAccessorImpl.java:62)
	at sun.reflect.DelegatingMethodAccessorImpl.invoke(DelegatingMethodAccessorImpl.java:43)
	at java.lang.reflect.Method.invoke(Method.java:498)
	at org.testng.internal.MethodInvocationHelper.invokeMethod(MethodInvocationHelper.java:108)
	at org.testng.internal.Invoker.invokeMethod(Invoker.java:661)
	at org.testng.internal.Invoker.invokeTestMethod(Invoker.java:869)
	at org.testng.internal.Invoker.invokeTestMethods(Invoker.java:1193)
	at org.testng.internal.TestMethodWorker.invokeTestMethods(TestMethodWorker.java:126)
	at org.testng.internal.TestMethodWorker.run(TestMethodWorker.java:109)
	at org.testng.TestRunner.privateRun(TestRunner.java:744)
	at org.testng.TestRunner.run(TestRunner.java:602)
	at org.testng.SuiteRunner.runTest(SuiteRunner.java:380)
	at org.testng.SuiteRunner.runSequentially(SuiteRunner.java:375)
	at org.testng.SuiteRunner.privateRun(SuiteRunner.java:340)
	at org.testng.SuiteRunner.run(SuiteRunner.java:289)
	at org.testng.SuiteRunnerWorker.runSuite(SuiteRunnerWorker.java:52)
	at org.testng.SuiteRunnerWorker.run(SuiteRunnerWorker.java:86)
	at org.testng.TestNG.runSuitesSequentially(TestNG.java:1301)
	at org.testng.TestNG.runSuitesLocally(TestNG.java:1226)
	at org.testng.TestNG.runSuites(TestNG.java:1144)
	at org.testng.TestNG.run(TestNG.java:1115)
	at org.apache.maven.surefire.testng.TestNGExecutor.run(TestNGExecutor.java:77)
	at org.apache.maven.surefire.testng.TestNGDirectoryTestSuite.executeMulti(TestNGDirectoryTestSuite.java:159)
	at org.apache.maven.surefire.testng.TestNGDirectoryTestSuite.execute(TestNGDirectoryTestSuite.java:99)
	at org.apache.maven.surefire.testng.TestNGProvider.invoke(TestNGProvider.java:106)
	at sun.reflect.NativeMethodAccessorImpl.invoke0(Native Method)
	at sun.reflect.NativeMethodAccessorImpl.invoke(NativeMethodAccessorImpl.java:62)
	at sun.reflect.DelegatingMethodAccessorImpl.invoke(DelegatingMethodAccessorImpl.java:43)
	at java.lang.reflect.Method.invoke(Method.java:498)
	at org.apache.maven.surefire.util.ReflectionUtils.invokeMethodWithArray(ReflectionUtils.java:189)
	at org.apache.maven.surefire.booter.ProviderFactory$ProviderProxy.invoke(ProviderFactory.java:165)
	at org.apache.maven.surefire.booter.ProviderFactory.invokeProvider(ProviderFactory.java:85)
	at org.apache.maven.surefire.booter.ForkedBooter.runSuitesInProcess(ForkedBooter.java:115)
	at org.apache.maven.surefire.booter.ForkedBooter.main(ForkedBooter.java:75)
]]>
    </failure>
  </testcase> <!-- TestButtonFourteen -->
  <testcase name="TestAboutShare47" time="3.578" classname="Tests.BlogTest">
    <failure type="java.lang.AssertionError" message="The following asserts failed:
	expected [Семестр университета в Украине стоит недешево и даже если речь идет о бюджетной форме, расходов не избежать: канцелярия, учебники, аренда жилья, оплата курсов и даже проезд домой. Где взять деньги и что делать, если они нужны уже сегодня?] but found [Когда начинают звонить сотрудники коллекторской компании, начинаешь думать о том, насколько законны их действия и стоит ли им платить? Имеет ли банк право «подключить» к работе 3-х лиц, если процесс взыскания станет эффективнее?],
	expected [http://dev2.mycredit.com.ua/ru/blog/gde-vzyat-kredit-studentam-na-obuchenie/] but found [http://dev2.mycredit.com.ua/ru/blog/kak-ne-platit-kredit-kollektoram-v-ukraine/]">
      <![CDATA[java.lang.AssertionError: The following asserts failed:
	expected [Семестр университета в Украине стоит недешево и даже если речь идет о бюджетной форме, расходов не избежать: канцелярия, учебники, аренда жилья, оплата курсов и даже проезд домой. Где взять деньги и что делать, если они нужны уже сегодня?] but found [Когда начинают звонить сотрудники коллекторской компании, начинаешь думать о том, насколько законны их действия и стоит ли им платить? Имеет ли банк право «подключить» к работе 3-х лиц, если процесс взыскания станет эффективнее?],
	expected [http://dev2.mycredit.com.ua/ru/blog/gde-vzyat-kredit-studentam-na-obuchenie/] but found [http://dev2.mycredit.com.ua/ru/blog/kak-ne-platit-kredit-kollektoram-v-ukraine/]
	at org.testng.asserts.SoftAssert.assertAll(SoftAssert.java:43)
	at Tests.BlogTest.TestAboutShare47(BlogTest.java:645)
	at sun.reflect.NativeMethodAccessorImpl.invoke0(Native Method)
	at sun.reflect.NativeMethodAccessorImpl.invoke(NativeMethodAccessorImpl.java:62)
	at sun.reflect.DelegatingMethodAccessorImpl.invoke(DelegatingMethodAccessorImpl.java:43)
	at java.lang.reflect.Method.invoke(Method.java:498)
	at org.testng.internal.MethodInvocationHelper.invokeMethod(MethodInvocationHelper.java:108)
	at org.testng.internal.Invoker.invokeMethod(Invoker.java:661)
	at org.testng.internal.Invoker.invokeTestMethod(Invoker.java:869)
	at org.testng.internal.Invoker.invokeTestMethods(Invoker.java:1193)
	at org.testng.internal.TestMethodWorker.invokeTestMethods(TestMethodWorker.java:126)
	at org.testng.internal.TestMethodWorker.run(TestMethodWorker.java:109)
	at org.testng.TestRunner.privateRun(TestRunner.java:744)
	at org.testng.TestRunner.run(TestRunner.java:602)
	at org.testng.SuiteRunner.runTest(SuiteRunner.java:380)
	at org.testng.SuiteRunner.runSequentially(SuiteRunner.java:375)
	at org.testng.SuiteRunner.privateRun(SuiteRunner.java:340)
	at org.testng.SuiteRunner.run(SuiteRunner.java:289)
	at org.testng.SuiteRunnerWorker.runSuite(SuiteRunnerWorker.java:52)
	at org.testng.SuiteRunnerWorker.run(SuiteRunnerWorker.java:86)
	at org.testng.TestNG.runSuitesSequentially(TestNG.java:1301)
	at org.testng.TestNG.runSuitesLocally(TestNG.java:1226)
	at org.testng.TestNG.runSuites(TestNG.java:1144)
	at org.testng.TestNG.run(TestNG.java:1115)
	at org.apache.maven.surefire.testng.TestNGExecutor.run(TestNGExecutor.java:77)
	at org.apache.maven.surefire.testng.TestNGDirectoryTestSuite.executeMulti(TestNGDirectoryTestSuite.java:159)
	at org.apache.maven.surefire.testng.TestNGDirectoryTestSuite.execute(TestNGDirectoryTestSuite.java:99)
	at org.apache.maven.surefire.testng.TestNGProvider.invoke(TestNGProvider.java:106)
	at sun.reflect.NativeMethodAccessorImpl.invoke0(Native Method)
	at sun.reflect.NativeMethodAccessorImpl.invoke(NativeMethodAccessorImpl.java:62)
	at sun.reflect.DelegatingMethodAccessorImpl.invoke(DelegatingMethodAccessorImpl.java:43)
	at java.lang.reflect.Method.invoke(Method.java:498)
	at org.apache.maven.surefire.util.ReflectionUtils.invokeMethodWithArray(ReflectionUtils.java:189)
	at org.apache.maven.surefire.booter.ProviderFactory$ProviderProxy.invoke(ProviderFactory.java:165)
	at org.apache.maven.surefire.booter.ProviderFactory.invokeProvider(ProviderFactory.java:85)
	at org.apache.maven.surefire.booter.ForkedBooter.runSuitesInProcess(ForkedBooter.java:115)
	at org.apache.maven.surefire.booter.ForkedBooter.main(ForkedBooter.java:75)
]]>
    </failure>
  </testcase> <!-- TestAboutShare47 -->
  <testcase name="TestAboutShare56" time="4.135" classname="Tests.BlogTest">
    <failure type="java.lang.AssertionError" message="The following asserts failed:
	expected [Семестр университета в Украине стоит недешево и даже если речь идет о бюджетной форме, расходов не избежать: канцелярия, учебники, аренда жилья, оплата курсов и даже проезд домой. Где взять деньги и что делать, если они нужны уже сегодня?] but found [Когда начинают звонить сотрудники коллекторской компании, начинаешь думать о том, насколько законны их действия и стоит ли им платить? Имеет ли банк право «подключить» к работе 3-х лиц, если процесс взыскания станет эффективнее?],
	expected [http://dev2.mycredit.com.ua/ru/blog/gde-vzyat-kredit-studentam-na-obuchenie/] but found [http://dev2.mycredit.com.ua/ru/blog/kak-ne-platit-kredit-kollektoram-v-ukraine/]">
      <![CDATA[java.lang.AssertionError: The following asserts failed:
	expected [Семестр университета в Украине стоит недешево и даже если речь идет о бюджетной форме, расходов не избежать: канцелярия, учебники, аренда жилья, оплата курсов и даже проезд домой. Где взять деньги и что делать, если они нужны уже сегодня?] but found [Когда начинают звонить сотрудники коллекторской компании, начинаешь думать о том, насколько законны их действия и стоит ли им платить? Имеет ли банк право «подключить» к работе 3-х лиц, если процесс взыскания станет эффективнее?],
	expected [http://dev2.mycredit.com.ua/ru/blog/gde-vzyat-kredit-studentam-na-obuchenie/] but found [http://dev2.mycredit.com.ua/ru/blog/kak-ne-platit-kredit-kollektoram-v-ukraine/]
	at org.testng.asserts.SoftAssert.assertAll(SoftAssert.java:43)
	at Tests.BlogTest.TestAboutShare56(BlogTest.java:762)
	at sun.reflect.NativeMethodAccessorImpl.invoke0(Native Method)
	at sun.reflect.NativeMethodAccessorImpl.invoke(NativeMethodAccessorImpl.java:62)
	at sun.reflect.DelegatingMethodAccessorImpl.invoke(DelegatingMethodAccessorImpl.java:43)
	at java.lang.reflect.Method.invoke(Method.java:498)
	at org.testng.internal.MethodInvocationHelper.invokeMethod(MethodInvocationHelper.java:108)
	at org.testng.internal.Invoker.invokeMethod(Invoker.java:661)
	at org.testng.internal.Invoker.invokeTestMethod(Invoker.java:869)
	at org.testng.internal.Invoker.invokeTestMethods(Invoker.java:1193)
	at org.testng.internal.TestMethodWorker.invokeTestMethods(TestMethodWorker.java:126)
	at org.testng.internal.TestMethodWorker.run(TestMethodWorker.java:109)
	at org.testng.TestRunner.privateRun(TestRunner.java:744)
	at org.testng.TestRunner.run(TestRunner.java:602)
	at org.testng.SuiteRunner.runTest(SuiteRunner.java:380)
	at org.testng.SuiteRunner.runSequentially(SuiteRunner.java:375)
	at org.testng.SuiteRunner.privateRun(SuiteRunner.java:340)
	at org.testng.SuiteRunner.run(SuiteRunner.java:289)
	at org.testng.SuiteRunnerWorker.runSuite(SuiteRunnerWorker.java:52)
	at org.testng.SuiteRunnerWorker.run(SuiteRunnerWorker.java:86)
	at org.testng.TestNG.runSuitesSequentially(TestNG.java:1301)
	at org.testng.TestNG.runSuitesLocally(TestNG.java:1226)
	at org.testng.TestNG.runSuites(TestNG.java:1144)
	at org.testng.TestNG.run(TestNG.java:1115)
	at org.apache.maven.surefire.testng.TestNGExecutor.run(TestNGExecutor.java:77)
	at org.apache.maven.surefire.testng.TestNGDirectoryTestSuite.executeMulti(TestNGDirectoryTestSuite.java:159)
	at org.apache.maven.surefire.testng.TestNGDirectoryTestSuite.execute(TestNGDirectoryTestSuite.java:99)
	at org.apache.maven.surefire.testng.TestNGProvider.invoke(TestNGProvider.java:106)
	at sun.reflect.NativeMethodAccessorImpl.invoke0(Native Method)
	at sun.reflect.NativeMethodAccessorImpl.invoke(NativeMethodAccessorImpl.java:62)
	at sun.reflect.DelegatingMethodAccessorImpl.invoke(DelegatingMethodAccessorImpl.java:43)
	at java.lang.reflect.Method.invoke(Method.java:498)
	at org.apache.maven.surefire.util.ReflectionUtils.invokeMethodWithArray(ReflectionUtils.java:189)
	at org.apache.maven.surefire.booter.ProviderFactory$ProviderProxy.invoke(ProviderFactory.java:165)
	at org.apache.maven.surefire.booter.ProviderFactory.invokeProvider(ProviderFactory.java:85)
	at org.apache.maven.surefire.booter.ForkedBooter.runSuitesInProcess(ForkedBooter.java:115)
	at org.apache.maven.surefire.booter.ForkedBooter.main(ForkedBooter.java:75)
]]>
    </failure>
  </testcase> <!-- TestAboutShare56 -->
  <testcase name="TestAboutShare83" time="4.206" classname="Tests.BlogTest">
    <failure type="java.lang.AssertionError" message="The following asserts failed:
	expected [Семестр университета в Украине стоит недешево и даже если речь идет о бюджетной форме, расходов не избежать: канцелярия, учебники, аренда жилья, оплата курсов и даже проезд домой. Где взять деньги и что делать, если они нужны уже сегодня?] but found [Когда начинают звонить сотрудники коллекторской компании, начинаешь думать о том, насколько законны их действия и стоит ли им платить? Имеет ли банк право «подключить» к работе 3-х лиц, если процесс взыскания станет эффективнее?],
	expected [http://dev2.mycredit.com.ua/ru/blog/gde-vzyat-kredit-studentam-na-obuchenie/] but found [http://dev2.mycredit.com.ua/ru/blog/kak-ne-platit-kredit-kollektoram-v-ukraine/]">
      <![CDATA[java.lang.AssertionError: The following asserts failed:
	expected [Семестр университета в Украине стоит недешево и даже если речь идет о бюджетной форме, расходов не избежать: канцелярия, учебники, аренда жилья, оплата курсов и даже проезд домой. Где взять деньги и что делать, если они нужны уже сегодня?] but found [Когда начинают звонить сотрудники коллекторской компании, начинаешь думать о том, насколько законны их действия и стоит ли им платить? Имеет ли банк право «подключить» к работе 3-х лиц, если процесс взыскания станет эффективнее?],
	expected [http://dev2.mycredit.com.ua/ru/blog/gde-vzyat-kredit-studentam-na-obuchenie/] but found [http://dev2.mycredit.com.ua/ru/blog/kak-ne-platit-kredit-kollektoram-v-ukraine/]
	at org.testng.asserts.SoftAssert.assertAll(SoftAssert.java:43)
	at Tests.BlogTest.TestAboutShare83(BlogTest.java:1095)
	at sun.reflect.NativeMethodAccessorImpl.invoke0(Native Method)
	at sun.reflect.NativeMethodAccessorImpl.invoke(NativeMethodAccessorImpl.java:62)
	at sun.reflect.DelegatingMethodAccessorImpl.invoke(DelegatingMethodAccessorImpl.java:43)
	at java.lang.reflect.Method.invoke(Method.java:498)
	at org.testng.internal.MethodInvocationHelper.invokeMethod(MethodInvocationHelper.java:108)
	at org.testng.internal.Invoker.invokeMethod(Invoker.java:661)
	at org.testng.internal.Invoker.invokeTestMethod(Invoker.java:869)
	at org.testng.internal.Invoker.invokeTestMethods(Invoker.java:1193)
	at org.testng.internal.TestMethodWorker.invokeTestMethods(TestMethodWorker.java:126)
	at org.testng.internal.TestMethodWorker.run(TestMethodWorker.java:109)
	at org.testng.TestRunner.privateRun(TestRunner.java:744)
	at org.testng.TestRunner.run(TestRunner.java:602)
	at org.testng.SuiteRunner.runTest(SuiteRunner.java:380)
	at org.testng.SuiteRunner.runSequentially(SuiteRunner.java:375)
	at org.testng.SuiteRunner.privateRun(SuiteRunner.java:340)
	at org.testng.SuiteRunner.run(SuiteRunner.java:289)
	at org.testng.SuiteRunnerWorker.runSuite(SuiteRunnerWorker.java:52)
	at org.testng.SuiteRunnerWorker.run(SuiteRunnerWorker.java:86)
	at org.testng.TestNG.runSuitesSequentially(TestNG.java:1301)
	at org.testng.TestNG.runSuitesLocally(TestNG.java:1226)
	at org.testng.TestNG.runSuites(TestNG.java:1144)
	at org.testng.TestNG.run(TestNG.java:1115)
	at org.apache.maven.surefire.testng.TestNGExecutor.run(TestNGExecutor.java:77)
	at org.apache.maven.surefire.testng.TestNGDirectoryTestSuite.executeMulti(TestNGDirectoryTestSuite.java:159)
	at org.apache.maven.surefire.testng.TestNGDirectoryTestSuite.execute(TestNGDirectoryTestSuite.java:99)
	at org.apache.maven.surefire.testng.TestNGProvider.invoke(TestNGProvider.java:106)
	at sun.reflect.NativeMethodAccessorImpl.invoke0(Native Method)
	at sun.reflect.NativeMethodAccessorImpl.invoke(NativeMethodAccessorImpl.java:62)
	at sun.reflect.DelegatingMethodAccessorImpl.invoke(DelegatingMethodAccessorImpl.java:43)
	at java.lang.reflect.Method.invoke(Method.java:498)
	at org.apache.maven.surefire.util.ReflectionUtils.invokeMethodWithArray(ReflectionUtils.java:189)
	at org.apache.maven.surefire.booter.ProviderFactory$ProviderProxy.invoke(ProviderFactory.java:165)
	at org.apache.maven.surefire.booter.ProviderFactory.invokeProvider(ProviderFactory.java:85)
	at org.apache.maven.surefire.booter.ForkedBooter.runSuitesInProcess(ForkedBooter.java:115)
	at org.apache.maven.surefire.booter.ForkedBooter.main(ForkedBooter.java:75)
]]>
    </failure>
  </testcase> <!-- TestAboutShare83 -->
  <testcase name="TestAboutShare3" time="2.751" classname="Tests.BlogTest"/>
  <testcase name="TestButtonFour" time="2.441" classname="Tests.BlogTest">
    <failure type="java.lang.AssertionError" message="The following asserts failed:
	expected [Семестр университета в Украине стоит недешево и даже если речь идет о бюджетной форме, расходов не избежать: канцелярия, учебники, аренда жилья, оплата курсов и даже проезд домой. Где взять деньги и что делать, если они нужны уже сегодня?] but found [Когда начинают звонить сотрудники коллекторской компании, начинаешь думать о том, насколько законны их действия и стоит ли им платить? Имеет ли банк право «подключить» к работе 3-х лиц, если процесс взыскания станет эффективнее?],
	expected [http://dev2.mycredit.com.ua/ru/blog/gde-vzyat-kredit-studentam-na-obuchenie/] but found [http://dev2.mycredit.com.ua/ru/blog/kak-ne-platit-kredit-kollektoram-v-ukraine/]">
      <![CDATA[java.lang.AssertionError: The following asserts failed:
	expected [Семестр университета в Украине стоит недешево и даже если речь идет о бюджетной форме, расходов не избежать: канцелярия, учебники, аренда жилья, оплата курсов и даже проезд домой. Где взять деньги и что делать, если они нужны уже сегодня?] but found [Когда начинают звонить сотрудники коллекторской компании, начинаешь думать о том, насколько законны их действия и стоит ли им платить? Имеет ли банк право «подключить» к работе 3-х лиц, если процесс взыскания станет эффективнее?],
	expected [http://dev2.mycredit.com.ua/ru/blog/gde-vzyat-kredit-studentam-na-obuchenie/] but found [http://dev2.mycredit.com.ua/ru/blog/kak-ne-platit-kredit-kollektoram-v-ukraine/]
	at org.testng.asserts.SoftAssert.assertAll(SoftAssert.java:43)
	at Tests.BlogTest.TestButtonFour(BlogTest.java:290)
	at sun.reflect.NativeMethodAccessorImpl.invoke0(Native Method)
	at sun.reflect.NativeMethodAccessorImpl.invoke(NativeMethodAccessorImpl.java:62)
	at sun.reflect.DelegatingMethodAccessorImpl.invoke(DelegatingMethodAccessorImpl.java:43)
	at java.lang.reflect.Method.invoke(Method.java:498)
	at org.testng.internal.MethodInvocationHelper.invokeMethod(MethodInvocationHelper.java:108)
	at org.testng.internal.Invoker.invokeMethod(Invoker.java:661)
	at org.testng.internal.Invoker.invokeTestMethod(Invoker.java:869)
	at org.testng.internal.Invoker.invokeTestMethods(Invoker.java:1193)
	at org.testng.internal.TestMethodWorker.invokeTestMethods(TestMethodWorker.java:126)
	at org.testng.internal.TestMethodWorker.run(TestMethodWorker.java:109)
	at org.testng.TestRunner.privateRun(TestRunner.java:744)
	at org.testng.TestRunner.run(TestRunner.java:602)
	at org.testng.SuiteRunner.runTest(SuiteRunner.java:380)
	at org.testng.SuiteRunner.runSequentially(SuiteRunner.java:375)
	at org.testng.SuiteRunner.privateRun(SuiteRunner.java:340)
	at org.testng.SuiteRunner.run(SuiteRunner.java:289)
	at org.testng.SuiteRunnerWorker.runSuite(SuiteRunnerWorker.java:52)
	at org.testng.SuiteRunnerWorker.run(SuiteRunnerWorker.java:86)
	at org.testng.TestNG.runSuitesSequentially(TestNG.java:1301)
	at org.testng.TestNG.runSuitesLocally(TestNG.java:1226)
	at org.testng.TestNG.runSuites(TestNG.java:1144)
	at org.testng.TestNG.run(TestNG.java:1115)
	at org.apache.maven.surefire.testng.TestNGExecutor.run(TestNGExecutor.java:77)
	at org.apache.maven.surefire.testng.TestNGDirectoryTestSuite.executeMulti(TestNGDirectoryTestSuite.java:159)
	at org.apache.maven.surefire.testng.TestNGDirectoryTestSuite.execute(TestNGDirectoryTestSuite.java:99)
	at org.apache.maven.surefire.testng.TestNGProvider.invoke(TestNGProvider.java:106)
	at sun.reflect.NativeMethodAccessorImpl.invoke0(Native Method)
	at sun.reflect.NativeMethodAccessorImpl.invoke(NativeMethodAccessorImpl.java:62)
	at sun.reflect.DelegatingMethodAccessorImpl.invoke(DelegatingMethodAccessorImpl.java:43)
	at java.lang.reflect.Method.invoke(Method.java:498)
	at org.apache.maven.surefire.util.ReflectionUtils.invokeMethodWithArray(ReflectionUtils.java:189)
	at org.apache.maven.surefire.booter.ProviderFactory$ProviderProxy.invoke(ProviderFactory.java:165)
	at org.apache.maven.surefire.booter.ProviderFactory.invokeProvider(ProviderFactory.java:85)
	at org.apache.maven.surefire.booter.ForkedBooter.runSuitesInProcess(ForkedBooter.java:115)
	at org.apache.maven.surefire.booter.ForkedBooter.main(ForkedBooter.java:75)
]]>
    </failure>
  </testcase> <!-- TestButtonFour -->
  <testcase name="TestButtonThirteen" time="2.366" classname="Tests.BlogTest">
    <failure type="java.lang.AssertionError" message="The following asserts failed:
	expected [Семестр университета в Украине стоит недешево и даже если речь идет о бюджетной форме, расходов не избежать: канцелярия, учебники, аренда жилья, оплата курсов и даже проезд домой. Где взять деньги и что делать, если они нужны уже сегодня?] but found [Когда начинают звонить сотрудники коллекторской компании, начинаешь думать о том, насколько законны их действия и стоит ли им платить? Имеет ли банк право «подключить» к работе 3-х лиц, если процесс взыскания станет эффективнее?],
	expected [http://dev2.mycredit.com.ua/ru/blog/gde-vzyat-kredit-studentam-na-obuchenie/] but found [http://dev2.mycredit.com.ua/ru/blog/kak-ne-platit-kredit-kollektoram-v-ukraine/]">
      <![CDATA[java.lang.AssertionError: The following asserts failed:
	expected [Семестр университета в Украине стоит недешево и даже если речь идет о бюджетной форме, расходов не избежать: канцелярия, учебники, аренда жилья, оплата курсов и даже проезд домой. Где взять деньги и что делать, если они нужны уже сегодня?] but found [Когда начинают звонить сотрудники коллекторской компании, начинаешь думать о том, насколько законны их действия и стоит ли им платить? Имеет ли банк право «подключить» к работе 3-х лиц, если процесс взыскания станет эффективнее?],
	expected [http://dev2.mycredit.com.ua/ru/blog/gde-vzyat-kredit-studentam-na-obuchenie/] but found [http://dev2.mycredit.com.ua/ru/blog/kak-ne-platit-kredit-kollektoram-v-ukraine/]
	at org.testng.asserts.SoftAssert.assertAll(SoftAssert.java:43)
	at Tests.BlogTest.TestButtonThirteen(BlogTest.java:965)
	at sun.reflect.NativeMethodAccessorImpl.invoke0(Native Method)
	at sun.reflect.NativeMethodAccessorImpl.invoke(NativeMethodAccessorImpl.java:62)
	at sun.reflect.DelegatingMethodAccessorImpl.invoke(DelegatingMethodAccessorImpl.java:43)
	at java.lang.reflect.Method.invoke(Method.java:498)
	at org.testng.internal.MethodInvocationHelper.invokeMethod(MethodInvocationHelper.java:108)
	at org.testng.internal.Invoker.invokeMethod(Invoker.java:661)
	at org.testng.internal.Invoker.invokeTestMethod(Invoker.java:869)
	at org.testng.internal.Invoker.invokeTestMethods(Invoker.java:1193)
	at org.testng.internal.TestMethodWorker.invokeTestMethods(TestMethodWorker.java:126)
	at org.testng.internal.TestMethodWorker.run(TestMethodWorker.java:109)
	at org.testng.TestRunner.privateRun(TestRunner.java:744)
	at org.testng.TestRunner.run(TestRunner.java:602)
	at org.testng.SuiteRunner.runTest(SuiteRunner.java:380)
	at org.testng.SuiteRunner.runSequentially(SuiteRunner.java:375)
	at org.testng.SuiteRunner.privateRun(SuiteRunner.java:340)
	at org.testng.SuiteRunner.run(SuiteRunner.java:289)
	at org.testng.SuiteRunnerWorker.runSuite(SuiteRunnerWorker.java:52)
	at org.testng.SuiteRunnerWorker.run(SuiteRunnerWorker.java:86)
	at org.testng.TestNG.runSuitesSequentially(TestNG.java:1301)
	at org.testng.TestNG.runSuitesLocally(TestNG.java:1226)
	at org.testng.TestNG.runSuites(TestNG.java:1144)
	at org.testng.TestNG.run(TestNG.java:1115)
	at org.apache.maven.surefire.testng.TestNGExecutor.run(TestNGExecutor.java:77)
	at org.apache.maven.surefire.testng.TestNGDirectoryTestSuite.executeMulti(TestNGDirectoryTestSuite.java:159)
	at org.apache.maven.surefire.testng.TestNGDirectoryTestSuite.execute(TestNGDirectoryTestSuite.java:99)
	at org.apache.maven.surefire.testng.TestNGProvider.invoke(TestNGProvider.java:106)
	at sun.reflect.NativeMethodAccessorImpl.invoke0(Native Method)
	at sun.reflect.NativeMethodAccessorImpl.invoke(NativeMethodAccessorImpl.java:62)
	at sun.reflect.DelegatingMethodAccessorImpl.invoke(DelegatingMethodAccessorImpl.java:43)
	at java.lang.reflect.Method.invoke(Method.java:498)
	at org.apache.maven.surefire.util.ReflectionUtils.invokeMethodWithArray(ReflectionUtils.java:189)
	at org.apache.maven.surefire.booter.ProviderFactory$ProviderProxy.invoke(ProviderFactory.java:165)
	at org.apache.maven.surefire.booter.ProviderFactory.invokeProvider(ProviderFactory.java:85)
	at org.apache.maven.surefire.booter.ForkedBooter.runSuitesInProcess(ForkedBooter.java:115)
	at org.apache.maven.surefire.booter.ForkedBooter.main(ForkedBooter.java:75)
]]>
    </failure>
  </testcase> <!-- TestButtonThirteen -->
  <testcase name="TestAboutShare36" time="18.492" classname="Tests.BlogTest">
    <error type="org.openqa.selenium.NoSuchElementException" message="no such element: Unable to locate element: {&quot;method&quot;:&quot;xpath&quot;,&quot;selector&quot;:&quot;/html/body/div[1]/div[4]/div/div[2]/div/div[2]/div/div[1]/div[2]/p[1]&quot;}
  (Session info: chrome=61.0.3163.100)
  (Driver info: chromedriver=2.33.506120 (e3e53437346286c0bc2d2dc9aa4915ba81d9023f),platform=Windows NT 10.0.15063 x86_64) (WARNING: The server did not provide any stacktrace information)
Command duration or timeout: 7.03 seconds
For documentation on this error, please visit: http://seleniumhq.org/exceptions/no_such_element.html
Build info: version: &#039;2.53.1&#039;, revision: &#039;a36b8b1cd5757287168e54b817830adce9b0158d&#039;, time: &#039;2016-06-30 19:26:09&#039;
System info: host: &#039;DESKTOP-2VD0QVH&#039;, ip: &#039;192.168.1.118&#039;, os.name: &#039;Windows 10&#039;, os.arch: &#039;amd64&#039;, os.version: &#039;10.0&#039;, java.version: &#039;1.8.0_144&#039;
Driver info: org.openqa.selenium.chrome.ChromeDriver
Capabilities [{applicationCacheEnabled=false, rotatable=false, mobileEmulationEnabled=false, networkConnectionEnabled=false, chrome={chromedriverVersion=2.33.506120 (e3e53437346286c0bc2d2dc9aa4915ba81d9023f), userDataDir=C:\Users\user\AppData\Local\Temp\scoped_dir51096_23193}, takesHeapSnapshot=true, pageLoadStrategy=normal, databaseEnabled=false, handlesAlerts=true, hasTouchScreen=false, version=61.0.3163.100, platform=XP, browserConnectionEnabled=false, nativeEvents=true, acceptSslCerts=true, locationContextEnabled=true, webStorageEnabled=true, browserName=chrome, takesScreenshot=true, javascriptEnabled=true, cssSelectorsEnabled=true, setWindowRect=true, unexpectedAlertBehaviour=}]
Session ID: 3fb7fe4d91a211b6eda11b6c4514f329
*** Element info: {Using=xpath, value=/html/body/div[1]/div[4]/div/div[2]/div/div[2]/div/div[1]/div[2]/p[1]}">
      <![CDATA[org.openqa.selenium.NoSuchElementException: no such element: Unable to locate element: {"method":"xpath","selector":"/html/body/div[1]/div[4]/div/div[2]/div/div[2]/div/div[1]/div[2]/p[1]"}
  (Session info: chrome=61.0.3163.100)
  (Driver info: chromedriver=2.33.506120 (e3e53437346286c0bc2d2dc9aa4915ba81d9023f),platform=Windows NT 10.0.15063 x86_64) (WARNING: The server did not provide any stacktrace information)
Command duration or timeout: 7.03 seconds
For documentation on this error, please visit: http://seleniumhq.org/exceptions/no_such_element.html
Build info: version: '2.53.1', revision: 'a36b8b1cd5757287168e54b817830adce9b0158d', time: '2016-06-30 19:26:09'
System info: host: 'DESKTOP-2VD0QVH', ip: '192.168.1.118', os.name: 'Windows 10', os.arch: 'amd64', os.version: '10.0', java.version: '1.8.0_144'
Driver info: org.openqa.selenium.chrome.ChromeDriver
Capabilities [{applicationCacheEnabled=false, rotatable=false, mobileEmulationEnabled=false, networkConnectionEnabled=false, chrome={chromedriverVersion=2.33.506120 (e3e53437346286c0bc2d2dc9aa4915ba81d9023f), userDataDir=C:\Users\user\AppData\Local\Temp\scoped_dir51096_23193}, takesHeapSnapshot=true, pageLoadStrategy=normal, databaseEnabled=false, handlesAlerts=true, hasTouchScreen=false, version=61.0.3163.100, platform=XP, browserConnectionEnabled=false, nativeEvents=true, acceptSslCerts=true, locationContextEnabled=true, webStorageEnabled=true, browserName=chrome, takesScreenshot=true, javascriptEnabled=true, cssSelectorsEnabled=true, setWindowRect=true, unexpectedAlertBehaviour=}]
Session ID: 3fb7fe4d91a211b6eda11b6c4514f329
*** Element info: {Using=xpath, value=/html/body/div[1]/div[4]/div/div[2]/div/div[2]/div/div[1]/div[2]/p[1]}
	at sun.reflect.NativeConstructorAccessorImpl.newInstance0(Native Method)
	at sun.reflect.NativeConstructorAccessorImpl.newInstance(NativeConstructorAccessorImpl.java:62)
	at sun.reflect.DelegatingConstructorAccessorImpl.newInstance(DelegatingConstructorAccessorImpl.java:45)
	at java.lang.reflect.Constructor.newInstance(Constructor.java:423)
	at org.openqa.selenium.remote.ErrorHandler.createThrowable(ErrorHandler.java:206)
	at org.openqa.selenium.remote.ErrorHandler.throwIfResponseFailed(ErrorHandler.java:158)
	at org.openqa.selenium.remote.RemoteWebDriver.execute(RemoteWebDriver.java:678)
	at org.openqa.selenium.remote.RemoteWebDriver.findElement(RemoteWebDriver.java:363)
	at org.openqa.selenium.remote.RemoteWebDriver.findElementByXPath(RemoteWebDriver.java:500)
	at org.openqa.selenium.By$ByXPath.findElement(By.java:361)
	at org.openqa.selenium.remote.RemoteWebDriver.findElement(RemoteWebDriver.java:355)
	at Pages.BlogPage.Gettext(BlogPage.java:105)
	at Tests.BlogTest.TestAboutShare36(BlogTest.java:503)
	at sun.reflect.NativeMethodAccessorImpl.invoke0(Native Method)
	at sun.reflect.NativeMethodAccessorImpl.invoke(NativeMethodAccessorImpl.java:62)
	at sun.reflect.DelegatingMethodAccessorImpl.invoke(DelegatingMethodAccessorImpl.java:43)
	at java.lang.reflect.Method.invoke(Method.java:498)
	at org.testng.internal.MethodInvocationHelper.invokeMethod(MethodInvocationHelper.java:108)
	at org.testng.internal.Invoker.invokeMethod(Invoker.java:661)
	at org.testng.internal.Invoker.invokeTestMethod(Invoker.java:869)
	at org.testng.internal.Invoker.invokeTestMethods(Invoker.java:1193)
	at org.testng.internal.TestMethodWorker.invokeTestMethods(TestMethodWorker.java:126)
	at org.testng.internal.TestMethodWorker.run(TestMethodWorker.java:109)
	at org.testng.TestRunner.privateRun(TestRunner.java:744)
	at org.testng.TestRunner.run(TestRunner.java:602)
	at org.testng.SuiteRunner.runTest(SuiteRunner.java:380)
	at org.testng.SuiteRunner.runSequentially(SuiteRunner.java:375)
	at org.testng.SuiteRunner.privateRun(SuiteRunner.java:340)
	at org.testng.SuiteRunner.run(SuiteRunner.java:289)
	at org.testng.SuiteRunnerWorker.runSuite(SuiteRunnerWorker.java:52)
	at org.testng.SuiteRunnerWorker.run(SuiteRunnerWorker.java:86)
	at org.testng.TestNG.runSuitesSequentially(TestNG.java:1301)
	at org.testng.TestNG.runSuitesLocally(TestNG.java:1226)
	at org.testng.TestNG.runSuites(TestNG.java:1144)
	at org.testng.TestNG.run(TestNG.java:1115)
	at org.apache.maven.surefire.testng.TestNGExecutor.run(TestNGExecutor.java:77)
	at org.apache.maven.surefire.testng.TestNGDirectoryTestSuite.executeMulti(TestNGDirectoryTestSuite.java:159)
	at org.apache.maven.surefire.testng.TestNGDirectoryTestSuite.execute(TestNGDirectoryTestSuite.java:99)
	at org.apache.maven.surefire.testng.TestNGProvider.invoke(TestNGProvider.java:106)
	at sun.reflect.NativeMethodAccessorImpl.invoke0(Native Method)
	at sun.reflect.NativeMethodAccessorImpl.invoke(NativeMethodAccessorImpl.java:62)
	at sun.reflect.DelegatingMethodAccessorImpl.invoke(DelegatingMethodAccessorImpl.java:43)
	at java.lang.reflect.Method.invoke(Method.java:498)
	at org.apache.maven.surefire.util.ReflectionUtils.invokeMethodWithArray(ReflectionUtils.java:189)
	at org.apache.maven.surefire.booter.ProviderFactory$ProviderProxy.invoke(ProviderFactory.java:165)
	at org.apache.maven.surefire.booter.ProviderFactory.invokeProvider(ProviderFactory.java:85)
	at org.apache.maven.surefire.booter.ForkedBooter.runSuitesInProcess(ForkedBooter.java:115)
	at org.apache.maven.surefire.booter.ForkedBooter.main(ForkedBooter.java:75)
]]>
    </error>
  </testcase> <!-- TestAboutShare36 -->
  <testcase name="TestAboutShare51" time="4.503" classname="Tests.BlogTest">
    <failure type="java.lang.AssertionError" message="The following asserts failed:
	expected [Семестр университета в Украине стоит недешево и даже если речь идет о бюджетной форме, расходов не избежать: канцелярия, учебники, аренда жилья, оплата курсов и даже проезд домой. Где взять деньги и что делать, если они нужны уже сегодня?] but found [Когда начинают звонить сотрудники коллекторской компании, начинаешь думать о том, насколько законны их действия и стоит ли им платить? Имеет ли банк право «подключить» к работе 3-х лиц, если процесс взыскания станет эффективнее?],
	expected [http://dev2.mycredit.com.ua/ru/blog/gde-vzyat-kredit-studentam-na-obuchenie/] but found [http://dev2.mycredit.com.ua/ru/blog/kak-ne-platit-kredit-kollektoram-v-ukraine/]">
      <![CDATA[java.lang.AssertionError: The following asserts failed:
	expected [Семестр университета в Украине стоит недешево и даже если речь идет о бюджетной форме, расходов не избежать: канцелярия, учебники, аренда жилья, оплата курсов и даже проезд домой. Где взять деньги и что делать, если они нужны уже сегодня?] but found [Когда начинают звонить сотрудники коллекторской компании, начинаешь думать о том, насколько законны их действия и стоит ли им платить? Имеет ли банк право «подключить» к работе 3-х лиц, если процесс взыскания станет эффективнее?],
	expected [http://dev2.mycredit.com.ua/ru/blog/gde-vzyat-kredit-studentam-na-obuchenie/] but found [http://dev2.mycredit.com.ua/ru/blog/kak-ne-platit-kredit-kollektoram-v-ukraine/]
	at org.testng.asserts.SoftAssert.assertAll(SoftAssert.java:43)
	at Tests.BlogTest.TestAboutShare51(BlogTest.java:698)
	at sun.reflect.NativeMethodAccessorImpl.invoke0(Native Method)
	at sun.reflect.NativeMethodAccessorImpl.invoke(NativeMethodAccessorImpl.java:62)
	at sun.reflect.DelegatingMethodAccessorImpl.invoke(DelegatingMethodAccessorImpl.java:43)
	at java.lang.reflect.Method.invoke(Method.java:498)
	at org.testng.internal.MethodInvocationHelper.invokeMethod(MethodInvocationHelper.java:108)
	at org.testng.internal.Invoker.invokeMethod(Invoker.java:661)
	at org.testng.internal.Invoker.invokeTestMethod(Invoker.java:869)
	at org.testng.internal.Invoker.invokeTestMethods(Invoker.java:1193)
	at org.testng.internal.TestMethodWorker.invokeTestMethods(TestMethodWorker.java:126)
	at org.testng.internal.TestMethodWorker.run(TestMethodWorker.java:109)
	at org.testng.TestRunner.privateRun(TestRunner.java:744)
	at org.testng.TestRunner.run(TestRunner.java:602)
	at org.testng.SuiteRunner.runTest(SuiteRunner.java:380)
	at org.testng.SuiteRunner.runSequentially(SuiteRunner.java:375)
	at org.testng.SuiteRunner.privateRun(SuiteRunner.java:340)
	at org.testng.SuiteRunner.run(SuiteRunner.java:289)
	at org.testng.SuiteRunnerWorker.runSuite(SuiteRunnerWorker.java:52)
	at org.testng.SuiteRunnerWorker.run(SuiteRunnerWorker.java:86)
	at org.testng.TestNG.runSuitesSequentially(TestNG.java:1301)
	at org.testng.TestNG.runSuitesLocally(TestNG.java:1226)
	at org.testng.TestNG.runSuites(TestNG.java:1144)
	at org.testng.TestNG.run(TestNG.java:1115)
	at org.apache.maven.surefire.testng.TestNGExecutor.run(TestNGExecutor.java:77)
	at org.apache.maven.surefire.testng.TestNGDirectoryTestSuite.executeMulti(TestNGDirectoryTestSuite.java:159)
	at org.apache.maven.surefire.testng.TestNGDirectoryTestSuite.execute(TestNGDirectoryTestSuite.java:99)
	at org.apache.maven.surefire.testng.TestNGProvider.invoke(TestNGProvider.java:106)
	at sun.reflect.NativeMethodAccessorImpl.invoke0(Native Method)
	at sun.reflect.NativeMethodAccessorImpl.invoke(NativeMethodAccessorImpl.java:62)
	at sun.reflect.DelegatingMethodAccessorImpl.invoke(DelegatingMethodAccessorImpl.java:43)
	at java.lang.reflect.Method.invoke(Method.java:498)
	at org.apache.maven.surefire.util.ReflectionUtils.invokeMethodWithArray(ReflectionUtils.java:189)
	at org.apache.maven.surefire.booter.ProviderFactory$ProviderProxy.invoke(ProviderFactory.java:165)
	at org.apache.maven.surefire.booter.ProviderFactory.invokeProvider(ProviderFactory.java:85)
	at org.apache.maven.surefire.booter.ForkedBooter.runSuitesInProcess(ForkedBooter.java:115)
	at org.apache.maven.surefire.booter.ForkedBooter.main(ForkedBooter.java:75)
]]>
    </failure>
  </testcase> <!-- TestAboutShare51 -->
  <testcase name="TestAboutShare82" time="4.029" classname="Tests.BlogTest">
    <failure type="java.lang.AssertionError" message="The following asserts failed:
	expected [Семестр университета в Украине стоит недешево и даже если речь идет о бюджетной форме, расходов не избежать: канцелярия, учебники, аренда жилья, оплата курсов и даже проезд домой. Где взять деньги и что делать, если они нужны уже сегодня?] but found [Когда начинают звонить сотрудники коллекторской компании, начинаешь думать о том, насколько законны их действия и стоит ли им платить? Имеет ли банк право «подключить» к работе 3-х лиц, если процесс взыскания станет эффективнее?],
	expected [http://dev2.mycredit.com.ua/ru/blog/gde-vzyat-kredit-studentam-na-obuchenie/] but found [http://dev2.mycredit.com.ua/ru/blog/kak-ne-platit-kredit-kollektoram-v-ukraine/]">
      <![CDATA[java.lang.AssertionError: The following asserts failed:
	expected [Семестр университета в Украине стоит недешево и даже если речь идет о бюджетной форме, расходов не избежать: канцелярия, учебники, аренда жилья, оплата курсов и даже проезд домой. Где взять деньги и что делать, если они нужны уже сегодня?] but found [Когда начинают звонить сотрудники коллекторской компании, начинаешь думать о том, насколько законны их действия и стоит ли им платить? Имеет ли банк право «подключить» к работе 3-х лиц, если процесс взыскания станет эффективнее?],
	expected [http://dev2.mycredit.com.ua/ru/blog/gde-vzyat-kredit-studentam-na-obuchenie/] but found [http://dev2.mycredit.com.ua/ru/blog/kak-ne-platit-kredit-kollektoram-v-ukraine/]
	at org.testng.asserts.SoftAssert.assertAll(SoftAssert.java:43)
	at Tests.BlogTest.TestAboutShare82(BlogTest.java:1084)
	at sun.reflect.NativeMethodAccessorImpl.invoke0(Native Method)
	at sun.reflect.NativeMethodAccessorImpl.invoke(NativeMethodAccessorImpl.java:62)
	at sun.reflect.DelegatingMethodAccessorImpl.invoke(DelegatingMethodAccessorImpl.java:43)
	at java.lang.reflect.Method.invoke(Method.java:498)
	at org.testng.internal.MethodInvocationHelper.invokeMethod(MethodInvocationHelper.java:108)
	at org.testng.internal.Invoker.invokeMethod(Invoker.java:661)
	at org.testng.internal.Invoker.invokeTestMethod(Invoker.java:869)
	at org.testng.internal.Invoker.invokeTestMethods(Invoker.java:1193)
	at org.testng.internal.TestMethodWorker.invokeTestMethods(TestMethodWorker.java:126)
	at org.testng.internal.TestMethodWorker.run(TestMethodWorker.java:109)
	at org.testng.TestRunner.privateRun(TestRunner.java:744)
	at org.testng.TestRunner.run(TestRunner.java:602)
	at org.testng.SuiteRunner.runTest(SuiteRunner.java:380)
	at org.testng.SuiteRunner.runSequentially(SuiteRunner.java:375)
	at org.testng.SuiteRunner.privateRun(SuiteRunner.java:340)
	at org.testng.SuiteRunner.run(SuiteRunner.java:289)
	at org.testng.SuiteRunnerWorker.runSuite(SuiteRunnerWorker.java:52)
	at org.testng.SuiteRunnerWorker.run(SuiteRunnerWorker.java:86)
	at org.testng.TestNG.runSuitesSequentially(TestNG.java:1301)
	at org.testng.TestNG.runSuitesLocally(TestNG.java:1226)
	at org.testng.TestNG.runSuites(TestNG.java:1144)
	at org.testng.TestNG.run(TestNG.java:1115)
	at org.apache.maven.surefire.testng.TestNGExecutor.run(TestNGExecutor.java:77)
	at org.apache.maven.surefire.testng.TestNGDirectoryTestSuite.executeMulti(TestNGDirectoryTestSuite.java:159)
	at org.apache.maven.surefire.testng.TestNGDirectoryTestSuite.execute(TestNGDirectoryTestSuite.java:99)
	at org.apache.maven.surefire.testng.TestNGProvider.invoke(TestNGProvider.java:106)
	at sun.reflect.NativeMethodAccessorImpl.invoke0(Native Method)
	at sun.reflect.NativeMethodAccessorImpl.invoke(NativeMethodAccessorImpl.java:62)
	at sun.reflect.DelegatingMethodAccessorImpl.invoke(DelegatingMethodAccessorImpl.java:43)
	at java.lang.reflect.Method.invoke(Method.java:498)
	at org.apache.maven.surefire.util.ReflectionUtils.invokeMethodWithArray(ReflectionUtils.java:189)
	at org.apache.maven.surefire.booter.ProviderFactory$ProviderProxy.invoke(ProviderFactory.java:165)
	at org.apache.maven.surefire.booter.ProviderFactory.invokeProvider(ProviderFactory.java:85)
	at org.apache.maven.surefire.booter.ForkedBooter.runSuitesInProcess(ForkedBooter.java:115)
	at org.apache.maven.surefire.booter.ForkedBooter.main(ForkedBooter.java:75)
]]>
    </failure>
  </testcase> <!-- TestAboutShare82 -->
  <testcase name="TestButtonEleven" time="3.045" classname="Tests.BlogTest">
    <failure type="java.lang.AssertionError" message="The following asserts failed:
	expected [Семестр университета в Украине стоит недешево и даже если речь идет о бюджетной форме, расходов не избежать: канцелярия, учебники, аренда жилья, оплата курсов и даже проезд домой. Где взять деньги и что делать, если они нужны уже сегодня?] but found [Когда начинают звонить сотрудники коллекторской компании, начинаешь думать о том, насколько законны их действия и стоит ли им платить? Имеет ли банк право «подключить» к работе 3-х лиц, если процесс взыскания станет эффективнее?],
	expected [http://dev2.mycredit.com.ua/ru/blog/gde-vzyat-kredit-studentam-na-obuchenie/] but found [http://dev2.mycredit.com.ua/ru/blog/kak-ne-platit-kredit-kollektoram-v-ukraine/]">
      <![CDATA[java.lang.AssertionError: The following asserts failed:
	expected [Семестр университета в Украине стоит недешево и даже если речь идет о бюджетной форме, расходов не избежать: канцелярия, учебники, аренда жилья, оплата курсов и даже проезд домой. Где взять деньги и что делать, если они нужны уже сегодня?] but found [Когда начинают звонить сотрудники коллекторской компании, начинаешь думать о том, насколько законны их действия и стоит ли им платить? Имеет ли банк право «подключить» к работе 3-х лиц, если процесс взыскания станет эффективнее?],
	expected [http://dev2.mycredit.com.ua/ru/blog/gde-vzyat-kredit-studentam-na-obuchenie/] but found [http://dev2.mycredit.com.ua/ru/blog/kak-ne-platit-kredit-kollektoram-v-ukraine/]
	at org.testng.asserts.SoftAssert.assertAll(SoftAssert.java:43)
	at Tests.BlogTest.TestButtonEleven(BlogTest.java:815)
	at sun.reflect.NativeMethodAccessorImpl.invoke0(Native Method)
	at sun.reflect.NativeMethodAccessorImpl.invoke(NativeMethodAccessorImpl.java:62)
	at sun.reflect.DelegatingMethodAccessorImpl.invoke(DelegatingMethodAccessorImpl.java:43)
	at java.lang.reflect.Method.invoke(Method.java:498)
	at org.testng.internal.MethodInvocationHelper.invokeMethod(MethodInvocationHelper.java:108)
	at org.testng.internal.Invoker.invokeMethod(Invoker.java:661)
	at org.testng.internal.Invoker.invokeTestMethod(Invoker.java:869)
	at org.testng.internal.Invoker.invokeTestMethods(Invoker.java:1193)
	at org.testng.internal.TestMethodWorker.invokeTestMethods(TestMethodWorker.java:126)
	at org.testng.internal.TestMethodWorker.run(TestMethodWorker.java:109)
	at org.testng.TestRunner.privateRun(TestRunner.java:744)
	at org.testng.TestRunner.run(TestRunner.java:602)
	at org.testng.SuiteRunner.runTest(SuiteRunner.java:380)
	at org.testng.SuiteRunner.runSequentially(SuiteRunner.java:375)
	at org.testng.SuiteRunner.privateRun(SuiteRunner.java:340)
	at org.testng.SuiteRunner.run(SuiteRunner.java:289)
	at org.testng.SuiteRunnerWorker.runSuite(SuiteRunnerWorker.java:52)
	at org.testng.SuiteRunnerWorker.run(SuiteRunnerWorker.java:86)
	at org.testng.TestNG.runSuitesSequentially(TestNG.java:1301)
	at org.testng.TestNG.runSuitesLocally(TestNG.java:1226)
	at org.testng.TestNG.runSuites(TestNG.java:1144)
	at org.testng.TestNG.run(TestNG.java:1115)
	at org.apache.maven.surefire.testng.TestNGExecutor.run(TestNGExecutor.java:77)
	at org.apache.maven.surefire.testng.TestNGDirectoryTestSuite.executeMulti(TestNGDirectoryTestSuite.java:159)
	at org.apache.maven.surefire.testng.TestNGDirectoryTestSuite.execute(TestNGDirectoryTestSuite.java:99)
	at org.apache.maven.surefire.testng.TestNGProvider.invoke(TestNGProvider.java:106)
	at sun.reflect.NativeMethodAccessorImpl.invoke0(Native Method)
	at sun.reflect.NativeMethodAccessorImpl.invoke(NativeMethodAccessorImpl.java:62)
	at sun.reflect.DelegatingMethodAccessorImpl.invoke(DelegatingMethodAccessorImpl.java:43)
	at java.lang.reflect.Method.invoke(Method.java:498)
	at org.apache.maven.surefire.util.ReflectionUtils.invokeMethodWithArray(ReflectionUtils.java:189)
	at org.apache.maven.surefire.booter.ProviderFactory$ProviderProxy.invoke(ProviderFactory.java:165)
	at org.apache.maven.surefire.booter.ProviderFactory.invokeProvider(ProviderFactory.java:85)
	at org.apache.maven.surefire.booter.ForkedBooter.runSuitesInProcess(ForkedBooter.java:115)
	at org.apache.maven.surefire.booter.ForkedBooter.main(ForkedBooter.java:75)
]]>
    </failure>
  </testcase> <!-- TestButtonEleven -->
  <testcase name="TestSharesHeader" time="1.603" classname="Tests.BlogTest">
    <failure type="java.lang.AssertionError" message="The following asserts failed:
	expected [Семестр университета в Украине стоит недешево и даже если речь идет о бюджетной форме, расходов не избежать: канцелярия, учебники, аренда жилья, оплата курсов и даже проезд домой. Где взять деньги и что делать, если они нужны уже сегодня?] but found [Когда начинают звонить сотрудники коллекторской компании, начинаешь думать о том, насколько законны их действия и стоит ли им платить? Имеет ли банк право «подключить» к работе 3-х лиц, если процесс взыскания станет эффективнее?],
	expected [http://dev2.mycredit.com.ua/ru/blog/gde-vzyat-kredit-studentam-na-obuchenie/] but found [http://dev2.mycredit.com.ua/ru/blog/kak-ne-platit-kredit-kollektoram-v-ukraine/]">
      <![CDATA[java.lang.AssertionError: The following asserts failed:
	expected [Семестр университета в Украине стоит недешево и даже если речь идет о бюджетной форме, расходов не избежать: канцелярия, учебники, аренда жилья, оплата курсов и даже проезд домой. Где взять деньги и что делать, если они нужны уже сегодня?] but found [Когда начинают звонить сотрудники коллекторской компании, начинаешь думать о том, насколько законны их действия и стоит ли им платить? Имеет ли банк право «подключить» к работе 3-х лиц, если процесс взыскания станет эффективнее?],
	expected [http://dev2.mycredit.com.ua/ru/blog/gde-vzyat-kredit-studentam-na-obuchenie/] but found [http://dev2.mycredit.com.ua/ru/blog/kak-ne-platit-kredit-kollektoram-v-ukraine/]
	at org.testng.asserts.SoftAssert.assertAll(SoftAssert.java:43)
	at Tests.BlogTest.TestSharesHeader(BlogTest.java:42)
	at sun.reflect.NativeMethodAccessorImpl.invoke0(Native Method)
	at sun.reflect.NativeMethodAccessorImpl.invoke(NativeMethodAccessorImpl.java:62)
	at sun.reflect.DelegatingMethodAccessorImpl.invoke(DelegatingMethodAccessorImpl.java:43)
	at java.lang.reflect.Method.invoke(Method.java:498)
	at org.testng.internal.MethodInvocationHelper.invokeMethod(MethodInvocationHelper.java:108)
	at org.testng.internal.Invoker.invokeMethod(Invoker.java:661)
	at org.testng.internal.Invoker.invokeTestMethod(Invoker.java:869)
	at org.testng.internal.Invoker.invokeTestMethods(Invoker.java:1193)
	at org.testng.internal.TestMethodWorker.invokeTestMethods(TestMethodWorker.java:126)
	at org.testng.internal.TestMethodWorker.run(TestMethodWorker.java:109)
	at org.testng.TestRunner.privateRun(TestRunner.java:744)
	at org.testng.TestRunner.run(TestRunner.java:602)
	at org.testng.SuiteRunner.runTest(SuiteRunner.java:380)
	at org.testng.SuiteRunner.runSequentially(SuiteRunner.java:375)
	at org.testng.SuiteRunner.privateRun(SuiteRunner.java:340)
	at org.testng.SuiteRunner.run(SuiteRunner.java:289)
	at org.testng.SuiteRunnerWorker.runSuite(SuiteRunnerWorker.java:52)
	at org.testng.SuiteRunnerWorker.run(SuiteRunnerWorker.java:86)
	at org.testng.TestNG.runSuitesSequentially(TestNG.java:1301)
	at org.testng.TestNG.runSuitesLocally(TestNG.java:1226)
	at org.testng.TestNG.runSuites(TestNG.java:1144)
	at org.testng.TestNG.run(TestNG.java:1115)
	at org.apache.maven.surefire.testng.TestNGExecutor.run(TestNGExecutor.java:77)
	at org.apache.maven.surefire.testng.TestNGDirectoryTestSuite.executeMulti(TestNGDirectoryTestSuite.java:159)
	at org.apache.maven.surefire.testng.TestNGDirectoryTestSuite.execute(TestNGDirectoryTestSuite.java:99)
	at org.apache.maven.surefire.testng.TestNGProvider.invoke(TestNGProvider.java:106)
	at sun.reflect.NativeMethodAccessorImpl.invoke0(Native Method)
	at sun.reflect.NativeMethodAccessorImpl.invoke(NativeMethodAccessorImpl.java:62)
	at sun.reflect.DelegatingMethodAccessorImpl.invoke(DelegatingMethodAccessorImpl.java:43)
	at java.lang.reflect.Method.invoke(Method.java:498)
	at org.apache.maven.surefire.util.ReflectionUtils.invokeMethodWithArray(ReflectionUtils.java:189)
	at org.apache.maven.surefire.booter.ProviderFactory$ProviderProxy.invoke(ProviderFactory.java:165)
	at org.apache.maven.surefire.booter.ProviderFactory.invokeProvider(ProviderFactory.java:85)
	at org.apache.maven.surefire.booter.ForkedBooter.runSuitesInProcess(ForkedBooter.java:115)
	at org.apache.maven.surefire.booter.ForkedBooter.main(ForkedBooter.java:75)
]]>
    </failure>
  </testcase> <!-- TestSharesHeader -->
  <testcase name="TestAboutShare44" time="4.261" classname="Tests.BlogTest">
    <failure type="java.lang.AssertionError" message="The following asserts failed:
	expected [Семестр университета в Украине стоит недешево и даже если речь идет о бюджетной форме, расходов не избежать: канцелярия, учебники, аренда жилья, оплата курсов и даже проезд домой. Где взять деньги и что делать, если они нужны уже сегодня?] but found [Когда начинают звонить сотрудники коллекторской компании, начинаешь думать о том, насколько законны их действия и стоит ли им платить? Имеет ли банк право «подключить» к работе 3-х лиц, если процесс взыскания станет эффективнее?],
	expected [http://dev2.mycredit.com.ua/ru/blog/gde-vzyat-kredit-studentam-na-obuchenie/] but found [http://dev2.mycredit.com.ua/ru/blog/kak-ne-platit-kredit-kollektoram-v-ukraine/]">
      <![CDATA[java.lang.AssertionError: The following asserts failed:
	expected [Семестр университета в Украине стоит недешево и даже если речь идет о бюджетной форме, расходов не избежать: канцелярия, учебники, аренда жилья, оплата курсов и даже проезд домой. Где взять деньги и что делать, если они нужны уже сегодня?] but found [Когда начинают звонить сотрудники коллекторской компании, начинаешь думать о том, насколько законны их действия и стоит ли им платить? Имеет ли банк право «подключить» к работе 3-х лиц, если процесс взыскания станет эффективнее?],
	expected [http://dev2.mycredit.com.ua/ru/blog/gde-vzyat-kredit-studentam-na-obuchenie/] but found [http://dev2.mycredit.com.ua/ru/blog/kak-ne-platit-kredit-kollektoram-v-ukraine/]
	at org.testng.asserts.SoftAssert.assertAll(SoftAssert.java:43)
	at Tests.BlogTest.TestAboutShare44(BlogTest.java:612)
	at sun.reflect.NativeMethodAccessorImpl.invoke0(Native Method)
	at sun.reflect.NativeMethodAccessorImpl.invoke(NativeMethodAccessorImpl.java:62)
	at sun.reflect.DelegatingMethodAccessorImpl.invoke(DelegatingMethodAccessorImpl.java:43)
	at java.lang.reflect.Method.invoke(Method.java:498)
	at org.testng.internal.MethodInvocationHelper.invokeMethod(MethodInvocationHelper.java:108)
	at org.testng.internal.Invoker.invokeMethod(Invoker.java:661)
	at org.testng.internal.Invoker.invokeTestMethod(Invoker.java:869)
	at org.testng.internal.Invoker.invokeTestMethods(Invoker.java:1193)
	at org.testng.internal.TestMethodWorker.invokeTestMethods(TestMethodWorker.java:126)
	at org.testng.internal.TestMethodWorker.run(TestMethodWorker.java:109)
	at org.testng.TestRunner.privateRun(TestRunner.java:744)
	at org.testng.TestRunner.run(TestRunner.java:602)
	at org.testng.SuiteRunner.runTest(SuiteRunner.java:380)
	at org.testng.SuiteRunner.runSequentially(SuiteRunner.java:375)
	at org.testng.SuiteRunner.privateRun(SuiteRunner.java:340)
	at org.testng.SuiteRunner.run(SuiteRunner.java:289)
	at org.testng.SuiteRunnerWorker.runSuite(SuiteRunnerWorker.java:52)
	at org.testng.SuiteRunnerWorker.run(SuiteRunnerWorker.java:86)
	at org.testng.TestNG.runSuitesSequentially(TestNG.java:1301)
	at org.testng.TestNG.runSuitesLocally(TestNG.java:1226)
	at org.testng.TestNG.runSuites(TestNG.java:1144)
	at org.testng.TestNG.run(TestNG.java:1115)
	at org.apache.maven.surefire.testng.TestNGExecutor.run(TestNGExecutor.java:77)
	at org.apache.maven.surefire.testng.TestNGDirectoryTestSuite.executeMulti(TestNGDirectoryTestSuite.java:159)
	at org.apache.maven.surefire.testng.TestNGDirectoryTestSuite.execute(TestNGDirectoryTestSuite.java:99)
	at org.apache.maven.surefire.testng.TestNGProvider.invoke(TestNGProvider.java:106)
	at sun.reflect.NativeMethodAccessorImpl.invoke0(Native Method)
	at sun.reflect.NativeMethodAccessorImpl.invoke(NativeMethodAccessorImpl.java:62)
	at sun.reflect.DelegatingMethodAccessorImpl.invoke(DelegatingMethodAccessorImpl.java:43)
	at java.lang.reflect.Method.invoke(Method.java:498)
	at org.apache.maven.surefire.util.ReflectionUtils.invokeMethodWithArray(ReflectionUtils.java:189)
	at org.apache.maven.surefire.booter.ProviderFactory$ProviderProxy.invoke(ProviderFactory.java:165)
	at org.apache.maven.surefire.booter.ProviderFactory.invokeProvider(ProviderFactory.java:85)
	at org.apache.maven.surefire.booter.ForkedBooter.runSuitesInProcess(ForkedBooter.java:115)
	at org.apache.maven.surefire.booter.ForkedBooter.main(ForkedBooter.java:75)
]]>
    </failure>
  </testcase> <!-- TestAboutShare44 -->
  <testcase name="TestAboutShare73" time="4.418" classname="Tests.BlogTest">
    <failure type="java.lang.AssertionError" message="The following asserts failed:
	expected [Семестр университета в Украине стоит недешево и даже если речь идет о бюджетной форме, расходов не избежать: канцелярия, учебники, аренда жилья, оплата курсов и даже проезд домой. Где взять деньги и что делать, если они нужны уже сегодня?] but found [Когда начинают звонить сотрудники коллекторской компании, начинаешь думать о том, насколько законны их действия и стоит ли им платить? Имеет ли банк право «подключить» к работе 3-х лиц, если процесс взыскания станет эффективнее?],
	expected [http://dev2.mycredit.com.ua/ru/blog/gde-vzyat-kredit-studentam-na-obuchenie/] but found [http://dev2.mycredit.com.ua/ru/blog/kak-ne-platit-kredit-kollektoram-v-ukraine/]">
      <![CDATA[java.lang.AssertionError: The following asserts failed:
	expected [Семестр университета в Украине стоит недешево и даже если речь идет о бюджетной форме, расходов не избежать: канцелярия, учебники, аренда жилья, оплата курсов и даже проезд домой. Где взять деньги и что делать, если они нужны уже сегодня?] but found [Когда начинают звонить сотрудники коллекторской компании, начинаешь думать о том, насколько законны их действия и стоит ли им платить? Имеет ли банк право «подключить» к работе 3-х лиц, если процесс взыскания станет эффективнее?],
	expected [http://dev2.mycredit.com.ua/ru/blog/gde-vzyat-kredit-studentam-na-obuchenie/] but found [http://dev2.mycredit.com.ua/ru/blog/kak-ne-platit-kredit-kollektoram-v-ukraine/]
	at org.testng.asserts.SoftAssert.assertAll(SoftAssert.java:43)
	at Tests.BlogTest.TestAboutShare73(BlogTest.java:976)
	at sun.reflect.NativeMethodAccessorImpl.invoke0(Native Method)
	at sun.reflect.NativeMethodAccessorImpl.invoke(NativeMethodAccessorImpl.java:62)
	at sun.reflect.DelegatingMethodAccessorImpl.invoke(DelegatingMethodAccessorImpl.java:43)
	at java.lang.reflect.Method.invoke(Method.java:498)
	at org.testng.internal.MethodInvocationHelper.invokeMethod(MethodInvocationHelper.java:108)
	at org.testng.internal.Invoker.invokeMethod(Invoker.java:661)
	at org.testng.internal.Invoker.invokeTestMethod(Invoker.java:869)
	at org.testng.internal.Invoker.invokeTestMethods(Invoker.java:1193)
	at org.testng.internal.TestMethodWorker.invokeTestMethods(TestMethodWorker.java:126)
	at org.testng.internal.TestMethodWorker.run(TestMethodWorker.java:109)
	at org.testng.TestRunner.privateRun(TestRunner.java:744)
	at org.testng.TestRunner.run(TestRunner.java:602)
	at org.testng.SuiteRunner.runTest(SuiteRunner.java:380)
	at org.testng.SuiteRunner.runSequentially(SuiteRunner.java:375)
	at org.testng.SuiteRunner.privateRun(SuiteRunner.java:340)
	at org.testng.SuiteRunner.run(SuiteRunner.java:289)
	at org.testng.SuiteRunnerWorker.runSuite(SuiteRunnerWorker.java:52)
	at org.testng.SuiteRunnerWorker.run(SuiteRunnerWorker.java:86)
	at org.testng.TestNG.runSuitesSequentially(TestNG.java:1301)
	at org.testng.TestNG.runSuitesLocally(TestNG.java:1226)
	at org.testng.TestNG.runSuites(TestNG.java:1144)
	at org.testng.TestNG.run(TestNG.java:1115)
	at org.apache.maven.surefire.testng.TestNGExecutor.run(TestNGExecutor.java:77)
	at org.apache.maven.surefire.testng.TestNGDirectoryTestSuite.executeMulti(TestNGDirectoryTestSuite.java:159)
	at org.apache.maven.surefire.testng.TestNGDirectoryTestSuite.execute(TestNGDirectoryTestSuite.java:99)
	at org.apache.maven.surefire.testng.TestNGProvider.invoke(TestNGProvider.java:106)
	at sun.reflect.NativeMethodAccessorImpl.invoke0(Native Method)
	at sun.reflect.NativeMethodAccessorImpl.invoke(NativeMethodAccessorImpl.java:62)
	at sun.reflect.DelegatingMethodAccessorImpl.invoke(DelegatingMethodAccessorImpl.java:43)
	at java.lang.reflect.Method.invoke(Method.java:498)
	at org.apache.maven.surefire.util.ReflectionUtils.invokeMethodWithArray(ReflectionUtils.java:189)
	at org.apache.maven.surefire.booter.ProviderFactory$ProviderProxy.invoke(ProviderFactory.java:165)
	at org.apache.maven.surefire.booter.ProviderFactory.invokeProvider(ProviderFactory.java:85)
	at org.apache.maven.surefire.booter.ForkedBooter.runSuitesInProcess(ForkedBooter.java:115)
	at org.apache.maven.surefire.booter.ForkedBooter.main(ForkedBooter.java:75)
]]>
    </failure>
  </testcase> <!-- TestAboutShare73 -->
  <testcase name="TestAboutShare22" time="4.099" classname="Tests.BlogTest"/>
  <testcase name="TestAboutShare38" time="18.677" classname="Tests.BlogTest">
    <error type="org.openqa.selenium.NoSuchElementException" message="no such element: Unable to locate element: {&quot;method&quot;:&quot;xpath&quot;,&quot;selector&quot;:&quot;/html/body/div[1]/div[4]/div/div[2]/div/div[2]/div/div[1]/div[2]/p[1]&quot;}
  (Session info: chrome=61.0.3163.100)
  (Driver info: chromedriver=2.33.506120 (e3e53437346286c0bc2d2dc9aa4915ba81d9023f),platform=Windows NT 10.0.15063 x86_64) (WARNING: The server did not provide any stacktrace information)
Command duration or timeout: 7.01 seconds
For documentation on this error, please visit: http://seleniumhq.org/exceptions/no_such_element.html
Build info: version: &#039;2.53.1&#039;, revision: &#039;a36b8b1cd5757287168e54b817830adce9b0158d&#039;, time: &#039;2016-06-30 19:26:09&#039;
System info: host: &#039;DESKTOP-2VD0QVH&#039;, ip: &#039;192.168.1.118&#039;, os.name: &#039;Windows 10&#039;, os.arch: &#039;amd64&#039;, os.version: &#039;10.0&#039;, java.version: &#039;1.8.0_144&#039;
Driver info: org.openqa.selenium.chrome.ChromeDriver
Capabilities [{applicationCacheEnabled=false, rotatable=false, mobileEmulationEnabled=false, networkConnectionEnabled=false, chrome={chromedriverVersion=2.33.506120 (e3e53437346286c0bc2d2dc9aa4915ba81d9023f), userDataDir=C:\Users\user\AppData\Local\Temp\scoped_dir51096_23193}, takesHeapSnapshot=true, pageLoadStrategy=normal, databaseEnabled=false, handlesAlerts=true, hasTouchScreen=false, version=61.0.3163.100, platform=XP, browserConnectionEnabled=false, nativeEvents=true, acceptSslCerts=true, locationContextEnabled=true, webStorageEnabled=true, browserName=chrome, takesScreenshot=true, javascriptEnabled=true, cssSelectorsEnabled=true, setWindowRect=true, unexpectedAlertBehaviour=}]
Session ID: 3fb7fe4d91a211b6eda11b6c4514f329
*** Element info: {Using=xpath, value=/html/body/div[1]/div[4]/div/div[2]/div/div[2]/div/div[1]/div[2]/p[1]}">
      <![CDATA[org.openqa.selenium.NoSuchElementException: no such element: Unable to locate element: {"method":"xpath","selector":"/html/body/div[1]/div[4]/div/div[2]/div/div[2]/div/div[1]/div[2]/p[1]"}
  (Session info: chrome=61.0.3163.100)
  (Driver info: chromedriver=2.33.506120 (e3e53437346286c0bc2d2dc9aa4915ba81d9023f),platform=Windows NT 10.0.15063 x86_64) (WARNING: The server did not provide any stacktrace information)
Command duration or timeout: 7.01 seconds
For documentation on this error, please visit: http://seleniumhq.org/exceptions/no_such_element.html
Build info: version: '2.53.1', revision: 'a36b8b1cd5757287168e54b817830adce9b0158d', time: '2016-06-30 19:26:09'
System info: host: 'DESKTOP-2VD0QVH', ip: '192.168.1.118', os.name: 'Windows 10', os.arch: 'amd64', os.version: '10.0', java.version: '1.8.0_144'
Driver info: org.openqa.selenium.chrome.ChromeDriver
Capabilities [{applicationCacheEnabled=false, rotatable=false, mobileEmulationEnabled=false, networkConnectionEnabled=false, chrome={chromedriverVersion=2.33.506120 (e3e53437346286c0bc2d2dc9aa4915ba81d9023f), userDataDir=C:\Users\user\AppData\Local\Temp\scoped_dir51096_23193}, takesHeapSnapshot=true, pageLoadStrategy=normal, databaseEnabled=false, handlesAlerts=true, hasTouchScreen=false, version=61.0.3163.100, platform=XP, browserConnectionEnabled=false, nativeEvents=true, acceptSslCerts=true, locationContextEnabled=true, webStorageEnabled=true, browserName=chrome, takesScreenshot=true, javascriptEnabled=true, cssSelectorsEnabled=true, setWindowRect=true, unexpectedAlertBehaviour=}]
Session ID: 3fb7fe4d91a211b6eda11b6c4514f329
*** Element info: {Using=xpath, value=/html/body/div[1]/div[4]/div/div[2]/div/div[2]/div/div[1]/div[2]/p[1]}
	at sun.reflect.NativeConstructorAccessorImpl.newInstance0(Native Method)
	at sun.reflect.NativeConstructorAccessorImpl.newInstance(NativeConstructorAccessorImpl.java:62)
	at sun.reflect.DelegatingConstructorAccessorImpl.newInstance(DelegatingConstructorAccessorImpl.java:45)
	at java.lang.reflect.Constructor.newInstance(Constructor.java:423)
	at org.openqa.selenium.remote.ErrorHandler.createThrowable(ErrorHandler.java:206)
	at org.openqa.selenium.remote.ErrorHandler.throwIfResponseFailed(ErrorHandler.java:158)
	at org.openqa.selenium.remote.RemoteWebDriver.execute(RemoteWebDriver.java:678)
	at org.openqa.selenium.remote.RemoteWebDriver.findElement(RemoteWebDriver.java:363)
	at org.openqa.selenium.remote.RemoteWebDriver.findElementByXPath(RemoteWebDriver.java:500)
	at org.openqa.selenium.By$ByXPath.findElement(By.java:361)
	at org.openqa.selenium.remote.RemoteWebDriver.findElement(RemoteWebDriver.java:355)
	at Pages.BlogPage.Gettext(BlogPage.java:105)
	at Tests.BlogTest.TestAboutShare38(BlogTest.java:534)
	at sun.reflect.NativeMethodAccessorImpl.invoke0(Native Method)
	at sun.reflect.NativeMethodAccessorImpl.invoke(NativeMethodAccessorImpl.java:62)
	at sun.reflect.DelegatingMethodAccessorImpl.invoke(DelegatingMethodAccessorImpl.java:43)
	at java.lang.reflect.Method.invoke(Method.java:498)
	at org.testng.internal.MethodInvocationHelper.invokeMethod(MethodInvocationHelper.java:108)
	at org.testng.internal.Invoker.invokeMethod(Invoker.java:661)
	at org.testng.internal.Invoker.invokeTestMethod(Invoker.java:869)
	at org.testng.internal.Invoker.invokeTestMethods(Invoker.java:1193)
	at org.testng.internal.TestMethodWorker.invokeTestMethods(TestMethodWorker.java:126)
	at org.testng.internal.TestMethodWorker.run(TestMethodWorker.java:109)
	at org.testng.TestRunner.privateRun(TestRunner.java:744)
	at org.testng.TestRunner.run(TestRunner.java:602)
	at org.testng.SuiteRunner.runTest(SuiteRunner.java:380)
	at org.testng.SuiteRunner.runSequentially(SuiteRunner.java:375)
	at org.testng.SuiteRunner.privateRun(SuiteRunner.java:340)
	at org.testng.SuiteRunner.run(SuiteRunner.java:289)
	at org.testng.SuiteRunnerWorker.runSuite(SuiteRunnerWorker.java:52)
	at org.testng.SuiteRunnerWorker.run(SuiteRunnerWorker.java:86)
	at org.testng.TestNG.runSuitesSequentially(TestNG.java:1301)
	at org.testng.TestNG.runSuitesLocally(TestNG.java:1226)
	at org.testng.TestNG.runSuites(TestNG.java:1144)
	at org.testng.TestNG.run(TestNG.java:1115)
	at org.apache.maven.surefire.testng.TestNGExecutor.run(TestNGExecutor.java:77)
	at org.apache.maven.surefire.testng.TestNGDirectoryTestSuite.executeMulti(TestNGDirectoryTestSuite.java:159)
	at org.apache.maven.surefire.testng.TestNGDirectoryTestSuite.execute(TestNGDirectoryTestSuite.java:99)
	at org.apache.maven.surefire.testng.TestNGProvider.invoke(TestNGProvider.java:106)
	at sun.reflect.NativeMethodAccessorImpl.invoke0(Native Method)
	at sun.reflect.NativeMethodAccessorImpl.invoke(NativeMethodAccessorImpl.java:62)
	at sun.reflect.DelegatingMethodAccessorImpl.invoke(DelegatingMethodAccessorImpl.java:43)
	at java.lang.reflect.Method.invoke(Method.java:498)
	at org.apache.maven.surefire.util.ReflectionUtils.invokeMethodWithArray(ReflectionUtils.java:189)
	at org.apache.maven.surefire.booter.ProviderFactory$ProviderProxy.invoke(ProviderFactory.java:165)
	at org.apache.maven.surefire.booter.ProviderFactory.invokeProvider(ProviderFactory.java:85)
	at org.apache.maven.surefire.booter.ForkedBooter.runSuitesInProcess(ForkedBooter.java:115)
	at org.apache.maven.surefire.booter.ForkedBooter.main(ForkedBooter.java:75)
]]>
    </error>
  </testcase> <!-- TestAboutShare38 -->
  <testcase name="TestShareSitebar" time="5.379" classname="Tests.BlogTest">
    <failure type="java.lang.AssertionError" message="The following asserts failed:
	expected [Семестр университета в Украине стоит недешево и даже если речь идет о бюджетной форме, расходов не избежать: канцелярия, учебники, аренда жилья, оплата курсов и даже проезд домой. Где взять деньги и что делать, если они нужны уже сегодня?] but found [Когда начинают звонить сотрудники коллекторской компании, начинаешь думать о том, насколько законны их действия и стоит ли им платить? Имеет ли банк право «подключить» к работе 3-х лиц, если процесс взыскания станет эффективнее?],
	expected [http://dev2.mycredit.com.ua/ru/blog/gde-vzyat-kredit-studentam-na-obuchenie/] but found [http://dev2.mycredit.com.ua/ru/blog/kak-ne-platit-kredit-kollektoram-v-ukraine/]">
      <![CDATA[java.lang.AssertionError: The following asserts failed:
	expected [Семестр университета в Украине стоит недешево и даже если речь идет о бюджетной форме, расходов не избежать: канцелярия, учебники, аренда жилья, оплата курсов и даже проезд домой. Где взять деньги и что делать, если они нужны уже сегодня?] but found [Когда начинают звонить сотрудники коллекторской компании, начинаешь думать о том, насколько законны их действия и стоит ли им платить? Имеет ли банк право «подключить» к работе 3-х лиц, если процесс взыскания станет эффективнее?],
	expected [http://dev2.mycredit.com.ua/ru/blog/gde-vzyat-kredit-studentam-na-obuchenie/] but found [http://dev2.mycredit.com.ua/ru/blog/kak-ne-platit-kredit-kollektoram-v-ukraine/]
	at org.testng.asserts.SoftAssert.assertAll(SoftAssert.java:43)
	at Tests.BlogTest.TestShareSitebar(BlogTest.java:1204)
	at sun.reflect.NativeMethodAccessorImpl.invoke0(Native Method)
	at sun.reflect.NativeMethodAccessorImpl.invoke(NativeMethodAccessorImpl.java:62)
	at sun.reflect.DelegatingMethodAccessorImpl.invoke(DelegatingMethodAccessorImpl.java:43)
	at java.lang.reflect.Method.invoke(Method.java:498)
	at org.testng.internal.MethodInvocationHelper.invokeMethod(MethodInvocationHelper.java:108)
	at org.testng.internal.Invoker.invokeMethod(Invoker.java:661)
	at org.testng.internal.Invoker.invokeTestMethod(Invoker.java:869)
	at org.testng.internal.Invoker.invokeTestMethods(Invoker.java:1193)
	at org.testng.internal.TestMethodWorker.invokeTestMethods(TestMethodWorker.java:126)
	at org.testng.internal.TestMethodWorker.run(TestMethodWorker.java:109)
	at org.testng.TestRunner.privateRun(TestRunner.java:744)
	at org.testng.TestRunner.run(TestRunner.java:602)
	at org.testng.SuiteRunner.runTest(SuiteRunner.java:380)
	at org.testng.SuiteRunner.runSequentially(SuiteRunner.java:375)
	at org.testng.SuiteRunner.privateRun(SuiteRunner.java:340)
	at org.testng.SuiteRunner.run(SuiteRunner.java:289)
	at org.testng.SuiteRunnerWorker.runSuite(SuiteRunnerWorker.java:52)
	at org.testng.SuiteRunnerWorker.run(SuiteRunnerWorker.java:86)
	at org.testng.TestNG.runSuitesSequentially(TestNG.java:1301)
	at org.testng.TestNG.runSuitesLocally(TestNG.java:1226)
	at org.testng.TestNG.runSuites(TestNG.java:1144)
	at org.testng.TestNG.run(TestNG.java:1115)
	at org.apache.maven.surefire.testng.TestNGExecutor.run(TestNGExecutor.java:77)
	at org.apache.maven.surefire.testng.TestNGDirectoryTestSuite.executeMulti(TestNGDirectoryTestSuite.java:159)
	at org.apache.maven.surefire.testng.TestNGDirectoryTestSuite.execute(TestNGDirectoryTestSuite.java:99)
	at org.apache.maven.surefire.testng.TestNGProvider.invoke(TestNGProvider.java:106)
	at sun.reflect.NativeMethodAccessorImpl.invoke0(Native Method)
	at sun.reflect.NativeMethodAccessorImpl.invoke(NativeMethodAccessorImpl.java:62)
	at sun.reflect.DelegatingMethodAccessorImpl.invoke(DelegatingMethodAccessorImpl.java:43)
	at java.lang.reflect.Method.invoke(Method.java:498)
	at org.apache.maven.surefire.util.ReflectionUtils.invokeMethodWithArray(ReflectionUtils.java:189)
	at org.apache.maven.surefire.booter.ProviderFactory$ProviderProxy.invoke(ProviderFactory.java:165)
	at org.apache.maven.surefire.booter.ProviderFactory.invokeProvider(ProviderFactory.java:85)
	at org.apache.maven.surefire.booter.ForkedBooter.runSuitesInProcess(ForkedBooter.java:115)
	at org.apache.maven.surefire.booter.ForkedBooter.main(ForkedBooter.java:75)
]]>
    </failure>
  </testcase> <!-- TestShareSitebar -->
  <testcase name="TestAboutShare2" time="2.487" classname="Tests.BlogTest"/>
  <testcase name="TestAboutShare52" time="4.213" classname="Tests.BlogTest">
    <failure type="java.lang.AssertionError" message="The following asserts failed:
	expected [Семестр университета в Украине стоит недешево и даже если речь идет о бюджетной форме, расходов не избежать: канцелярия, учебники, аренда жилья, оплата курсов и даже проезд домой. Где взять деньги и что делать, если они нужны уже сегодня?] but found [Когда начинают звонить сотрудники коллекторской компании, начинаешь думать о том, насколько законны их действия и стоит ли им платить? Имеет ли банк право «подключить» к работе 3-х лиц, если процесс взыскания станет эффективнее?],
	expected [http://dev2.mycredit.com.ua/ru/blog/gde-vzyat-kredit-studentam-na-obuchenie/] but found [http://dev2.mycredit.com.ua/ru/blog/kak-ne-platit-kredit-kollektoram-v-ukraine/]">
      <![CDATA[java.lang.AssertionError: The following asserts failed:
	expected [Семестр университета в Украине стоит недешево и даже если речь идет о бюджетной форме, расходов не избежать: канцелярия, учебники, аренда жилья, оплата курсов и даже проезд домой. Где взять деньги и что делать, если они нужны уже сегодня?] but found [Когда начинают звонить сотрудники коллекторской компании, начинаешь думать о том, насколько законны их действия и стоит ли им платить? Имеет ли банк право «подключить» к работе 3-х лиц, если процесс взыскания станет эффективнее?],
	expected [http://dev2.mycredit.com.ua/ru/blog/gde-vzyat-kredit-studentam-na-obuchenie/] but found [http://dev2.mycredit.com.ua/ru/blog/kak-ne-platit-kredit-kollektoram-v-ukraine/]
	at org.testng.asserts.SoftAssert.assertAll(SoftAssert.java:43)
	at Tests.BlogTest.TestAboutShare52(BlogTest.java:709)
	at sun.reflect.NativeMethodAccessorImpl.invoke0(Native Method)
	at sun.reflect.NativeMethodAccessorImpl.invoke(NativeMethodAccessorImpl.java:62)
	at sun.reflect.DelegatingMethodAccessorImpl.invoke(DelegatingMethodAccessorImpl.java:43)
	at java.lang.reflect.Method.invoke(Method.java:498)
	at org.testng.internal.MethodInvocationHelper.invokeMethod(MethodInvocationHelper.java:108)
	at org.testng.internal.Invoker.invokeMethod(Invoker.java:661)
	at org.testng.internal.Invoker.invokeTestMethod(Invoker.java:869)
	at org.testng.internal.Invoker.invokeTestMethods(Invoker.java:1193)
	at org.testng.internal.TestMethodWorker.invokeTestMethods(TestMethodWorker.java:126)
	at org.testng.internal.TestMethodWorker.run(TestMethodWorker.java:109)
	at org.testng.TestRunner.privateRun(TestRunner.java:744)
	at org.testng.TestRunner.run(TestRunner.java:602)
	at org.testng.SuiteRunner.runTest(SuiteRunner.java:380)
	at org.testng.SuiteRunner.runSequentially(SuiteRunner.java:375)
	at org.testng.SuiteRunner.privateRun(SuiteRunner.java:340)
	at org.testng.SuiteRunner.run(SuiteRunner.java:289)
	at org.testng.SuiteRunnerWorker.runSuite(SuiteRunnerWorker.java:52)
	at org.testng.SuiteRunnerWorker.run(SuiteRunnerWorker.java:86)
	at org.testng.TestNG.runSuitesSequentially(TestNG.java:1301)
	at org.testng.TestNG.runSuitesLocally(TestNG.java:1226)
	at org.testng.TestNG.runSuites(TestNG.java:1144)
	at org.testng.TestNG.run(TestNG.java:1115)
	at org.apache.maven.surefire.testng.TestNGExecutor.run(TestNGExecutor.java:77)
	at org.apache.maven.surefire.testng.TestNGDirectoryTestSuite.executeMulti(TestNGDirectoryTestSuite.java:159)
	at org.apache.maven.surefire.testng.TestNGDirectoryTestSuite.execute(TestNGDirectoryTestSuite.java:99)
	at org.apache.maven.surefire.testng.TestNGProvider.invoke(TestNGProvider.java:106)
	at sun.reflect.NativeMethodAccessorImpl.invoke0(Native Method)
	at sun.reflect.NativeMethodAccessorImpl.invoke(NativeMethodAccessorImpl.java:62)
	at sun.reflect.DelegatingMethodAccessorImpl.invoke(DelegatingMethodAccessorImpl.java:43)
	at java.lang.reflect.Method.invoke(Method.java:498)
	at org.apache.maven.surefire.util.ReflectionUtils.invokeMethodWithArray(ReflectionUtils.java:189)
	at org.apache.maven.surefire.booter.ProviderFactory$ProviderProxy.invoke(ProviderFactory.java:165)
	at org.apache.maven.surefire.booter.ProviderFactory.invokeProvider(ProviderFactory.java:85)
	at org.apache.maven.surefire.booter.ForkedBooter.runSuitesInProcess(ForkedBooter.java:115)
	at org.apache.maven.surefire.booter.ForkedBooter.main(ForkedBooter.java:75)
]]>
    </failure>
  </testcase> <!-- TestAboutShare52 -->
  <testcase name="TestAboutShare84" time="4.099" classname="Tests.BlogTest">
    <failure type="java.lang.AssertionError" message="The following asserts failed:
	expected [Семестр университета в Украине стоит недешево и даже если речь идет о бюджетной форме, расходов не избежать: канцелярия, учебники, аренда жилья, оплата курсов и даже проезд домой. Где взять деньги и что делать, если они нужны уже сегодня?] but found [Когда начинают звонить сотрудники коллекторской компании, начинаешь думать о том, насколько законны их действия и стоит ли им платить? Имеет ли банк право «подключить» к работе 3-х лиц, если процесс взыскания станет эффективнее?],
	expected [http://dev2.mycredit.com.ua/ru/blog/gde-vzyat-kredit-studentam-na-obuchenie/] but found [http://dev2.mycredit.com.ua/ru/blog/kak-ne-platit-kredit-kollektoram-v-ukraine/]">
      <![CDATA[java.lang.AssertionError: The following asserts failed:
	expected [Семестр университета в Украине стоит недешево и даже если речь идет о бюджетной форме, расходов не избежать: канцелярия, учебники, аренда жилья, оплата курсов и даже проезд домой. Где взять деньги и что делать, если они нужны уже сегодня?] but found [Когда начинают звонить сотрудники коллекторской компании, начинаешь думать о том, насколько законны их действия и стоит ли им платить? Имеет ли банк право «подключить» к работе 3-х лиц, если процесс взыскания станет эффективнее?],
	expected [http://dev2.mycredit.com.ua/ru/blog/gde-vzyat-kredit-studentam-na-obuchenie/] but found [http://dev2.mycredit.com.ua/ru/blog/kak-ne-platit-kredit-kollektoram-v-ukraine/]
	at org.testng.asserts.SoftAssert.assertAll(SoftAssert.java:43)
	at Tests.BlogTest.TestAboutShare84(BlogTest.java:1106)
	at sun.reflect.NativeMethodAccessorImpl.invoke0(Native Method)
	at sun.reflect.NativeMethodAccessorImpl.invoke(NativeMethodAccessorImpl.java:62)
	at sun.reflect.DelegatingMethodAccessorImpl.invoke(DelegatingMethodAccessorImpl.java:43)
	at java.lang.reflect.Method.invoke(Method.java:498)
	at org.testng.internal.MethodInvocationHelper.invokeMethod(MethodInvocationHelper.java:108)
	at org.testng.internal.Invoker.invokeMethod(Invoker.java:661)
	at org.testng.internal.Invoker.invokeTestMethod(Invoker.java:869)
	at org.testng.internal.Invoker.invokeTestMethods(Invoker.java:1193)
	at org.testng.internal.TestMethodWorker.invokeTestMethods(TestMethodWorker.java:126)
	at org.testng.internal.TestMethodWorker.run(TestMethodWorker.java:109)
	at org.testng.TestRunner.privateRun(TestRunner.java:744)
	at org.testng.TestRunner.run(TestRunner.java:602)
	at org.testng.SuiteRunner.runTest(SuiteRunner.java:380)
	at org.testng.SuiteRunner.runSequentially(SuiteRunner.java:375)
	at org.testng.SuiteRunner.privateRun(SuiteRunner.java:340)
	at org.testng.SuiteRunner.run(SuiteRunner.java:289)
	at org.testng.SuiteRunnerWorker.runSuite(SuiteRunnerWorker.java:52)
	at org.testng.SuiteRunnerWorker.run(SuiteRunnerWorker.java:86)
	at org.testng.TestNG.runSuitesSequentially(TestNG.java:1301)
	at org.testng.TestNG.runSuitesLocally(TestNG.java:1226)
	at org.testng.TestNG.runSuites(TestNG.java:1144)
	at org.testng.TestNG.run(TestNG.java:1115)
	at org.apache.maven.surefire.testng.TestNGExecutor.run(TestNGExecutor.java:77)
	at org.apache.maven.surefire.testng.TestNGDirectoryTestSuite.executeMulti(TestNGDirectoryTestSuite.java:159)
	at org.apache.maven.surefire.testng.TestNGDirectoryTestSuite.execute(TestNGDirectoryTestSuite.java:99)
	at org.apache.maven.surefire.testng.TestNGProvider.invoke(TestNGProvider.java:106)
	at sun.reflect.NativeMethodAccessorImpl.invoke0(Native Method)
	at sun.reflect.NativeMethodAccessorImpl.invoke(NativeMethodAccessorImpl.java:62)
	at sun.reflect.DelegatingMethodAccessorImpl.invoke(DelegatingMethodAccessorImpl.java:43)
	at java.lang.reflect.Method.invoke(Method.java:498)
	at org.apache.maven.surefire.util.ReflectionUtils.invokeMethodWithArray(ReflectionUtils.java:189)
	at org.apache.maven.surefire.booter.ProviderFactory$ProviderProxy.invoke(ProviderFactory.java:165)
	at org.apache.maven.surefire.booter.ProviderFactory.invokeProvider(ProviderFactory.java:85)
	at org.apache.maven.surefire.booter.ForkedBooter.runSuitesInProcess(ForkedBooter.java:115)
	at org.apache.maven.surefire.booter.ForkedBooter.main(ForkedBooter.java:75)
]]>
    </failure>
  </testcase> <!-- TestAboutShare84 -->
  <testcase name="TestAboutShare64" time="3.805" classname="Tests.BlogTest">
    <failure type="java.lang.AssertionError" message="The following asserts failed:
	expected [Семестр университета в Украине стоит недешево и даже если речь идет о бюджетной форме, расходов не избежать: канцелярия, учебники, аренда жилья, оплата курсов и даже проезд домой. Где взять деньги и что делать, если они нужны уже сегодня?] but found [Когда начинают звонить сотрудники коллекторской компании, начинаешь думать о том, насколько законны их действия и стоит ли им платить? Имеет ли банк право «подключить» к работе 3-х лиц, если процесс взыскания станет эффективнее?],
	expected [http://dev2.mycredit.com.ua/ru/blog/gde-vzyat-kredit-studentam-na-obuchenie/] but found [http://dev2.mycredit.com.ua/ru/blog/kak-ne-platit-kredit-kollektoram-v-ukraine/]">
      <![CDATA[java.lang.AssertionError: The following asserts failed:
	expected [Семестр университета в Украине стоит недешево и даже если речь идет о бюджетной форме, расходов не избежать: канцелярия, учебники, аренда жилья, оплата курсов и даже проезд домой. Где взять деньги и что делать, если они нужны уже сегодня?] but found [Когда начинают звонить сотрудники коллекторской компании, начинаешь думать о том, насколько законны их действия и стоит ли им платить? Имеет ли банк право «подключить» к работе 3-х лиц, если процесс взыскания станет эффективнее?],
	expected [http://dev2.mycredit.com.ua/ru/blog/gde-vzyat-kredit-studentam-na-obuchenie/] but found [http://dev2.mycredit.com.ua/ru/blog/kak-ne-platit-kredit-kollektoram-v-ukraine/]
	at org.testng.asserts.SoftAssert.assertAll(SoftAssert.java:43)
	at Tests.BlogTest.TestAboutShare64(BlogTest.java:859)
	at sun.reflect.NativeMethodAccessorImpl.invoke0(Native Method)
	at sun.reflect.NativeMethodAccessorImpl.invoke(NativeMethodAccessorImpl.java:62)
	at sun.reflect.DelegatingMethodAccessorImpl.invoke(DelegatingMethodAccessorImpl.java:43)
	at java.lang.reflect.Method.invoke(Method.java:498)
	at org.testng.internal.MethodInvocationHelper.invokeMethod(MethodInvocationHelper.java:108)
	at org.testng.internal.Invoker.invokeMethod(Invoker.java:661)
	at org.testng.internal.Invoker.invokeTestMethod(Invoker.java:869)
	at org.testng.internal.Invoker.invokeTestMethods(Invoker.java:1193)
	at org.testng.internal.TestMethodWorker.invokeTestMethods(TestMethodWorker.java:126)
	at org.testng.internal.TestMethodWorker.run(TestMethodWorker.java:109)
	at org.testng.TestRunner.privateRun(TestRunner.java:744)
	at org.testng.TestRunner.run(TestRunner.java:602)
	at org.testng.SuiteRunner.runTest(SuiteRunner.java:380)
	at org.testng.SuiteRunner.runSequentially(SuiteRunner.java:375)
	at org.testng.SuiteRunner.privateRun(SuiteRunner.java:340)
	at org.testng.SuiteRunner.run(SuiteRunner.java:289)
	at org.testng.SuiteRunnerWorker.runSuite(SuiteRunnerWorker.java:52)
	at org.testng.SuiteRunnerWorker.run(SuiteRunnerWorker.java:86)
	at org.testng.TestNG.runSuitesSequentially(TestNG.java:1301)
	at org.testng.TestNG.runSuitesLocally(TestNG.java:1226)
	at org.testng.TestNG.runSuites(TestNG.java:1144)
	at org.testng.TestNG.run(TestNG.java:1115)
	at org.apache.maven.surefire.testng.TestNGExecutor.run(TestNGExecutor.java:77)
	at org.apache.maven.surefire.testng.TestNGDirectoryTestSuite.executeMulti(TestNGDirectoryTestSuite.java:159)
	at org.apache.maven.surefire.testng.TestNGDirectoryTestSuite.execute(TestNGDirectoryTestSuite.java:99)
	at org.apache.maven.surefire.testng.TestNGProvider.invoke(TestNGProvider.java:106)
	at sun.reflect.NativeMethodAccessorImpl.invoke0(Native Method)
	at sun.reflect.NativeMethodAccessorImpl.invoke(NativeMethodAccessorImpl.java:62)
	at sun.reflect.DelegatingMethodAccessorImpl.invoke(DelegatingMethodAccessorImpl.java:43)
	at java.lang.reflect.Method.invoke(Method.java:498)
	at org.apache.maven.surefire.util.ReflectionUtils.invokeMethodWithArray(ReflectionUtils.java:189)
	at org.apache.maven.surefire.booter.ProviderFactory$ProviderProxy.invoke(ProviderFactory.java:165)
	at org.apache.maven.surefire.booter.ProviderFactory.invokeProvider(ProviderFactory.java:85)
	at org.apache.maven.surefire.booter.ForkedBooter.runSuitesInProcess(ForkedBooter.java:115)
	at org.apache.maven.surefire.booter.ForkedBooter.main(ForkedBooter.java:75)
]]>
    </failure>
  </testcase> <!-- TestAboutShare64 -->
  <testcase name="TestAboutShare58" time="4.091" classname="Tests.BlogTest">
    <failure type="java.lang.AssertionError" message="The following asserts failed:
	expected [Семестр университета в Украине стоит недешево и даже если речь идет о бюджетной форме, расходов не избежать: канцелярия, учебники, аренда жилья, оплата курсов и даже проезд домой. Где взять деньги и что делать, если они нужны уже сегодня?] but found [Когда начинают звонить сотрудники коллекторской компании, начинаешь думать о том, насколько законны их действия и стоит ли им платить? Имеет ли банк право «подключить» к работе 3-х лиц, если процесс взыскания станет эффективнее?],
	expected [http://dev2.mycredit.com.ua/ru/blog/gde-vzyat-kredit-studentam-na-obuchenie/] but found [http://dev2.mycredit.com.ua/ru/blog/kak-ne-platit-kredit-kollektoram-v-ukraine/]">
      <![CDATA[java.lang.AssertionError: The following asserts failed:
	expected [Семестр университета в Украине стоит недешево и даже если речь идет о бюджетной форме, расходов не избежать: канцелярия, учебники, аренда жилья, оплата курсов и даже проезд домой. Где взять деньги и что делать, если они нужны уже сегодня?] but found [Когда начинают звонить сотрудники коллекторской компании, начинаешь думать о том, насколько законны их действия и стоит ли им платить? Имеет ли банк право «подключить» к работе 3-х лиц, если процесс взыскания станет эффективнее?],
	expected [http://dev2.mycredit.com.ua/ru/blog/gde-vzyat-kredit-studentam-na-obuchenie/] but found [http://dev2.mycredit.com.ua/ru/blog/kak-ne-platit-kredit-kollektoram-v-ukraine/]
	at org.testng.asserts.SoftAssert.assertAll(SoftAssert.java:43)
	at Tests.BlogTest.TestAboutShare58(BlogTest.java:784)
	at sun.reflect.NativeMethodAccessorImpl.invoke0(Native Method)
	at sun.reflect.NativeMethodAccessorImpl.invoke(NativeMethodAccessorImpl.java:62)
	at sun.reflect.DelegatingMethodAccessorImpl.invoke(DelegatingMethodAccessorImpl.java:43)
	at java.lang.reflect.Method.invoke(Method.java:498)
	at org.testng.internal.MethodInvocationHelper.invokeMethod(MethodInvocationHelper.java:108)
	at org.testng.internal.Invoker.invokeMethod(Invoker.java:661)
	at org.testng.internal.Invoker.invokeTestMethod(Invoker.java:869)
	at org.testng.internal.Invoker.invokeTestMethods(Invoker.java:1193)
	at org.testng.internal.TestMethodWorker.invokeTestMethods(TestMethodWorker.java:126)
	at org.testng.internal.TestMethodWorker.run(TestMethodWorker.java:109)
	at org.testng.TestRunner.privateRun(TestRunner.java:744)
	at org.testng.TestRunner.run(TestRunner.java:602)
	at org.testng.SuiteRunner.runTest(SuiteRunner.java:380)
	at org.testng.SuiteRunner.runSequentially(SuiteRunner.java:375)
	at org.testng.SuiteRunner.privateRun(SuiteRunner.java:340)
	at org.testng.SuiteRunner.run(SuiteRunner.java:289)
	at org.testng.SuiteRunnerWorker.runSuite(SuiteRunnerWorker.java:52)
	at org.testng.SuiteRunnerWorker.run(SuiteRunnerWorker.java:86)
	at org.testng.TestNG.runSuitesSequentially(TestNG.java:1301)
	at org.testng.TestNG.runSuitesLocally(TestNG.java:1226)
	at org.testng.TestNG.runSuites(TestNG.java:1144)
	at org.testng.TestNG.run(TestNG.java:1115)
	at org.apache.maven.surefire.testng.TestNGExecutor.run(TestNGExecutor.java:77)
	at org.apache.maven.surefire.testng.TestNGDirectoryTestSuite.executeMulti(TestNGDirectoryTestSuite.java:159)
	at org.apache.maven.surefire.testng.TestNGDirectoryTestSuite.execute(TestNGDirectoryTestSuite.java:99)
	at org.apache.maven.surefire.testng.TestNGProvider.invoke(TestNGProvider.java:106)
	at sun.reflect.NativeMethodAccessorImpl.invoke0(Native Method)
	at sun.reflect.NativeMethodAccessorImpl.invoke(NativeMethodAccessorImpl.java:62)
	at sun.reflect.DelegatingMethodAccessorImpl.invoke(DelegatingMethodAccessorImpl.java:43)
	at java.lang.reflect.Method.invoke(Method.java:498)
	at org.apache.maven.surefire.util.ReflectionUtils.invokeMethodWithArray(ReflectionUtils.java:189)
	at org.apache.maven.surefire.booter.ProviderFactory$ProviderProxy.invoke(ProviderFactory.java:165)
	at org.apache.maven.surefire.booter.ProviderFactory.invokeProvider(ProviderFactory.java:85)
	at org.apache.maven.surefire.booter.ForkedBooter.runSuitesInProcess(ForkedBooter.java:115)
	at org.apache.maven.surefire.booter.ForkedBooter.main(ForkedBooter.java:75)
]]>
    </failure>
  </testcase> <!-- TestAboutShare58 -->
  <testcase name="TestAboutShare4" time="3.257" classname="Tests.BlogTest">
    <failure type="java.lang.AssertionError" message="The following asserts failed:
	expected [Семестр университета в Украине стоит недешево и даже если речь идет о бюджетной форме, расходов не избежать: канцелярия, учебники, аренда жилья, оплата курсов и даже проезд домой. Где взять деньги и что делать, если они нужны уже сегодня?] but found [Когда начинают звонить сотрудники коллекторской компании, начинаешь думать о том, насколько законны их действия и стоит ли им платить? Имеет ли банк право «подключить» к работе 3-х лиц, если процесс взыскания станет эффективнее?],
	expected [http://dev2.mycredit.com.ua/ru/blog/gde-vzyat-kredit-studentam-na-obuchenie/] but found [http://dev2.mycredit.com.ua/ru/blog/kak-ne-platit-kredit-kollektoram-v-ukraine/]">
      <![CDATA[java.lang.AssertionError: The following asserts failed:
	expected [Семестр университета в Украине стоит недешево и даже если речь идет о бюджетной форме, расходов не избежать: канцелярия, учебники, аренда жилья, оплата курсов и даже проезд домой. Где взять деньги и что делать, если они нужны уже сегодня?] but found [Когда начинают звонить сотрудники коллекторской компании, начинаешь думать о том, насколько законны их действия и стоит ли им платить? Имеет ли банк право «подключить» к работе 3-х лиц, если процесс взыскания станет эффективнее?],
	expected [http://dev2.mycredit.com.ua/ru/blog/gde-vzyat-kredit-studentam-na-obuchenie/] but found [http://dev2.mycredit.com.ua/ru/blog/kak-ne-platit-kredit-kollektoram-v-ukraine/]
	at org.testng.asserts.SoftAssert.assertAll(SoftAssert.java:43)
	at Tests.BlogTest.TestAboutShare4(BlogTest.java:86)
	at sun.reflect.NativeMethodAccessorImpl.invoke0(Native Method)
	at sun.reflect.NativeMethodAccessorImpl.invoke(NativeMethodAccessorImpl.java:62)
	at sun.reflect.DelegatingMethodAccessorImpl.invoke(DelegatingMethodAccessorImpl.java:43)
	at java.lang.reflect.Method.invoke(Method.java:498)
	at org.testng.internal.MethodInvocationHelper.invokeMethod(MethodInvocationHelper.java:108)
	at org.testng.internal.Invoker.invokeMethod(Invoker.java:661)
	at org.testng.internal.Invoker.invokeTestMethod(Invoker.java:869)
	at org.testng.internal.Invoker.invokeTestMethods(Invoker.java:1193)
	at org.testng.internal.TestMethodWorker.invokeTestMethods(TestMethodWorker.java:126)
	at org.testng.internal.TestMethodWorker.run(TestMethodWorker.java:109)
	at org.testng.TestRunner.privateRun(TestRunner.java:744)
	at org.testng.TestRunner.run(TestRunner.java:602)
	at org.testng.SuiteRunner.runTest(SuiteRunner.java:380)
	at org.testng.SuiteRunner.runSequentially(SuiteRunner.java:375)
	at org.testng.SuiteRunner.privateRun(SuiteRunner.java:340)
	at org.testng.SuiteRunner.run(SuiteRunner.java:289)
	at org.testng.SuiteRunnerWorker.runSuite(SuiteRunnerWorker.java:52)
	at org.testng.SuiteRunnerWorker.run(SuiteRunnerWorker.java:86)
	at org.testng.TestNG.runSuitesSequentially(TestNG.java:1301)
	at org.testng.TestNG.runSuitesLocally(TestNG.java:1226)
	at org.testng.TestNG.runSuites(TestNG.java:1144)
	at org.testng.TestNG.run(TestNG.java:1115)
	at org.apache.maven.surefire.testng.TestNGExecutor.run(TestNGExecutor.java:77)
	at org.apache.maven.surefire.testng.TestNGDirectoryTestSuite.executeMulti(TestNGDirectoryTestSuite.java:159)
	at org.apache.maven.surefire.testng.TestNGDirectoryTestSuite.execute(TestNGDirectoryTestSuite.java:99)
	at org.apache.maven.surefire.testng.TestNGProvider.invoke(TestNGProvider.java:106)
	at sun.reflect.NativeMethodAccessorImpl.invoke0(Native Method)
	at sun.reflect.NativeMethodAccessorImpl.invoke(NativeMethodAccessorImpl.java:62)
	at sun.reflect.DelegatingMethodAccessorImpl.invoke(DelegatingMethodAccessorImpl.java:43)
	at java.lang.reflect.Method.invoke(Method.java:498)
	at org.apache.maven.surefire.util.ReflectionUtils.invokeMethodWithArray(ReflectionUtils.java:189)
	at org.apache.maven.surefire.booter.ProviderFactory$ProviderProxy.invoke(ProviderFactory.java:165)
	at org.apache.maven.surefire.booter.ProviderFactory.invokeProvider(ProviderFactory.java:85)
	at org.apache.maven.surefire.booter.ForkedBooter.runSuitesInProcess(ForkedBooter.java:115)
	at org.apache.maven.surefire.booter.ForkedBooter.main(ForkedBooter.java:75)
]]>
    </failure>
  </testcase> <!-- TestAboutShare4 -->
  <testcase name="TestAboutShare7" time="4.358" classname="Tests.BlogTest">
    <failure type="java.lang.AssertionError" message="The following asserts failed:
	expected [Семестр университета в Украине стоит недешево и даже если речь идет о бюджетной форме, расходов не избежать: канцелярия, учебники, аренда жилья, оплата курсов и даже проезд домой. Где взять деньги и что делать, если они нужны уже сегодня?] but found [Когда начинают звонить сотрудники коллекторской компании, начинаешь думать о том, насколько законны их действия и стоит ли им платить? Имеет ли банк право «подключить» к работе 3-х лиц, если процесс взыскания станет эффективнее?],
	expected [http://dev2.mycredit.com.ua/ru/blog/gde-vzyat-kredit-studentam-na-obuchenie/] but found [http://dev2.mycredit.com.ua/ru/blog/kak-ne-platit-kredit-kollektoram-v-ukraine/]">
      <![CDATA[java.lang.AssertionError: The following asserts failed:
	expected [Семестр университета в Украине стоит недешево и даже если речь идет о бюджетной форме, расходов не избежать: канцелярия, учебники, аренда жилья, оплата курсов и даже проезд домой. Где взять деньги и что делать, если они нужны уже сегодня?] but found [Когда начинают звонить сотрудники коллекторской компании, начинаешь думать о том, насколько законны их действия и стоит ли им платить? Имеет ли банк право «подключить» к работе 3-х лиц, если процесс взыскания станет эффективнее?],
	expected [http://dev2.mycredit.com.ua/ru/blog/gde-vzyat-kredit-studentam-na-obuchenie/] but found [http://dev2.mycredit.com.ua/ru/blog/kak-ne-platit-kredit-kollektoram-v-ukraine/]
	at org.testng.asserts.SoftAssert.assertAll(SoftAssert.java:43)
	at Tests.BlogTest.TestAboutShare7(BlogTest.java:151)
	at sun.reflect.NativeMethodAccessorImpl.invoke0(Native Method)
	at sun.reflect.NativeMethodAccessorImpl.invoke(NativeMethodAccessorImpl.java:62)
	at sun.reflect.DelegatingMethodAccessorImpl.invoke(DelegatingMethodAccessorImpl.java:43)
	at java.lang.reflect.Method.invoke(Method.java:498)
	at org.testng.internal.MethodInvocationHelper.invokeMethod(MethodInvocationHelper.java:108)
	at org.testng.internal.Invoker.invokeMethod(Invoker.java:661)
	at org.testng.internal.Invoker.invokeTestMethod(Invoker.java:869)
	at org.testng.internal.Invoker.invokeTestMethods(Invoker.java:1193)
	at org.testng.internal.TestMethodWorker.invokeTestMethods(TestMethodWorker.java:126)
	at org.testng.internal.TestMethodWorker.run(TestMethodWorker.java:109)
	at org.testng.TestRunner.privateRun(TestRunner.java:744)
	at org.testng.TestRunner.run(TestRunner.java:602)
	at org.testng.SuiteRunner.runTest(SuiteRunner.java:380)
	at org.testng.SuiteRunner.runSequentially(SuiteRunner.java:375)
	at org.testng.SuiteRunner.privateRun(SuiteRunner.java:340)
	at org.testng.SuiteRunner.run(SuiteRunner.java:289)
	at org.testng.SuiteRunnerWorker.runSuite(SuiteRunnerWorker.java:52)
	at org.testng.SuiteRunnerWorker.run(SuiteRunnerWorker.java:86)
	at org.testng.TestNG.runSuitesSequentially(TestNG.java:1301)
	at org.testng.TestNG.runSuitesLocally(TestNG.java:1226)
	at org.testng.TestNG.runSuites(TestNG.java:1144)
	at org.testng.TestNG.run(TestNG.java:1115)
	at org.apache.maven.surefire.testng.TestNGExecutor.run(TestNGExecutor.java:77)
	at org.apache.maven.surefire.testng.TestNGDirectoryTestSuite.executeMulti(TestNGDirectoryTestSuite.java:159)
	at org.apache.maven.surefire.testng.TestNGDirectoryTestSuite.execute(TestNGDirectoryTestSuite.java:99)
	at org.apache.maven.surefire.testng.TestNGProvider.invoke(TestNGProvider.java:106)
	at sun.reflect.NativeMethodAccessorImpl.invoke0(Native Method)
	at sun.reflect.NativeMethodAccessorImpl.invoke(NativeMethodAccessorImpl.java:62)
	at sun.reflect.DelegatingMethodAccessorImpl.invoke(DelegatingMethodAccessorImpl.java:43)
	at java.lang.reflect.Method.invoke(Method.java:498)
	at org.apache.maven.surefire.util.ReflectionUtils.invokeMethodWithArray(ReflectionUtils.java:189)
	at org.apache.maven.surefire.booter.ProviderFactory$ProviderProxy.invoke(ProviderFactory.java:165)
	at org.apache.maven.surefire.booter.ProviderFactory.invokeProvider(ProviderFactory.java:85)
	at org.apache.maven.surefire.booter.ForkedBooter.runSuitesInProcess(ForkedBooter.java:115)
	at org.apache.maven.surefire.booter.ForkedBooter.main(ForkedBooter.java:75)
]]>
    </failure>
  </testcase> <!-- TestAboutShare7 -->
  <testcase name="TestAboutShare12" time="4.223" classname="Tests.BlogTest"/>
  <testcase name="TestButtonTen" time="2.507" classname="Tests.BlogTest">
    <failure type="java.lang.AssertionError" message="The following asserts failed:
	expected [Семестр университета в Украине стоит недешево и даже если речь идет о бюджетной форме, расходов не избежать: канцелярия, учебники, аренда жилья, оплата курсов и даже проезд домой. Где взять деньги и что делать, если они нужны уже сегодня?] but found [Когда начинают звонить сотрудники коллекторской компании, начинаешь думать о том, насколько законны их действия и стоит ли им платить? Имеет ли банк право «подключить» к работе 3-х лиц, если процесс взыскания станет эффективнее?],
	expected [http://dev2.mycredit.com.ua/ru/blog/gde-vzyat-kredit-studentam-na-obuchenie/] but found [http://dev2.mycredit.com.ua/ru/blog/kak-ne-platit-kredit-kollektoram-v-ukraine/]">
      <![CDATA[java.lang.AssertionError: The following asserts failed:
	expected [Семестр университета в Украине стоит недешево и даже если речь идет о бюджетной форме, расходов не избежать: канцелярия, учебники, аренда жилья, оплата курсов и даже проезд домой. Где взять деньги и что делать, если они нужны уже сегодня?] but found [Когда начинают звонить сотрудники коллекторской компании, начинаешь думать о том, насколько законны их действия и стоит ли им платить? Имеет ли банк право «подключить» к работе 3-х лиц, если процесс взыскания станет эффективнее?],
	expected [http://dev2.mycredit.com.ua/ru/blog/gde-vzyat-kredit-studentam-na-obuchenie/] but found [http://dev2.mycredit.com.ua/ru/blog/kak-ne-platit-kredit-kollektoram-v-ukraine/]
	at org.testng.asserts.SoftAssert.assertAll(SoftAssert.java:43)
	at Tests.BlogTest.TestButtonTen(BlogTest.java:740)
	at sun.reflect.NativeMethodAccessorImpl.invoke0(Native Method)
	at sun.reflect.NativeMethodAccessorImpl.invoke(NativeMethodAccessorImpl.java:62)
	at sun.reflect.DelegatingMethodAccessorImpl.invoke(DelegatingMethodAccessorImpl.java:43)
	at java.lang.reflect.Method.invoke(Method.java:498)
	at org.testng.internal.MethodInvocationHelper.invokeMethod(MethodInvocationHelper.java:108)
	at org.testng.internal.Invoker.invokeMethod(Invoker.java:661)
	at org.testng.internal.Invoker.invokeTestMethod(Invoker.java:869)
	at org.testng.internal.Invoker.invokeTestMethods(Invoker.java:1193)
	at org.testng.internal.TestMethodWorker.invokeTestMethods(TestMethodWorker.java:126)
	at org.testng.internal.TestMethodWorker.run(TestMethodWorker.java:109)
	at org.testng.TestRunner.privateRun(TestRunner.java:744)
	at org.testng.TestRunner.run(TestRunner.java:602)
	at org.testng.SuiteRunner.runTest(SuiteRunner.java:380)
	at org.testng.SuiteRunner.runSequentially(SuiteRunner.java:375)
	at org.testng.SuiteRunner.privateRun(SuiteRunner.java:340)
	at org.testng.SuiteRunner.run(SuiteRunner.java:289)
	at org.testng.SuiteRunnerWorker.runSuite(SuiteRunnerWorker.java:52)
	at org.testng.SuiteRunnerWorker.run(SuiteRunnerWorker.java:86)
	at org.testng.TestNG.runSuitesSequentially(TestNG.java:1301)
	at org.testng.TestNG.runSuitesLocally(TestNG.java:1226)
	at org.testng.TestNG.runSuites(TestNG.java:1144)
	at org.testng.TestNG.run(TestNG.java:1115)
	at org.apache.maven.surefire.testng.TestNGExecutor.run(TestNGExecutor.java:77)
	at org.apache.maven.surefire.testng.TestNGDirectoryTestSuite.executeMulti(TestNGDirectoryTestSuite.java:159)
	at org.apache.maven.surefire.testng.TestNGDirectoryTestSuite.execute(TestNGDirectoryTestSuite.java:99)
	at org.apache.maven.surefire.testng.TestNGProvider.invoke(TestNGProvider.java:106)
	at sun.reflect.NativeMethodAccessorImpl.invoke0(Native Method)
	at sun.reflect.NativeMethodAccessorImpl.invoke(NativeMethodAccessorImpl.java:62)
	at sun.reflect.DelegatingMethodAccessorImpl.invoke(DelegatingMethodAccessorImpl.java:43)
	at java.lang.reflect.Method.invoke(Method.java:498)
	at org.apache.maven.surefire.util.ReflectionUtils.invokeMethodWithArray(ReflectionUtils.java:189)
	at org.apache.maven.surefire.booter.ProviderFactory$ProviderProxy.invoke(ProviderFactory.java:165)
	at org.apache.maven.surefire.booter.ProviderFactory.invokeProvider(ProviderFactory.java:85)
	at org.apache.maven.surefire.booter.ForkedBooter.runSuitesInProcess(ForkedBooter.java:115)
	at org.apache.maven.surefire.booter.ForkedBooter.main(ForkedBooter.java:75)
]]>
    </failure>
  </testcase> <!-- TestButtonTen -->
  <testcase name="TestAboutShare63" time="4.294" classname="Tests.BlogTest">
    <failure type="java.lang.AssertionError" message="The following asserts failed:
	expected [Семестр университета в Украине стоит недешево и даже если речь идет о бюджетной форме, расходов не избежать: канцелярия, учебники, аренда жилья, оплата курсов и даже проезд домой. Где взять деньги и что делать, если они нужны уже сегодня?] but found [Когда начинают звонить сотрудники коллекторской компании, начинаешь думать о том, насколько законны их действия и стоит ли им платить? Имеет ли банк право «подключить» к работе 3-х лиц, если процесс взыскания станет эффективнее?],
	expected [http://dev2.mycredit.com.ua/ru/blog/gde-vzyat-kredit-studentam-na-obuchenie/] but found [http://dev2.mycredit.com.ua/ru/blog/kak-ne-platit-kredit-kollektoram-v-ukraine/]">
      <![CDATA[java.lang.AssertionError: The following asserts failed:
	expected [Семестр университета в Украине стоит недешево и даже если речь идет о бюджетной форме, расходов не избежать: канцелярия, учебники, аренда жилья, оплата курсов и даже проезд домой. Где взять деньги и что делать, если они нужны уже сегодня?] but found [Когда начинают звонить сотрудники коллекторской компании, начинаешь думать о том, насколько законны их действия и стоит ли им платить? Имеет ли банк право «подключить» к работе 3-х лиц, если процесс взыскания станет эффективнее?],
	expected [http://dev2.mycredit.com.ua/ru/blog/gde-vzyat-kredit-studentam-na-obuchenie/] but found [http://dev2.mycredit.com.ua/ru/blog/kak-ne-platit-kredit-kollektoram-v-ukraine/]
	at org.testng.asserts.SoftAssert.assertAll(SoftAssert.java:43)
	at Tests.BlogTest.TestAboutShare63(BlogTest.java:848)
	at sun.reflect.NativeMethodAccessorImpl.invoke0(Native Method)
	at sun.reflect.NativeMethodAccessorImpl.invoke(NativeMethodAccessorImpl.java:62)
	at sun.reflect.DelegatingMethodAccessorImpl.invoke(DelegatingMethodAccessorImpl.java:43)
	at java.lang.reflect.Method.invoke(Method.java:498)
	at org.testng.internal.MethodInvocationHelper.invokeMethod(MethodInvocationHelper.java:108)
	at org.testng.internal.Invoker.invokeMethod(Invoker.java:661)
	at org.testng.internal.Invoker.invokeTestMethod(Invoker.java:869)
	at org.testng.internal.Invoker.invokeTestMethods(Invoker.java:1193)
	at org.testng.internal.TestMethodWorker.invokeTestMethods(TestMethodWorker.java:126)
	at org.testng.internal.TestMethodWorker.run(TestMethodWorker.java:109)
	at org.testng.TestRunner.privateRun(TestRunner.java:744)
	at org.testng.TestRunner.run(TestRunner.java:602)
	at org.testng.SuiteRunner.runTest(SuiteRunner.java:380)
	at org.testng.SuiteRunner.runSequentially(SuiteRunner.java:375)
	at org.testng.SuiteRunner.privateRun(SuiteRunner.java:340)
	at org.testng.SuiteRunner.run(SuiteRunner.java:289)
	at org.testng.SuiteRunnerWorker.runSuite(SuiteRunnerWorker.java:52)
	at org.testng.SuiteRunnerWorker.run(SuiteRunnerWorker.java:86)
	at org.testng.TestNG.runSuitesSequentially(TestNG.java:1301)
	at org.testng.TestNG.runSuitesLocally(TestNG.java:1226)
	at org.testng.TestNG.runSuites(TestNG.java:1144)
	at org.testng.TestNG.run(TestNG.java:1115)
	at org.apache.maven.surefire.testng.TestNGExecutor.run(TestNGExecutor.java:77)
	at org.apache.maven.surefire.testng.TestNGDirectoryTestSuite.executeMulti(TestNGDirectoryTestSuite.java:159)
	at org.apache.maven.surefire.testng.TestNGDirectoryTestSuite.execute(TestNGDirectoryTestSuite.java:99)
	at org.apache.maven.surefire.testng.TestNGProvider.invoke(TestNGProvider.java:106)
	at sun.reflect.NativeMethodAccessorImpl.invoke0(Native Method)
	at sun.reflect.NativeMethodAccessorImpl.invoke(NativeMethodAccessorImpl.java:62)
	at sun.reflect.DelegatingMethodAccessorImpl.invoke(DelegatingMethodAccessorImpl.java:43)
	at java.lang.reflect.Method.invoke(Method.java:498)
	at org.apache.maven.surefire.util.ReflectionUtils.invokeMethodWithArray(ReflectionUtils.java:189)
	at org.apache.maven.surefire.booter.ProviderFactory$ProviderProxy.invoke(ProviderFactory.java:165)
	at org.apache.maven.surefire.booter.ProviderFactory.invokeProvider(ProviderFactory.java:85)
	at org.apache.maven.surefire.booter.ForkedBooter.runSuitesInProcess(ForkedBooter.java:115)
	at org.apache.maven.surefire.booter.ForkedBooter.main(ForkedBooter.java:75)
]]>
    </failure>
  </testcase> <!-- TestAboutShare63 -->
  <testcase name="TestAboutShare71" time="17.944" classname="Tests.BlogTest">
    <failure type="java.lang.AssertionError" message="The following asserts failed:
	expected [Семестр университета в Украине стоит недешево и даже если речь идет о бюджетной форме, расходов не избежать: канцелярия, учебники, аренда жилья, оплата курсов и даже проезд домой. Где взять деньги и что делать, если они нужны уже сегодня?] but found [Когда начинают звонить сотрудники коллекторской компании, начинаешь думать о том, насколько законны их действия и стоит ли им платить? Имеет ли банк право «подключить» к работе 3-х лиц, если процесс взыскания станет эффективнее?],
	expected [http://dev2.mycredit.com.ua/ru/blog/gde-vzyat-kredit-studentam-na-obuchenie/] but found [http://dev2.mycredit.com.ua/ru/blog/kak-ne-platit-kredit-kollektoram-v-ukraine/]">
      <![CDATA[java.lang.AssertionError: The following asserts failed:
	expected [Семестр университета в Украине стоит недешево и даже если речь идет о бюджетной форме, расходов не избежать: канцелярия, учебники, аренда жилья, оплата курсов и даже проезд домой. Где взять деньги и что делать, если они нужны уже сегодня?] but found [Когда начинают звонить сотрудники коллекторской компании, начинаешь думать о том, насколько законны их действия и стоит ли им платить? Имеет ли банк право «подключить» к работе 3-х лиц, если процесс взыскания станет эффективнее?],
	expected [http://dev2.mycredit.com.ua/ru/blog/gde-vzyat-kredit-studentam-na-obuchenie/] but found [http://dev2.mycredit.com.ua/ru/blog/kak-ne-platit-kredit-kollektoram-v-ukraine/]
	at org.testng.asserts.SoftAssert.assertAll(SoftAssert.java:43)
	at Tests.BlogTest.TestAboutShare71(BlogTest.java:945)
	at sun.reflect.NativeMethodAccessorImpl.invoke0(Native Method)
	at sun.reflect.NativeMethodAccessorImpl.invoke(NativeMethodAccessorImpl.java:62)
	at sun.reflect.DelegatingMethodAccessorImpl.invoke(DelegatingMethodAccessorImpl.java:43)
	at java.lang.reflect.Method.invoke(Method.java:498)
	at org.testng.internal.MethodInvocationHelper.invokeMethod(MethodInvocationHelper.java:108)
	at org.testng.internal.Invoker.invokeMethod(Invoker.java:661)
	at org.testng.internal.Invoker.invokeTestMethod(Invoker.java:869)
	at org.testng.internal.Invoker.invokeTestMethods(Invoker.java:1193)
	at org.testng.internal.TestMethodWorker.invokeTestMethods(TestMethodWorker.java:126)
	at org.testng.internal.TestMethodWorker.run(TestMethodWorker.java:109)
	at org.testng.TestRunner.privateRun(TestRunner.java:744)
	at org.testng.TestRunner.run(TestRunner.java:602)
	at org.testng.SuiteRunner.runTest(SuiteRunner.java:380)
	at org.testng.SuiteRunner.runSequentially(SuiteRunner.java:375)
	at org.testng.SuiteRunner.privateRun(SuiteRunner.java:340)
	at org.testng.SuiteRunner.run(SuiteRunner.java:289)
	at org.testng.SuiteRunnerWorker.runSuite(SuiteRunnerWorker.java:52)
	at org.testng.SuiteRunnerWorker.run(SuiteRunnerWorker.java:86)
	at org.testng.TestNG.runSuitesSequentially(TestNG.java:1301)
	at org.testng.TestNG.runSuitesLocally(TestNG.java:1226)
	at org.testng.TestNG.runSuites(TestNG.java:1144)
	at org.testng.TestNG.run(TestNG.java:1115)
	at org.apache.maven.surefire.testng.TestNGExecutor.run(TestNGExecutor.java:77)
	at org.apache.maven.surefire.testng.TestNGDirectoryTestSuite.executeMulti(TestNGDirectoryTestSuite.java:159)
	at org.apache.maven.surefire.testng.TestNGDirectoryTestSuite.execute(TestNGDirectoryTestSuite.java:99)
	at org.apache.maven.surefire.testng.TestNGProvider.invoke(TestNGProvider.java:106)
	at sun.reflect.NativeMethodAccessorImpl.invoke0(Native Method)
	at sun.reflect.NativeMethodAccessorImpl.invoke(NativeMethodAccessorImpl.java:62)
	at sun.reflect.DelegatingMethodAccessorImpl.invoke(DelegatingMethodAccessorImpl.java:43)
	at java.lang.reflect.Method.invoke(Method.java:498)
	at org.apache.maven.surefire.util.ReflectionUtils.invokeMethodWithArray(ReflectionUtils.java:189)
	at org.apache.maven.surefire.booter.ProviderFactory$ProviderProxy.invoke(ProviderFactory.java:165)
	at org.apache.maven.surefire.booter.ProviderFactory.invokeProvider(ProviderFactory.java:85)
	at org.apache.maven.surefire.booter.ForkedBooter.runSuitesInProcess(ForkedBooter.java:115)
	at org.apache.maven.surefire.booter.ForkedBooter.main(ForkedBooter.java:75)
]]>
    </failure>
  </testcase> <!-- TestAboutShare71 -->
  <testcase name="TestAboutShare46" time="4.106" classname="Tests.BlogTest">
    <failure type="java.lang.AssertionError" message="The following asserts failed:
	expected [Семестр университета в Украине стоит недешево и даже если речь идет о бюджетной форме, расходов не избежать: канцелярия, учебники, аренда жилья, оплата курсов и даже проезд домой. Где взять деньги и что делать, если они нужны уже сегодня?] but found [Когда начинают звонить сотрудники коллекторской компании, начинаешь думать о том, насколько законны их действия и стоит ли им платить? Имеет ли банк право «подключить» к работе 3-х лиц, если процесс взыскания станет эффективнее?],
	expected [http://dev2.mycredit.com.ua/ru/blog/gde-vzyat-kredit-studentam-na-obuchenie/] but found [http://dev2.mycredit.com.ua/ru/blog/kak-ne-platit-kredit-kollektoram-v-ukraine/]">
      <![CDATA[java.lang.AssertionError: The following asserts failed:
	expected [Семестр университета в Украине стоит недешево и даже если речь идет о бюджетной форме, расходов не избежать: канцелярия, учебники, аренда жилья, оплата курсов и даже проезд домой. Где взять деньги и что делать, если они нужны уже сегодня?] but found [Когда начинают звонить сотрудники коллекторской компании, начинаешь думать о том, насколько законны их действия и стоит ли им платить? Имеет ли банк право «подключить» к работе 3-х лиц, если процесс взыскания станет эффективнее?],
	expected [http://dev2.mycredit.com.ua/ru/blog/gde-vzyat-kredit-studentam-na-obuchenie/] but found [http://dev2.mycredit.com.ua/ru/blog/kak-ne-platit-kredit-kollektoram-v-ukraine/]
	at org.testng.asserts.SoftAssert.assertAll(SoftAssert.java:43)
	at Tests.BlogTest.TestAboutShare46(BlogTest.java:634)
	at sun.reflect.NativeMethodAccessorImpl.invoke0(Native Method)
	at sun.reflect.NativeMethodAccessorImpl.invoke(NativeMethodAccessorImpl.java:62)
	at sun.reflect.DelegatingMethodAccessorImpl.invoke(DelegatingMethodAccessorImpl.java:43)
	at java.lang.reflect.Method.invoke(Method.java:498)
	at org.testng.internal.MethodInvocationHelper.invokeMethod(MethodInvocationHelper.java:108)
	at org.testng.internal.Invoker.invokeMethod(Invoker.java:661)
	at org.testng.internal.Invoker.invokeTestMethod(Invoker.java:869)
	at org.testng.internal.Invoker.invokeTestMethods(Invoker.java:1193)
	at org.testng.internal.TestMethodWorker.invokeTestMethods(TestMethodWorker.java:126)
	at org.testng.internal.TestMethodWorker.run(TestMethodWorker.java:109)
	at org.testng.TestRunner.privateRun(TestRunner.java:744)
	at org.testng.TestRunner.run(TestRunner.java:602)
	at org.testng.SuiteRunner.runTest(SuiteRunner.java:380)
	at org.testng.SuiteRunner.runSequentially(SuiteRunner.java:375)
	at org.testng.SuiteRunner.privateRun(SuiteRunner.java:340)
	at org.testng.SuiteRunner.run(SuiteRunner.java:289)
	at org.testng.SuiteRunnerWorker.runSuite(SuiteRunnerWorker.java:52)
	at org.testng.SuiteRunnerWorker.run(SuiteRunnerWorker.java:86)
	at org.testng.TestNG.runSuitesSequentially(TestNG.java:1301)
	at org.testng.TestNG.runSuitesLocally(TestNG.java:1226)
	at org.testng.TestNG.runSuites(TestNG.java:1144)
	at org.testng.TestNG.run(TestNG.java:1115)
	at org.apache.maven.surefire.testng.TestNGExecutor.run(TestNGExecutor.java:77)
	at org.apache.maven.surefire.testng.TestNGDirectoryTestSuite.executeMulti(TestNGDirectoryTestSuite.java:159)
	at org.apache.maven.surefire.testng.TestNGDirectoryTestSuite.execute(TestNGDirectoryTestSuite.java:99)
	at org.apache.maven.surefire.testng.TestNGProvider.invoke(TestNGProvider.java:106)
	at sun.reflect.NativeMethodAccessorImpl.invoke0(Native Method)
	at sun.reflect.NativeMethodAccessorImpl.invoke(NativeMethodAccessorImpl.java:62)
	at sun.reflect.DelegatingMethodAccessorImpl.invoke(DelegatingMethodAccessorImpl.java:43)
	at java.lang.reflect.Method.invoke(Method.java:498)
	at org.apache.maven.surefire.util.ReflectionUtils.invokeMethodWithArray(ReflectionUtils.java:189)
	at org.apache.maven.surefire.booter.ProviderFactory$ProviderProxy.invoke(ProviderFactory.java:165)
	at org.apache.maven.surefire.booter.ProviderFactory.invokeProvider(ProviderFactory.java:85)
	at org.apache.maven.surefire.booter.ForkedBooter.runSuitesInProcess(ForkedBooter.java:115)
	at org.apache.maven.surefire.booter.ForkedBooter.main(ForkedBooter.java:75)
]]>
    </failure>
  </testcase> <!-- TestAboutShare46 -->
  <testcase name="TestAboutShare14" time="4.251" classname="Tests.BlogTest"/>
  <testcase name="TestAboutShare29" time="4.345" classname="Tests.BlogTest"/>
  <testcase name="TestAboutShare72" time="4.369" classname="Tests.BlogTest">
    <failure type="java.lang.AssertionError" message="The following asserts failed:
	expected [Семестр университета в Украине стоит недешево и даже если речь идет о бюджетной форме, расходов не избежать: канцелярия, учебники, аренда жилья, оплата курсов и даже проезд домой. Где взять деньги и что делать, если они нужны уже сегодня?] but found [Когда начинают звонить сотрудники коллекторской компании, начинаешь думать о том, насколько законны их действия и стоит ли им платить? Имеет ли банк право «подключить» к работе 3-х лиц, если процесс взыскания станет эффективнее?],
	expected [http://dev2.mycredit.com.ua/ru/blog/gde-vzyat-kredit-studentam-na-obuchenie/] but found [http://dev2.mycredit.com.ua/ru/blog/kak-ne-platit-kredit-kollektoram-v-ukraine/]">
      <![CDATA[java.lang.AssertionError: The following asserts failed:
	expected [Семестр университета в Украине стоит недешево и даже если речь идет о бюджетной форме, расходов не избежать: канцелярия, учебники, аренда жилья, оплата курсов и даже проезд домой. Где взять деньги и что делать, если они нужны уже сегодня?] but found [Когда начинают звонить сотрудники коллекторской компании, начинаешь думать о том, насколько законны их действия и стоит ли им платить? Имеет ли банк право «подключить» к работе 3-х лиц, если процесс взыскания станет эффективнее?],
	expected [http://dev2.mycredit.com.ua/ru/blog/gde-vzyat-kredit-studentam-na-obuchenie/] but found [http://dev2.mycredit.com.ua/ru/blog/kak-ne-platit-kredit-kollektoram-v-ukraine/]
	at org.testng.asserts.SoftAssert.assertAll(SoftAssert.java:43)
	at Tests.BlogTest.TestAboutShare72(BlogTest.java:956)
	at sun.reflect.NativeMethodAccessorImpl.invoke0(Native Method)
	at sun.reflect.NativeMethodAccessorImpl.invoke(NativeMethodAccessorImpl.java:62)
	at sun.reflect.DelegatingMethodAccessorImpl.invoke(DelegatingMethodAccessorImpl.java:43)
	at java.lang.reflect.Method.invoke(Method.java:498)
	at org.testng.internal.MethodInvocationHelper.invokeMethod(MethodInvocationHelper.java:108)
	at org.testng.internal.Invoker.invokeMethod(Invoker.java:661)
	at org.testng.internal.Invoker.invokeTestMethod(Invoker.java:869)
	at org.testng.internal.Invoker.invokeTestMethods(Invoker.java:1193)
	at org.testng.internal.TestMethodWorker.invokeTestMethods(TestMethodWorker.java:126)
	at org.testng.internal.TestMethodWorker.run(TestMethodWorker.java:109)
	at org.testng.TestRunner.privateRun(TestRunner.java:744)
	at org.testng.TestRunner.run(TestRunner.java:602)
	at org.testng.SuiteRunner.runTest(SuiteRunner.java:380)
	at org.testng.SuiteRunner.runSequentially(SuiteRunner.java:375)
	at org.testng.SuiteRunner.privateRun(SuiteRunner.java:340)
	at org.testng.SuiteRunner.run(SuiteRunner.java:289)
	at org.testng.SuiteRunnerWorker.runSuite(SuiteRunnerWorker.java:52)
	at org.testng.SuiteRunnerWorker.run(SuiteRunnerWorker.java:86)
	at org.testng.TestNG.runSuitesSequentially(TestNG.java:1301)
	at org.testng.TestNG.runSuitesLocally(TestNG.java:1226)
	at org.testng.TestNG.runSuites(TestNG.java:1144)
	at org.testng.TestNG.run(TestNG.java:1115)
	at org.apache.maven.surefire.testng.TestNGExecutor.run(TestNGExecutor.java:77)
	at org.apache.maven.surefire.testng.TestNGDirectoryTestSuite.executeMulti(TestNGDirectoryTestSuite.java:159)
	at org.apache.maven.surefire.testng.TestNGDirectoryTestSuite.execute(TestNGDirectoryTestSuite.java:99)
	at org.apache.maven.surefire.testng.TestNGProvider.invoke(TestNGProvider.java:106)
	at sun.reflect.NativeMethodAccessorImpl.invoke0(Native Method)
	at sun.reflect.NativeMethodAccessorImpl.invoke(NativeMethodAccessorImpl.java:62)
	at sun.reflect.DelegatingMethodAccessorImpl.invoke(DelegatingMethodAccessorImpl.java:43)
	at java.lang.reflect.Method.invoke(Method.java:498)
	at org.apache.maven.surefire.util.ReflectionUtils.invokeMethodWithArray(ReflectionUtils.java:189)
	at org.apache.maven.surefire.booter.ProviderFactory$ProviderProxy.invoke(ProviderFactory.java:165)
	at org.apache.maven.surefire.booter.ProviderFactory.invokeProvider(ProviderFactory.java:85)
	at org.apache.maven.surefire.booter.ForkedBooter.runSuitesInProcess(ForkedBooter.java:115)
	at org.apache.maven.surefire.booter.ForkedBooter.main(ForkedBooter.java:75)
]]>
    </failure>
  </testcase> <!-- TestAboutShare72 -->
  <testcase name="TestAboutShare27" time="4.302" classname="Tests.BlogTest"/>
  <testcase name="TestAboutShare32" time="9.690" classname="Tests.BlogTest"/>
  <testcase name="TestAboutShare81" time="4.097" classname="Tests.BlogTest">
    <failure type="java.lang.AssertionError" message="The following asserts failed:
	expected [Семестр университета в Украине стоит недешево и даже если речь идет о бюджетной форме, расходов не избежать: канцелярия, учебники, аренда жилья, оплата курсов и даже проезд домой. Где взять деньги и что делать, если они нужны уже сегодня?] but found [Когда начинают звонить сотрудники коллекторской компании, начинаешь думать о том, насколько законны их действия и стоит ли им платить? Имеет ли банк право «подключить» к работе 3-х лиц, если процесс взыскания станет эффективнее?],
	expected [http://dev2.mycredit.com.ua/ru/blog/gde-vzyat-kredit-studentam-na-obuchenie/] but found [http://dev2.mycredit.com.ua/ru/blog/kak-ne-platit-kredit-kollektoram-v-ukraine/]">
      <![CDATA[java.lang.AssertionError: The following asserts failed:
	expected [Семестр университета в Украине стоит недешево и даже если речь идет о бюджетной форме, расходов не избежать: канцелярия, учебники, аренда жилья, оплата курсов и даже проезд домой. Где взять деньги и что делать, если они нужны уже сегодня?] but found [Когда начинают звонить сотрудники коллекторской компании, начинаешь думать о том, насколько законны их действия и стоит ли им платить? Имеет ли банк право «подключить» к работе 3-х лиц, если процесс взыскания станет эффективнее?],
	expected [http://dev2.mycredit.com.ua/ru/blog/gde-vzyat-kredit-studentam-na-obuchenie/] but found [http://dev2.mycredit.com.ua/ru/blog/kak-ne-platit-kredit-kollektoram-v-ukraine/]
	at org.testng.asserts.SoftAssert.assertAll(SoftAssert.java:43)
	at Tests.BlogTest.TestAboutShare81(BlogTest.java:1073)
	at sun.reflect.NativeMethodAccessorImpl.invoke0(Native Method)
	at sun.reflect.NativeMethodAccessorImpl.invoke(NativeMethodAccessorImpl.java:62)
	at sun.reflect.DelegatingMethodAccessorImpl.invoke(DelegatingMethodAccessorImpl.java:43)
	at java.lang.reflect.Method.invoke(Method.java:498)
	at org.testng.internal.MethodInvocationHelper.invokeMethod(MethodInvocationHelper.java:108)
	at org.testng.internal.Invoker.invokeMethod(Invoker.java:661)
	at org.testng.internal.Invoker.invokeTestMethod(Invoker.java:869)
	at org.testng.internal.Invoker.invokeTestMethods(Invoker.java:1193)
	at org.testng.internal.TestMethodWorker.invokeTestMethods(TestMethodWorker.java:126)
	at org.testng.internal.TestMethodWorker.run(TestMethodWorker.java:109)
	at org.testng.TestRunner.privateRun(TestRunner.java:744)
	at org.testng.TestRunner.run(TestRunner.java:602)
	at org.testng.SuiteRunner.runTest(SuiteRunner.java:380)
	at org.testng.SuiteRunner.runSequentially(SuiteRunner.java:375)
	at org.testng.SuiteRunner.privateRun(SuiteRunner.java:340)
	at org.testng.SuiteRunner.run(SuiteRunner.java:289)
	at org.testng.SuiteRunnerWorker.runSuite(SuiteRunnerWorker.java:52)
	at org.testng.SuiteRunnerWorker.run(SuiteRunnerWorker.java:86)
	at org.testng.TestNG.runSuitesSequentially(TestNG.java:1301)
	at org.testng.TestNG.runSuitesLocally(TestNG.java:1226)
	at org.testng.TestNG.runSuites(TestNG.java:1144)
	at org.testng.TestNG.run(TestNG.java:1115)
	at org.apache.maven.surefire.testng.TestNGExecutor.run(TestNGExecutor.java:77)
	at org.apache.maven.surefire.testng.TestNGDirectoryTestSuite.executeMulti(TestNGDirectoryTestSuite.java:159)
	at org.apache.maven.surefire.testng.TestNGDirectoryTestSuite.execute(TestNGDirectoryTestSuite.java:99)
	at org.apache.maven.surefire.testng.TestNGProvider.invoke(TestNGProvider.java:106)
	at sun.reflect.NativeMethodAccessorImpl.invoke0(Native Method)
	at sun.reflect.NativeMethodAccessorImpl.invoke(NativeMethodAccessorImpl.java:62)
	at sun.reflect.DelegatingMethodAccessorImpl.invoke(DelegatingMethodAccessorImpl.java:43)
	at java.lang.reflect.Method.invoke(Method.java:498)
	at org.apache.maven.surefire.util.ReflectionUtils.invokeMethodWithArray(ReflectionUtils.java:189)
	at org.apache.maven.surefire.booter.ProviderFactory$ProviderProxy.invoke(ProviderFactory.java:165)
	at org.apache.maven.surefire.booter.ProviderFactory.invokeProvider(ProviderFactory.java:85)
	at org.apache.maven.surefire.booter.ForkedBooter.runSuitesInProcess(ForkedBooter.java:115)
	at org.apache.maven.surefire.booter.ForkedBooter.main(ForkedBooter.java:75)
]]>
    </failure>
  </testcase> <!-- TestAboutShare81 -->
  <testcase name="TestAboutShare69" time="3.802" classname="Tests.BlogTest">
    <failure type="java.lang.AssertionError" message="The following asserts failed:
	expected [Семестр университета в Украине стоит недешево и даже если речь идет о бюджетной форме, расходов не избежать: канцелярия, учебники, аренда жилья, оплата курсов и даже проезд домой. Где взять деньги и что делать, если они нужны уже сегодня?] but found [Когда начинают звонить сотрудники коллекторской компании, начинаешь думать о том, насколько законны их действия и стоит ли им платить? Имеет ли банк право «подключить» к работе 3-х лиц, если процесс взыскания станет эффективнее?],
	expected [http://dev2.mycredit.com.ua/ru/blog/gde-vzyat-kredit-studentam-na-obuchenie/] but found [http://dev2.mycredit.com.ua/ru/blog/kak-ne-platit-kredit-kollektoram-v-ukraine/]">
      <![CDATA[java.lang.AssertionError: The following asserts failed:
	expected [Семестр университета в Украине стоит недешево и даже если речь идет о бюджетной форме, расходов не избежать: канцелярия, учебники, аренда жилья, оплата курсов и даже проезд домой. Где взять деньги и что делать, если они нужны уже сегодня?] but found [Когда начинают звонить сотрудники коллекторской компании, начинаешь думать о том, насколько законны их действия и стоит ли им платить? Имеет ли банк право «подключить» к работе 3-х лиц, если процесс взыскания станет эффективнее?],
	expected [http://dev2.mycredit.com.ua/ru/blog/gde-vzyat-kredit-studentam-na-obuchenie/] but found [http://dev2.mycredit.com.ua/ru/blog/kak-ne-platit-kredit-kollektoram-v-ukraine/]
	at org.testng.asserts.SoftAssert.assertAll(SoftAssert.java:43)
	at Tests.BlogTest.TestAboutShare69(BlogTest.java:923)
	at sun.reflect.NativeMethodAccessorImpl.invoke0(Native Method)
	at sun.reflect.NativeMethodAccessorImpl.invoke(NativeMethodAccessorImpl.java:62)
	at sun.reflect.DelegatingMethodAccessorImpl.invoke(DelegatingMethodAccessorImpl.java:43)
	at java.lang.reflect.Method.invoke(Method.java:498)
	at org.testng.internal.MethodInvocationHelper.invokeMethod(MethodInvocationHelper.java:108)
	at org.testng.internal.Invoker.invokeMethod(Invoker.java:661)
	at org.testng.internal.Invoker.invokeTestMethod(Invoker.java:869)
	at org.testng.internal.Invoker.invokeTestMethods(Invoker.java:1193)
	at org.testng.internal.TestMethodWorker.invokeTestMethods(TestMethodWorker.java:126)
	at org.testng.internal.TestMethodWorker.run(TestMethodWorker.java:109)
	at org.testng.TestRunner.privateRun(TestRunner.java:744)
	at org.testng.TestRunner.run(TestRunner.java:602)
	at org.testng.SuiteRunner.runTest(SuiteRunner.java:380)
	at org.testng.SuiteRunner.runSequentially(SuiteRunner.java:375)
	at org.testng.SuiteRunner.privateRun(SuiteRunner.java:340)
	at org.testng.SuiteRunner.run(SuiteRunner.java:289)
	at org.testng.SuiteRunnerWorker.runSuite(SuiteRunnerWorker.java:52)
	at org.testng.SuiteRunnerWorker.run(SuiteRunnerWorker.java:86)
	at org.testng.TestNG.runSuitesSequentially(TestNG.java:1301)
	at org.testng.TestNG.runSuitesLocally(TestNG.java:1226)
	at org.testng.TestNG.runSuites(TestNG.java:1144)
	at org.testng.TestNG.run(TestNG.java:1115)
	at org.apache.maven.surefire.testng.TestNGExecutor.run(TestNGExecutor.java:77)
	at org.apache.maven.surefire.testng.TestNGDirectoryTestSuite.executeMulti(TestNGDirectoryTestSuite.java:159)
	at org.apache.maven.surefire.testng.TestNGDirectoryTestSuite.execute(TestNGDirectoryTestSuite.java:99)
	at org.apache.maven.surefire.testng.TestNGProvider.invoke(TestNGProvider.java:106)
	at sun.reflect.NativeMethodAccessorImpl.invoke0(Native Method)
	at sun.reflect.NativeMethodAccessorImpl.invoke(NativeMethodAccessorImpl.java:62)
	at sun.reflect.DelegatingMethodAccessorImpl.invoke(DelegatingMethodAccessorImpl.java:43)
	at java.lang.reflect.Method.invoke(Method.java:498)
	at org.apache.maven.surefire.util.ReflectionUtils.invokeMethodWithArray(ReflectionUtils.java:189)
	at org.apache.maven.surefire.booter.ProviderFactory$ProviderProxy.invoke(ProviderFactory.java:165)
	at org.apache.maven.surefire.booter.ProviderFactory.invokeProvider(ProviderFactory.java:85)
	at org.apache.maven.surefire.booter.ForkedBooter.runSuitesInProcess(ForkedBooter.java:115)
	at org.apache.maven.surefire.booter.ForkedBooter.main(ForkedBooter.java:75)
]]>
    </failure>
  </testcase> <!-- TestAboutShare69 -->
  <testcase name="TestAboutShare1" time="3.448" classname="Tests.BlogTest"/>
  <testcase name="TestAboutShare76" time="4.170" classname="Tests.BlogTest">
    <failure type="java.lang.AssertionError" message="The following asserts failed:
	expected [Семестр университета в Украине стоит недешево и даже если речь идет о бюджетной форме, расходов не избежать: канцелярия, учебники, аренда жилья, оплата курсов и даже проезд домой. Где взять деньги и что делать, если они нужны уже сегодня?] but found [Когда начинают звонить сотрудники коллекторской компании, начинаешь думать о том, насколько законны их действия и стоит ли им платить? Имеет ли банк право «подключить» к работе 3-х лиц, если процесс взыскания станет эффективнее?],
	expected [http://dev2.mycredit.com.ua/ru/blog/gde-vzyat-kredit-studentam-na-obuchenie/] but found [http://dev2.mycredit.com.ua/ru/blog/kak-ne-platit-kredit-kollektoram-v-ukraine/]">
      <![CDATA[java.lang.AssertionError: The following asserts failed:
	expected [Семестр университета в Украине стоит недешево и даже если речь идет о бюджетной форме, расходов не избежать: канцелярия, учебники, аренда жилья, оплата курсов и даже проезд домой. Где взять деньги и что делать, если они нужны уже сегодня?] but found [Когда начинают звонить сотрудники коллекторской компании, начинаешь думать о том, насколько законны их действия и стоит ли им платить? Имеет ли банк право «подключить» к работе 3-х лиц, если процесс взыскания станет эффективнее?],
	expected [http://dev2.mycredit.com.ua/ru/blog/gde-vzyat-kredit-studentam-na-obuchenie/] but found [http://dev2.mycredit.com.ua/ru/blog/kak-ne-platit-kredit-kollektoram-v-ukraine/]
	at org.testng.asserts.SoftAssert.assertAll(SoftAssert.java:43)
	at Tests.BlogTest.TestAboutShare76(BlogTest.java:1009)
	at sun.reflect.NativeMethodAccessorImpl.invoke0(Native Method)
	at sun.reflect.NativeMethodAccessorImpl.invoke(NativeMethodAccessorImpl.java:62)
	at sun.reflect.DelegatingMethodAccessorImpl.invoke(DelegatingMethodAccessorImpl.java:43)
	at java.lang.reflect.Method.invoke(Method.java:498)
	at org.testng.internal.MethodInvocationHelper.invokeMethod(MethodInvocationHelper.java:108)
	at org.testng.internal.Invoker.invokeMethod(Invoker.java:661)
	at org.testng.internal.Invoker.invokeTestMethod(Invoker.java:869)
	at org.testng.internal.Invoker.invokeTestMethods(Invoker.java:1193)
	at org.testng.internal.TestMethodWorker.invokeTestMethods(TestMethodWorker.java:126)
	at org.testng.internal.TestMethodWorker.run(TestMethodWorker.java:109)
	at org.testng.TestRunner.privateRun(TestRunner.java:744)
	at org.testng.TestRunner.run(TestRunner.java:602)
	at org.testng.SuiteRunner.runTest(SuiteRunner.java:380)
	at org.testng.SuiteRunner.runSequentially(SuiteRunner.java:375)
	at org.testng.SuiteRunner.privateRun(SuiteRunner.java:340)
	at org.testng.SuiteRunner.run(SuiteRunner.java:289)
	at org.testng.SuiteRunnerWorker.runSuite(SuiteRunnerWorker.java:52)
	at org.testng.SuiteRunnerWorker.run(SuiteRunnerWorker.java:86)
	at org.testng.TestNG.runSuitesSequentially(TestNG.java:1301)
	at org.testng.TestNG.runSuitesLocally(TestNG.java:1226)
	at org.testng.TestNG.runSuites(TestNG.java:1144)
	at org.testng.TestNG.run(TestNG.java:1115)
	at org.apache.maven.surefire.testng.TestNGExecutor.run(TestNGExecutor.java:77)
	at org.apache.maven.surefire.testng.TestNGDirectoryTestSuite.executeMulti(TestNGDirectoryTestSuite.java:159)
	at org.apache.maven.surefire.testng.TestNGDirectoryTestSuite.execute(TestNGDirectoryTestSuite.java:99)
	at org.apache.maven.surefire.testng.TestNGProvider.invoke(TestNGProvider.java:106)
	at sun.reflect.NativeMethodAccessorImpl.invoke0(Native Method)
	at sun.reflect.NativeMethodAccessorImpl.invoke(NativeMethodAccessorImpl.java:62)
	at sun.reflect.DelegatingMethodAccessorImpl.invoke(DelegatingMethodAccessorImpl.java:43)
	at java.lang.reflect.Method.invoke(Method.java:498)
	at org.apache.maven.surefire.util.ReflectionUtils.invokeMethodWithArray(ReflectionUtils.java:189)
	at org.apache.maven.surefire.booter.ProviderFactory$ProviderProxy.invoke(ProviderFactory.java:165)
	at org.apache.maven.surefire.booter.ProviderFactory.invokeProvider(ProviderFactory.java:85)
	at org.apache.maven.surefire.booter.ForkedBooter.runSuitesInProcess(ForkedBooter.java:115)
	at org.apache.maven.surefire.booter.ForkedBooter.main(ForkedBooter.java:75)
]]>
    </failure>
  </testcase> <!-- TestAboutShare76 -->
  <testcase name="TestAboutShare49" time="13.579" classname="Tests.BlogTest">
    <failure type="java.lang.AssertionError" message="The following asserts failed:
	expected [Семестр университета в Украине стоит недешево и даже если речь идет о бюджетной форме, расходов не избежать: канцелярия, учебники, аренда жилья, оплата курсов и даже проезд домой. Где взять деньги и что делать, если они нужны уже сегодня?] but found [Когда начинают звонить сотрудники коллекторской компании, начинаешь думать о том, насколько законны их действия и стоит ли им платить? Имеет ли банк право «подключить» к работе 3-х лиц, если процесс взыскания станет эффективнее?],
	expected [http://dev2.mycredit.com.ua/ru/blog/gde-vzyat-kredit-studentam-na-obuchenie/] but found [http://dev2.mycredit.com.ua/ru/blog/kak-ne-platit-kredit-kollektoram-v-ukraine/]">
      <![CDATA[java.lang.AssertionError: The following asserts failed:
	expected [Семестр университета в Украине стоит недешево и даже если речь идет о бюджетной форме, расходов не избежать: канцелярия, учебники, аренда жилья, оплата курсов и даже проезд домой. Где взять деньги и что делать, если они нужны уже сегодня?] but found [Когда начинают звонить сотрудники коллекторской компании, начинаешь думать о том, насколько законны их действия и стоит ли им платить? Имеет ли банк право «подключить» к работе 3-х лиц, если процесс взыскания станет эффективнее?],
	expected [http://dev2.mycredit.com.ua/ru/blog/gde-vzyat-kredit-studentam-na-obuchenie/] but found [http://dev2.mycredit.com.ua/ru/blog/kak-ne-platit-kredit-kollektoram-v-ukraine/]
	at org.testng.asserts.SoftAssert.assertAll(SoftAssert.java:43)
	at Tests.BlogTest.TestAboutShare49(BlogTest.java:676)
	at sun.reflect.NativeMethodAccessorImpl.invoke0(Native Method)
	at sun.reflect.NativeMethodAccessorImpl.invoke(NativeMethodAccessorImpl.java:62)
	at sun.reflect.DelegatingMethodAccessorImpl.invoke(DelegatingMethodAccessorImpl.java:43)
	at java.lang.reflect.Method.invoke(Method.java:498)
	at org.testng.internal.MethodInvocationHelper.invokeMethod(MethodInvocationHelper.java:108)
	at org.testng.internal.Invoker.invokeMethod(Invoker.java:661)
	at org.testng.internal.Invoker.invokeTestMethod(Invoker.java:869)
	at org.testng.internal.Invoker.invokeTestMethods(Invoker.java:1193)
	at org.testng.internal.TestMethodWorker.invokeTestMethods(TestMethodWorker.java:126)
	at org.testng.internal.TestMethodWorker.run(TestMethodWorker.java:109)
	at org.testng.TestRunner.privateRun(TestRunner.java:744)
	at org.testng.TestRunner.run(TestRunner.java:602)
	at org.testng.SuiteRunner.runTest(SuiteRunner.java:380)
	at org.testng.SuiteRunner.runSequentially(SuiteRunner.java:375)
	at org.testng.SuiteRunner.privateRun(SuiteRunner.java:340)
	at org.testng.SuiteRunner.run(SuiteRunner.java:289)
	at org.testng.SuiteRunnerWorker.runSuite(SuiteRunnerWorker.java:52)
	at org.testng.SuiteRunnerWorker.run(SuiteRunnerWorker.java:86)
	at org.testng.TestNG.runSuitesSequentially(TestNG.java:1301)
	at org.testng.TestNG.runSuitesLocally(TestNG.java:1226)
	at org.testng.TestNG.runSuites(TestNG.java:1144)
	at org.testng.TestNG.run(TestNG.java:1115)
	at org.apache.maven.surefire.testng.TestNGExecutor.run(TestNGExecutor.java:77)
	at org.apache.maven.surefire.testng.TestNGDirectoryTestSuite.executeMulti(TestNGDirectoryTestSuite.java:159)
	at org.apache.maven.surefire.testng.TestNGDirectoryTestSuite.execute(TestNGDirectoryTestSuite.java:99)
	at org.apache.maven.surefire.testng.TestNGProvider.invoke(TestNGProvider.java:106)
	at sun.reflect.NativeMethodAccessorImpl.invoke0(Native Method)
	at sun.reflect.NativeMethodAccessorImpl.invoke(NativeMethodAccessorImpl.java:62)
	at sun.reflect.DelegatingMethodAccessorImpl.invoke(DelegatingMethodAccessorImpl.java:43)
	at java.lang.reflect.Method.invoke(Method.java:498)
	at org.apache.maven.surefire.util.ReflectionUtils.invokeMethodWithArray(ReflectionUtils.java:189)
	at org.apache.maven.surefire.booter.ProviderFactory$ProviderProxy.invoke(ProviderFactory.java:165)
	at org.apache.maven.surefire.booter.ProviderFactory.invokeProvider(ProviderFactory.java:85)
	at org.apache.maven.surefire.booter.ForkedBooter.runSuitesInProcess(ForkedBooter.java:115)
	at org.apache.maven.surefire.booter.ForkedBooter.main(ForkedBooter.java:75)
]]>
    </failure>
  </testcase> <!-- TestAboutShare49 -->
  <testcase name="TestAboutShare24" time="4.313" classname="Tests.BlogTest"/>
  <testcase name="TestAboutShare45" time="4.178" classname="Tests.BlogTest">
    <failure type="java.lang.AssertionError" message="The following asserts failed:
	expected [Семестр университета в Украине стоит недешево и даже если речь идет о бюджетной форме, расходов не избежать: канцелярия, учебники, аренда жилья, оплата курсов и даже проезд домой. Где взять деньги и что делать, если они нужны уже сегодня?] but found [Когда начинают звонить сотрудники коллекторской компании, начинаешь думать о том, насколько законны их действия и стоит ли им платить? Имеет ли банк право «подключить» к работе 3-х лиц, если процесс взыскания станет эффективнее?],
	expected [http://dev2.mycredit.com.ua/ru/blog/gde-vzyat-kredit-studentam-na-obuchenie/] but found [http://dev2.mycredit.com.ua/ru/blog/kak-ne-platit-kredit-kollektoram-v-ukraine/]">
      <![CDATA[java.lang.AssertionError: The following asserts failed:
	expected [Семестр университета в Украине стоит недешево и даже если речь идет о бюджетной форме, расходов не избежать: канцелярия, учебники, аренда жилья, оплата курсов и даже проезд домой. Где взять деньги и что делать, если они нужны уже сегодня?] but found [Когда начинают звонить сотрудники коллекторской компании, начинаешь думать о том, насколько законны их действия и стоит ли им платить? Имеет ли банк право «подключить» к работе 3-х лиц, если процесс взыскания станет эффективнее?],
	expected [http://dev2.mycredit.com.ua/ru/blog/gde-vzyat-kredit-studentam-na-obuchenie/] but found [http://dev2.mycredit.com.ua/ru/blog/kak-ne-platit-kredit-kollektoram-v-ukraine/]
	at org.testng.asserts.SoftAssert.assertAll(SoftAssert.java:43)
	at Tests.BlogTest.TestAboutShare45(BlogTest.java:623)
	at sun.reflect.NativeMethodAccessorImpl.invoke0(Native Method)
	at sun.reflect.NativeMethodAccessorImpl.invoke(NativeMethodAccessorImpl.java:62)
	at sun.reflect.DelegatingMethodAccessorImpl.invoke(DelegatingMethodAccessorImpl.java:43)
	at java.lang.reflect.Method.invoke(Method.java:498)
	at org.testng.internal.MethodInvocationHelper.invokeMethod(MethodInvocationHelper.java:108)
	at org.testng.internal.Invoker.invokeMethod(Invoker.java:661)
	at org.testng.internal.Invoker.invokeTestMethod(Invoker.java:869)
	at org.testng.internal.Invoker.invokeTestMethods(Invoker.java:1193)
	at org.testng.internal.TestMethodWorker.invokeTestMethods(TestMethodWorker.java:126)
	at org.testng.internal.TestMethodWorker.run(TestMethodWorker.java:109)
	at org.testng.TestRunner.privateRun(TestRunner.java:744)
	at org.testng.TestRunner.run(TestRunner.java:602)
	at org.testng.SuiteRunner.runTest(SuiteRunner.java:380)
	at org.testng.SuiteRunner.runSequentially(SuiteRunner.java:375)
	at org.testng.SuiteRunner.privateRun(SuiteRunner.java:340)
	at org.testng.SuiteRunner.run(SuiteRunner.java:289)
	at org.testng.SuiteRunnerWorker.runSuite(SuiteRunnerWorker.java:52)
	at org.testng.SuiteRunnerWorker.run(SuiteRunnerWorker.java:86)
	at org.testng.TestNG.runSuitesSequentially(TestNG.java:1301)
	at org.testng.TestNG.runSuitesLocally(TestNG.java:1226)
	at org.testng.TestNG.runSuites(TestNG.java:1144)
	at org.testng.TestNG.run(TestNG.java:1115)
	at org.apache.maven.surefire.testng.TestNGExecutor.run(TestNGExecutor.java:77)
	at org.apache.maven.surefire.testng.TestNGDirectoryTestSuite.executeMulti(TestNGDirectoryTestSuite.java:159)
	at org.apache.maven.surefire.testng.TestNGDirectoryTestSuite.execute(TestNGDirectoryTestSuite.java:99)
	at org.apache.maven.surefire.testng.TestNGProvider.invoke(TestNGProvider.java:106)
	at sun.reflect.NativeMethodAccessorImpl.invoke0(Native Method)
	at sun.reflect.NativeMethodAccessorImpl.invoke(NativeMethodAccessorImpl.java:62)
	at sun.reflect.DelegatingMethodAccessorImpl.invoke(DelegatingMethodAccessorImpl.java:43)
	at java.lang.reflect.Method.invoke(Method.java:498)
	at org.apache.maven.surefire.util.ReflectionUtils.invokeMethodWithArray(ReflectionUtils.java:189)
	at org.apache.maven.surefire.booter.ProviderFactory$ProviderProxy.invoke(ProviderFactory.java:165)
	at org.apache.maven.surefire.booter.ProviderFactory.invokeProvider(ProviderFactory.java:85)
	at org.apache.maven.surefire.booter.ForkedBooter.runSuitesInProcess(ForkedBooter.java:115)
	at org.apache.maven.surefire.booter.ForkedBooter.main(ForkedBooter.java:75)
]]>
    </failure>
  </testcase> <!-- TestAboutShare45 -->
  <testcase name="TestButtonsbar" time="3.562" classname="Tests.BlogTest">
    <failure type="java.lang.AssertionError" message="The following asserts failed:
	expected [Семестр университета в Украине стоит недешево и даже если речь идет о бюджетной форме, расходов не избежать: канцелярия, учебники, аренда жилья, оплата курсов и даже проезд домой. Где взять деньги и что делать, если они нужны уже сегодня?] but found [Когда начинают звонить сотрудники коллекторской компании, начинаешь думать о том, насколько законны их действия и стоит ли им платить? Имеет ли банк право «подключить» к работе 3-х лиц, если процесс взыскания станет эффективнее?],
	expected [http://dev2.mycredit.com.ua/ru/blog/gde-vzyat-kredit-studentam-na-obuchenie/] but found [http://dev2.mycredit.com.ua/ru/blog/kak-ne-platit-kredit-kollektoram-v-ukraine/]">
      <![CDATA[java.lang.AssertionError: The following asserts failed:
	expected [Семестр университета в Украине стоит недешево и даже если речь идет о бюджетной форме, расходов не избежать: канцелярия, учебники, аренда жилья, оплата курсов и даже проезд домой. Где взять деньги и что делать, если они нужны уже сегодня?] but found [Когда начинают звонить сотрудники коллекторской компании, начинаешь думать о том, насколько законны их действия и стоит ли им платить? Имеет ли банк право «подключить» к работе 3-х лиц, если процесс взыскания станет эффективнее?],
	expected [http://dev2.mycredit.com.ua/ru/blog/gde-vzyat-kredit-studentam-na-obuchenie/] but found [http://dev2.mycredit.com.ua/ru/blog/kak-ne-platit-kredit-kollektoram-v-ukraine/]
	at org.testng.asserts.SoftAssert.assertAll(SoftAssert.java:43)
	at Tests.BlogTest.TestButtonsbar(BlogTest.java:131)
	at sun.reflect.NativeMethodAccessorImpl.invoke0(Native Method)
	at sun.reflect.NativeMethodAccessorImpl.invoke(NativeMethodAccessorImpl.java:62)
	at sun.reflect.DelegatingMethodAccessorImpl.invoke(DelegatingMethodAccessorImpl.java:43)
	at java.lang.reflect.Method.invoke(Method.java:498)
	at org.testng.internal.MethodInvocationHelper.invokeMethod(MethodInvocationHelper.java:108)
	at org.testng.internal.Invoker.invokeMethod(Invoker.java:661)
	at org.testng.internal.Invoker.invokeTestMethod(Invoker.java:869)
	at org.testng.internal.Invoker.invokeTestMethods(Invoker.java:1193)
	at org.testng.internal.TestMethodWorker.invokeTestMethods(TestMethodWorker.java:126)
	at org.testng.internal.TestMethodWorker.run(TestMethodWorker.java:109)
	at org.testng.TestRunner.privateRun(TestRunner.java:744)
	at org.testng.TestRunner.run(TestRunner.java:602)
	at org.testng.SuiteRunner.runTest(SuiteRunner.java:380)
	at org.testng.SuiteRunner.runSequentially(SuiteRunner.java:375)
	at org.testng.SuiteRunner.privateRun(SuiteRunner.java:340)
	at org.testng.SuiteRunner.run(SuiteRunner.java:289)
	at org.testng.SuiteRunnerWorker.runSuite(SuiteRunnerWorker.java:52)
	at org.testng.SuiteRunnerWorker.run(SuiteRunnerWorker.java:86)
	at org.testng.TestNG.runSuitesSequentially(TestNG.java:1301)
	at org.testng.TestNG.runSuitesLocally(TestNG.java:1226)
	at org.testng.TestNG.runSuites(TestNG.java:1144)
	at org.testng.TestNG.run(TestNG.java:1115)
	at org.apache.maven.surefire.testng.TestNGExecutor.run(TestNGExecutor.java:77)
	at org.apache.maven.surefire.testng.TestNGDirectoryTestSuite.executeMulti(TestNGDirectoryTestSuite.java:159)
	at org.apache.maven.surefire.testng.TestNGDirectoryTestSuite.execute(TestNGDirectoryTestSuite.java:99)
	at org.apache.maven.surefire.testng.TestNGProvider.invoke(TestNGProvider.java:106)
	at sun.reflect.NativeMethodAccessorImpl.invoke0(Native Method)
	at sun.reflect.NativeMethodAccessorImpl.invoke(NativeMethodAccessorImpl.java:62)
	at sun.reflect.DelegatingMethodAccessorImpl.invoke(DelegatingMethodAccessorImpl.java:43)
	at java.lang.reflect.Method.invoke(Method.java:498)
	at org.apache.maven.surefire.util.ReflectionUtils.invokeMethodWithArray(ReflectionUtils.java:189)
	at org.apache.maven.surefire.booter.ProviderFactory$ProviderProxy.invoke(ProviderFactory.java:165)
	at org.apache.maven.surefire.booter.ProviderFactory.invokeProvider(ProviderFactory.java:85)
	at org.apache.maven.surefire.booter.ForkedBooter.runSuitesInProcess(ForkedBooter.java:115)
	at org.apache.maven.surefire.booter.ForkedBooter.main(ForkedBooter.java:75)
]]>
    </failure>
  </testcase> <!-- TestButtonsbar -->
  <testcase name="TestButtonSix" time="2.357" classname="Tests.BlogTest">
    <failure type="java.lang.AssertionError" message="The following asserts failed:
	expected [Семестр университета в Украине стоит недешево и даже если речь идет о бюджетной форме, расходов не избежать: канцелярия, учебники, аренда жилья, оплата курсов и даже проезд домой. Где взять деньги и что делать, если они нужны уже сегодня?] but found [Когда начинают звонить сотрудники коллекторской компании, начинаешь думать о том, насколько законны их действия и стоит ли им платить? Имеет ли банк право «подключить» к работе 3-х лиц, если процесс взыскания станет эффективнее?],
	expected [http://dev2.mycredit.com.ua/ru/blog/gde-vzyat-kredit-studentam-na-obuchenie/] but found [http://dev2.mycredit.com.ua/ru/blog/kak-ne-platit-kredit-kollektoram-v-ukraine/]">
      <![CDATA[java.lang.AssertionError: The following asserts failed:
	expected [Семестр университета в Украине стоит недешево и даже если речь идет о бюджетной форме, расходов не избежать: канцелярия, учебники, аренда жилья, оплата курсов и даже проезд домой. Где взять деньги и что делать, если они нужны уже сегодня?] but found [Когда начинают звонить сотрудники коллекторской компании, начинаешь думать о том, насколько законны их действия и стоит ли им платить? Имеет ли банк право «подключить» к работе 3-х лиц, если процесс взыскания станет эффективнее?],
	expected [http://dev2.mycredit.com.ua/ru/blog/gde-vzyat-kredit-studentam-na-obuchenie/] but found [http://dev2.mycredit.com.ua/ru/blog/kak-ne-platit-kredit-kollektoram-v-ukraine/]
	at org.testng.asserts.SoftAssert.assertAll(SoftAssert.java:43)
	at Tests.BlogTest.TestButtonSix(BlogTest.java:440)
	at sun.reflect.NativeMethodAccessorImpl.invoke0(Native Method)
	at sun.reflect.NativeMethodAccessorImpl.invoke(NativeMethodAccessorImpl.java:62)
	at sun.reflect.DelegatingMethodAccessorImpl.invoke(DelegatingMethodAccessorImpl.java:43)
	at java.lang.reflect.Method.invoke(Method.java:498)
	at org.testng.internal.MethodInvocationHelper.invokeMethod(MethodInvocationHelper.java:108)
	at org.testng.internal.Invoker.invokeMethod(Invoker.java:661)
	at org.testng.internal.Invoker.invokeTestMethod(Invoker.java:869)
	at org.testng.internal.Invoker.invokeTestMethods(Invoker.java:1193)
	at org.testng.internal.TestMethodWorker.invokeTestMethods(TestMethodWorker.java:126)
	at org.testng.internal.TestMethodWorker.run(TestMethodWorker.java:109)
	at org.testng.TestRunner.privateRun(TestRunner.java:744)
	at org.testng.TestRunner.run(TestRunner.java:602)
	at org.testng.SuiteRunner.runTest(SuiteRunner.java:380)
	at org.testng.SuiteRunner.runSequentially(SuiteRunner.java:375)
	at org.testng.SuiteRunner.privateRun(SuiteRunner.java:340)
	at org.testng.SuiteRunner.run(SuiteRunner.java:289)
	at org.testng.SuiteRunnerWorker.runSuite(SuiteRunnerWorker.java:52)
	at org.testng.SuiteRunnerWorker.run(SuiteRunnerWorker.java:86)
	at org.testng.TestNG.runSuitesSequentially(TestNG.java:1301)
	at org.testng.TestNG.runSuitesLocally(TestNG.java:1226)
	at org.testng.TestNG.runSuites(TestNG.java:1144)
	at org.testng.TestNG.run(TestNG.java:1115)
	at org.apache.maven.surefire.testng.TestNGExecutor.run(TestNGExecutor.java:77)
	at org.apache.maven.surefire.testng.TestNGDirectoryTestSuite.executeMulti(TestNGDirectoryTestSuite.java:159)
	at org.apache.maven.surefire.testng.TestNGDirectoryTestSuite.execute(TestNGDirectoryTestSuite.java:99)
	at org.apache.maven.surefire.testng.TestNGProvider.invoke(TestNGProvider.java:106)
	at sun.reflect.NativeMethodAccessorImpl.invoke0(Native Method)
	at sun.reflect.NativeMethodAccessorImpl.invoke(NativeMethodAccessorImpl.java:62)
	at sun.reflect.DelegatingMethodAccessorImpl.invoke(DelegatingMethodAccessorImpl.java:43)
	at java.lang.reflect.Method.invoke(Method.java:498)
	at org.apache.maven.surefire.util.ReflectionUtils.invokeMethodWithArray(ReflectionUtils.java:189)
	at org.apache.maven.surefire.booter.ProviderFactory$ProviderProxy.invoke(ProviderFactory.java:165)
	at org.apache.maven.surefire.booter.ProviderFactory.invokeProvider(ProviderFactory.java:85)
	at org.apache.maven.surefire.booter.ForkedBooter.runSuitesInProcess(ForkedBooter.java:115)
	at org.apache.maven.surefire.booter.ForkedBooter.main(ForkedBooter.java:75)
]]>
    </failure>
  </testcase> <!-- TestButtonSix -->
  <testcase name="TestAboutShare53" time="3.542" classname="Tests.BlogTest">
    <failure type="java.lang.AssertionError" message="The following asserts failed:
	expected [Семестр университета в Украине стоит недешево и даже если речь идет о бюджетной форме, расходов не избежать: канцелярия, учебники, аренда жилья, оплата курсов и даже проезд домой. Где взять деньги и что делать, если они нужны уже сегодня?] but found [Когда начинают звонить сотрудники коллекторской компании, начинаешь думать о том, насколько законны их действия и стоит ли им платить? Имеет ли банк право «подключить» к работе 3-х лиц, если процесс взыскания станет эффективнее?],
	expected [http://dev2.mycredit.com.ua/ru/blog/gde-vzyat-kredit-studentam-na-obuchenie/] but found [http://dev2.mycredit.com.ua/ru/blog/kak-ne-platit-kredit-kollektoram-v-ukraine/]">
      <![CDATA[java.lang.AssertionError: The following asserts failed:
	expected [Семестр университета в Украине стоит недешево и даже если речь идет о бюджетной форме, расходов не избежать: канцелярия, учебники, аренда жилья, оплата курсов и даже проезд домой. Где взять деньги и что делать, если они нужны уже сегодня?] but found [Когда начинают звонить сотрудники коллекторской компании, начинаешь думать о том, насколько законны их действия и стоит ли им платить? Имеет ли банк право «подключить» к работе 3-х лиц, если процесс взыскания станет эффективнее?],
	expected [http://dev2.mycredit.com.ua/ru/blog/gde-vzyat-kredit-studentam-na-obuchenie/] but found [http://dev2.mycredit.com.ua/ru/blog/kak-ne-platit-kredit-kollektoram-v-ukraine/]
	at org.testng.asserts.SoftAssert.assertAll(SoftAssert.java:43)
	at Tests.BlogTest.TestAboutShare53(BlogTest.java:720)
	at sun.reflect.NativeMethodAccessorImpl.invoke0(Native Method)
	at sun.reflect.NativeMethodAccessorImpl.invoke(NativeMethodAccessorImpl.java:62)
	at sun.reflect.DelegatingMethodAccessorImpl.invoke(DelegatingMethodAccessorImpl.java:43)
	at java.lang.reflect.Method.invoke(Method.java:498)
	at org.testng.internal.MethodInvocationHelper.invokeMethod(MethodInvocationHelper.java:108)
	at org.testng.internal.Invoker.invokeMethod(Invoker.java:661)
	at org.testng.internal.Invoker.invokeTestMethod(Invoker.java:869)
	at org.testng.internal.Invoker.invokeTestMethods(Invoker.java:1193)
	at org.testng.internal.TestMethodWorker.invokeTestMethods(TestMethodWorker.java:126)
	at org.testng.internal.TestMethodWorker.run(TestMethodWorker.java:109)
	at org.testng.TestRunner.privateRun(TestRunner.java:744)
	at org.testng.TestRunner.run(TestRunner.java:602)
	at org.testng.SuiteRunner.runTest(SuiteRunner.java:380)
	at org.testng.SuiteRunner.runSequentially(SuiteRunner.java:375)
	at org.testng.SuiteRunner.privateRun(SuiteRunner.java:340)
	at org.testng.SuiteRunner.run(SuiteRunner.java:289)
	at org.testng.SuiteRunnerWorker.runSuite(SuiteRunnerWorker.java:52)
	at org.testng.SuiteRunnerWorker.run(SuiteRunnerWorker.java:86)
	at org.testng.TestNG.runSuitesSequentially(TestNG.java:1301)
	at org.testng.TestNG.runSuitesLocally(TestNG.java:1226)
	at org.testng.TestNG.runSuites(TestNG.java:1144)
	at org.testng.TestNG.run(TestNG.java:1115)
	at org.apache.maven.surefire.testng.TestNGExecutor.run(TestNGExecutor.java:77)
	at org.apache.maven.surefire.testng.TestNGDirectoryTestSuite.executeMulti(TestNGDirectoryTestSuite.java:159)
	at org.apache.maven.surefire.testng.TestNGDirectoryTestSuite.execute(TestNGDirectoryTestSuite.java:99)
	at org.apache.maven.surefire.testng.TestNGProvider.invoke(TestNGProvider.java:106)
	at sun.reflect.NativeMethodAccessorImpl.invoke0(Native Method)
	at sun.reflect.NativeMethodAccessorImpl.invoke(NativeMethodAccessorImpl.java:62)
	at sun.reflect.DelegatingMethodAccessorImpl.invoke(DelegatingMethodAccessorImpl.java:43)
	at java.lang.reflect.Method.invoke(Method.java:498)
	at org.apache.maven.surefire.util.ReflectionUtils.invokeMethodWithArray(ReflectionUtils.java:189)
	at org.apache.maven.surefire.booter.ProviderFactory$ProviderProxy.invoke(ProviderFactory.java:165)
	at org.apache.maven.surefire.booter.ProviderFactory.invokeProvider(ProviderFactory.java:85)
	at org.apache.maven.surefire.booter.ForkedBooter.runSuitesInProcess(ForkedBooter.java:115)
	at org.apache.maven.surefire.booter.ForkedBooter.main(ForkedBooter.java:75)
]]>
    </failure>
  </testcase> <!-- TestAboutShare53 -->
  <testcase name="TestCalculator" time="2.751" classname="Tests.BlogTest">
    <failure type="java.lang.AssertionError" message="The following asserts failed:
	expected [Семестр университета в Украине стоит недешево и даже если речь идет о бюджетной форме, расходов не избежать: канцелярия, учебники, аренда жилья, оплата курсов и даже проезд домой. Где взять деньги и что делать, если они нужны уже сегодня?] but found [Когда начинают звонить сотрудники коллекторской компании, начинаешь думать о том, насколько законны их действия и стоит ли им платить? Имеет ли банк право «подключить» к работе 3-х лиц, если процесс взыскания станет эффективнее?],
	expected [http://dev2.mycredit.com.ua/ru/blog/gde-vzyat-kredit-studentam-na-obuchenie/] but found [http://dev2.mycredit.com.ua/ru/blog/kak-ne-platit-kredit-kollektoram-v-ukraine/]">
      <![CDATA[java.lang.AssertionError: The following asserts failed:
	expected [Семестр университета в Украине стоит недешево и даже если речь идет о бюджетной форме, расходов не избежать: канцелярия, учебники, аренда жилья, оплата курсов и даже проезд домой. Где взять деньги и что делать, если они нужны уже сегодня?] but found [Когда начинают звонить сотрудники коллекторской компании, начинаешь думать о том, насколько законны их действия и стоит ли им платить? Имеет ли банк право «подключить» к работе 3-х лиц, если процесс взыскания станет эффективнее?],
	expected [http://dev2.mycredit.com.ua/ru/blog/gde-vzyat-kredit-studentam-na-obuchenie/] but found [http://dev2.mycredit.com.ua/ru/blog/kak-ne-platit-kredit-kollektoram-v-ukraine/]
	at org.testng.asserts.SoftAssert.assertAll(SoftAssert.java:43)
	at Tests.BlogTest.TestCalculator(BlogTest.java:1215)
	at sun.reflect.NativeMethodAccessorImpl.invoke0(Native Method)
	at sun.reflect.NativeMethodAccessorImpl.invoke(NativeMethodAccessorImpl.java:62)
	at sun.reflect.DelegatingMethodAccessorImpl.invoke(DelegatingMethodAccessorImpl.java:43)
	at java.lang.reflect.Method.invoke(Method.java:498)
	at org.testng.internal.MethodInvocationHelper.invokeMethod(MethodInvocationHelper.java:108)
	at org.testng.internal.Invoker.invokeMethod(Invoker.java:661)
	at org.testng.internal.Invoker.invokeTestMethod(Invoker.java:869)
	at org.testng.internal.Invoker.invokeTestMethods(Invoker.java:1193)
	at org.testng.internal.TestMethodWorker.invokeTestMethods(TestMethodWorker.java:126)
	at org.testng.internal.TestMethodWorker.run(TestMethodWorker.java:109)
	at org.testng.TestRunner.privateRun(TestRunner.java:744)
	at org.testng.TestRunner.run(TestRunner.java:602)
	at org.testng.SuiteRunner.runTest(SuiteRunner.java:380)
	at org.testng.SuiteRunner.runSequentially(SuiteRunner.java:375)
	at org.testng.SuiteRunner.privateRun(SuiteRunner.java:340)
	at org.testng.SuiteRunner.run(SuiteRunner.java:289)
	at org.testng.SuiteRunnerWorker.runSuite(SuiteRunnerWorker.java:52)
	at org.testng.SuiteRunnerWorker.run(SuiteRunnerWorker.java:86)
	at org.testng.TestNG.runSuitesSequentially(TestNG.java:1301)
	at org.testng.TestNG.runSuitesLocally(TestNG.java:1226)
	at org.testng.TestNG.runSuites(TestNG.java:1144)
	at org.testng.TestNG.run(TestNG.java:1115)
	at org.apache.maven.surefire.testng.TestNGExecutor.run(TestNGExecutor.java:77)
	at org.apache.maven.surefire.testng.TestNGDirectoryTestSuite.executeMulti(TestNGDirectoryTestSuite.java:159)
	at org.apache.maven.surefire.testng.TestNGDirectoryTestSuite.execute(TestNGDirectoryTestSuite.java:99)
	at org.apache.maven.surefire.testng.TestNGProvider.invoke(TestNGProvider.java:106)
	at sun.reflect.NativeMethodAccessorImpl.invoke0(Native Method)
	at sun.reflect.NativeMethodAccessorImpl.invoke(NativeMethodAccessorImpl.java:62)
	at sun.reflect.DelegatingMethodAccessorImpl.invoke(DelegatingMethodAccessorImpl.java:43)
	at java.lang.reflect.Method.invoke(Method.java:498)
	at org.apache.maven.surefire.util.ReflectionUtils.invokeMethodWithArray(ReflectionUtils.java:189)
	at org.apache.maven.surefire.booter.ProviderFactory$ProviderProxy.invoke(ProviderFactory.java:165)
	at org.apache.maven.surefire.booter.ProviderFactory.invokeProvider(ProviderFactory.java:85)
	at org.apache.maven.surefire.booter.ForkedBooter.runSuitesInProcess(ForkedBooter.java:115)
	at org.apache.maven.surefire.booter.ForkedBooter.main(ForkedBooter.java:75)
]]>
    </failure>
  </testcase> <!-- TestCalculator -->
  <testcase name="TestAboutShare40" time="4.006" classname="Tests.BlogTest">
    <failure type="java.lang.AssertionError" message="The following asserts failed:
	expected [Семестр университета в Украине стоит недешево и даже если речь идет о бюджетной форме, расходов не избежать: канцелярия, учебники, аренда жилья, оплата курсов и даже проезд домой. Где взять деньги и что делать, если они нужны уже сегодня?] but found [Когда начинают звонить сотрудники коллекторской компании, начинаешь думать о том, насколько законны их действия и стоит ли им платить? Имеет ли банк право «подключить» к работе 3-х лиц, если процесс взыскания станет эффективнее?],
	expected [http://dev2.mycredit.com.ua/ru/blog/gde-vzyat-kredit-studentam-na-obuchenie/] but found [http://dev2.mycredit.com.ua/ru/blog/kak-ne-platit-kredit-kollektoram-v-ukraine/]">
      <![CDATA[java.lang.AssertionError: The following asserts failed:
	expected [Семестр университета в Украине стоит недешево и даже если речь идет о бюджетной форме, расходов не избежать: канцелярия, учебники, аренда жилья, оплата курсов и даже проезд домой. Где взять деньги и что делать, если они нужны уже сегодня?] but found [Когда начинают звонить сотрудники коллекторской компании, начинаешь думать о том, насколько законны их действия и стоит ли им платить? Имеет ли банк право «подключить» к работе 3-х лиц, если процесс взыскания станет эффективнее?],
	expected [http://dev2.mycredit.com.ua/ru/blog/gde-vzyat-kredit-studentam-na-obuchenie/] but found [http://dev2.mycredit.com.ua/ru/blog/kak-ne-platit-kredit-kollektoram-v-ukraine/]
	at org.testng.asserts.SoftAssert.assertAll(SoftAssert.java:43)
	at Tests.BlogTest.TestAboutShare40(BlogTest.java:559)
	at sun.reflect.NativeMethodAccessorImpl.invoke0(Native Method)
	at sun.reflect.NativeMethodAccessorImpl.invoke(NativeMethodAccessorImpl.java:62)
	at sun.reflect.DelegatingMethodAccessorImpl.invoke(DelegatingMethodAccessorImpl.java:43)
	at java.lang.reflect.Method.invoke(Method.java:498)
	at org.testng.internal.MethodInvocationHelper.invokeMethod(MethodInvocationHelper.java:108)
	at org.testng.internal.Invoker.invokeMethod(Invoker.java:661)
	at org.testng.internal.Invoker.invokeTestMethod(Invoker.java:869)
	at org.testng.internal.Invoker.invokeTestMethods(Invoker.java:1193)
	at org.testng.internal.TestMethodWorker.invokeTestMethods(TestMethodWorker.java:126)
	at org.testng.internal.TestMethodWorker.run(TestMethodWorker.java:109)
	at org.testng.TestRunner.privateRun(TestRunner.java:744)
	at org.testng.TestRunner.run(TestRunner.java:602)
	at org.testng.SuiteRunner.runTest(SuiteRunner.java:380)
	at org.testng.SuiteRunner.runSequentially(SuiteRunner.java:375)
	at org.testng.SuiteRunner.privateRun(SuiteRunner.java:340)
	at org.testng.SuiteRunner.run(SuiteRunner.java:289)
	at org.testng.SuiteRunnerWorker.runSuite(SuiteRunnerWorker.java:52)
	at org.testng.SuiteRunnerWorker.run(SuiteRunnerWorker.java:86)
	at org.testng.TestNG.runSuitesSequentially(TestNG.java:1301)
	at org.testng.TestNG.runSuitesLocally(TestNG.java:1226)
	at org.testng.TestNG.runSuites(TestNG.java:1144)
	at org.testng.TestNG.run(TestNG.java:1115)
	at org.apache.maven.surefire.testng.TestNGExecutor.run(TestNGExecutor.java:77)
	at org.apache.maven.surefire.testng.TestNGDirectoryTestSuite.executeMulti(TestNGDirectoryTestSuite.java:159)
	at org.apache.maven.surefire.testng.TestNGDirectoryTestSuite.execute(TestNGDirectoryTestSuite.java:99)
	at org.apache.maven.surefire.testng.TestNGProvider.invoke(TestNGProvider.java:106)
	at sun.reflect.NativeMethodAccessorImpl.invoke0(Native Method)
	at sun.reflect.NativeMethodAccessorImpl.invoke(NativeMethodAccessorImpl.java:62)
	at sun.reflect.DelegatingMethodAccessorImpl.invoke(DelegatingMethodAccessorImpl.java:43)
	at java.lang.reflect.Method.invoke(Method.java:498)
	at org.apache.maven.surefire.util.ReflectionUtils.invokeMethodWithArray(ReflectionUtils.java:189)
	at org.apache.maven.surefire.booter.ProviderFactory$ProviderProxy.invoke(ProviderFactory.java:165)
	at org.apache.maven.surefire.booter.ProviderFactory.invokeProvider(ProviderFactory.java:85)
	at org.apache.maven.surefire.booter.ForkedBooter.runSuitesInProcess(ForkedBooter.java:115)
	at org.apache.maven.surefire.booter.ForkedBooter.main(ForkedBooter.java:75)
]]>
    </failure>
  </testcase> <!-- TestAboutShare40 -->
  <testcase name="TestAboutShare11" time="4.105" classname="Tests.BlogTest"/>
  <testcase name="TestAboutShare48" time="4.208" classname="Tests.BlogTest">
    <failure type="java.lang.AssertionError" message="The following asserts failed:
	expected [Семестр университета в Украине стоит недешево и даже если речь идет о бюджетной форме, расходов не избежать: канцелярия, учебники, аренда жилья, оплата курсов и даже проезд домой. Где взять деньги и что делать, если они нужны уже сегодня?] but found [Когда начинают звонить сотрудники коллекторской компании, начинаешь думать о том, насколько законны их действия и стоит ли им платить? Имеет ли банк право «подключить» к работе 3-х лиц, если процесс взыскания станет эффективнее?],
	expected [http://dev2.mycredit.com.ua/ru/blog/gde-vzyat-kredit-studentam-na-obuchenie/] but found [http://dev2.mycredit.com.ua/ru/blog/kak-ne-platit-kredit-kollektoram-v-ukraine/]">
      <![CDATA[java.lang.AssertionError: The following asserts failed:
	expected [Семестр университета в Украине стоит недешево и даже если речь идет о бюджетной форме, расходов не избежать: канцелярия, учебники, аренда жилья, оплата курсов и даже проезд домой. Где взять деньги и что делать, если они нужны уже сегодня?] but found [Когда начинают звонить сотрудники коллекторской компании, начинаешь думать о том, насколько законны их действия и стоит ли им платить? Имеет ли банк право «подключить» к работе 3-х лиц, если процесс взыскания станет эффективнее?],
	expected [http://dev2.mycredit.com.ua/ru/blog/gde-vzyat-kredit-studentam-na-obuchenie/] but found [http://dev2.mycredit.com.ua/ru/blog/kak-ne-platit-kredit-kollektoram-v-ukraine/]
	at org.testng.asserts.SoftAssert.assertAll(SoftAssert.java:43)
	at Tests.BlogTest.TestAboutShare48(BlogTest.java:656)
	at sun.reflect.NativeMethodAccessorImpl.invoke0(Native Method)
	at sun.reflect.NativeMethodAccessorImpl.invoke(NativeMethodAccessorImpl.java:62)
	at sun.reflect.DelegatingMethodAccessorImpl.invoke(DelegatingMethodAccessorImpl.java:43)
	at java.lang.reflect.Method.invoke(Method.java:498)
	at org.testng.internal.MethodInvocationHelper.invokeMethod(MethodInvocationHelper.java:108)
	at org.testng.internal.Invoker.invokeMethod(Invoker.java:661)
	at org.testng.internal.Invoker.invokeTestMethod(Invoker.java:869)
	at org.testng.internal.Invoker.invokeTestMethods(Invoker.java:1193)
	at org.testng.internal.TestMethodWorker.invokeTestMethods(TestMethodWorker.java:126)
	at org.testng.internal.TestMethodWorker.run(TestMethodWorker.java:109)
	at org.testng.TestRunner.privateRun(TestRunner.java:744)
	at org.testng.TestRunner.run(TestRunner.java:602)
	at org.testng.SuiteRunner.runTest(SuiteRunner.java:380)
	at org.testng.SuiteRunner.runSequentially(SuiteRunner.java:375)
	at org.testng.SuiteRunner.privateRun(SuiteRunner.java:340)
	at org.testng.SuiteRunner.run(SuiteRunner.java:289)
	at org.testng.SuiteRunnerWorker.runSuite(SuiteRunnerWorker.java:52)
	at org.testng.SuiteRunnerWorker.run(SuiteRunnerWorker.java:86)
	at org.testng.TestNG.runSuitesSequentially(TestNG.java:1301)
	at org.testng.TestNG.runSuitesLocally(TestNG.java:1226)
	at org.testng.TestNG.runSuites(TestNG.java:1144)
	at org.testng.TestNG.run(TestNG.java:1115)
	at org.apache.maven.surefire.testng.TestNGExecutor.run(TestNGExecutor.java:77)
	at org.apache.maven.surefire.testng.TestNGDirectoryTestSuite.executeMulti(TestNGDirectoryTestSuite.java:159)
	at org.apache.maven.surefire.testng.TestNGDirectoryTestSuite.execute(TestNGDirectoryTestSuite.java:99)
	at org.apache.maven.surefire.testng.TestNGProvider.invoke(TestNGProvider.java:106)
	at sun.reflect.NativeMethodAccessorImpl.invoke0(Native Method)
	at sun.reflect.NativeMethodAccessorImpl.invoke(NativeMethodAccessorImpl.java:62)
	at sun.reflect.DelegatingMethodAccessorImpl.invoke(DelegatingMethodAccessorImpl.java:43)
	at java.lang.reflect.Method.invoke(Method.java:498)
	at org.apache.maven.surefire.util.ReflectionUtils.invokeMethodWithArray(ReflectionUtils.java:189)
	at org.apache.maven.surefire.booter.ProviderFactory$ProviderProxy.invoke(ProviderFactory.java:165)
	at org.apache.maven.surefire.booter.ProviderFactory.invokeProvider(ProviderFactory.java:85)
	at org.apache.maven.surefire.booter.ForkedBooter.runSuitesInProcess(ForkedBooter.java:115)
	at org.apache.maven.surefire.booter.ForkedBooter.main(ForkedBooter.java:75)
]]>
    </failure>
  </testcase> <!-- TestAboutShare48 -->
  <testcase name="TestButtonTwelwe" time="2.938" classname="Tests.BlogTest">
    <failure type="java.lang.AssertionError" message="The following asserts failed:
	expected [Семестр университета в Украине стоит недешево и даже если речь идет о бюджетной форме, расходов не избежать: канцелярия, учебники, аренда жилья, оплата курсов и даже проезд домой. Где взять деньги и что делать, если они нужны уже сегодня?] but found [Когда начинают звонить сотрудники коллекторской компании, начинаешь думать о том, насколько законны их действия и стоит ли им платить? Имеет ли банк право «подключить» к работе 3-х лиц, если процесс взыскания станет эффективнее?],
	expected [http://dev2.mycredit.com.ua/ru/blog/gde-vzyat-kredit-studentam-na-obuchenie/] but found [http://dev2.mycredit.com.ua/ru/blog/kak-ne-platit-kredit-kollektoram-v-ukraine/]">
      <![CDATA[java.lang.AssertionError: The following asserts failed:
	expected [Семестр университета в Украине стоит недешево и даже если речь идет о бюджетной форме, расходов не избежать: канцелярия, учебники, аренда жилья, оплата курсов и даже проезд домой. Где взять деньги и что делать, если они нужны уже сегодня?] but found [Когда начинают звонить сотрудники коллекторской компании, начинаешь думать о том, насколько законны их действия и стоит ли им платить? Имеет ли банк право «подключить» к работе 3-х лиц, если процесс взыскания станет эффективнее?],
	expected [http://dev2.mycredit.com.ua/ru/blog/gde-vzyat-kredit-studentam-na-obuchenie/] but found [http://dev2.mycredit.com.ua/ru/blog/kak-ne-platit-kredit-kollektoram-v-ukraine/]
	at org.testng.asserts.SoftAssert.assertAll(SoftAssert.java:43)
	at Tests.BlogTest.TestButtonTwelwe(BlogTest.java:890)
	at sun.reflect.NativeMethodAccessorImpl.invoke0(Native Method)
	at sun.reflect.NativeMethodAccessorImpl.invoke(NativeMethodAccessorImpl.java:62)
	at sun.reflect.DelegatingMethodAccessorImpl.invoke(DelegatingMethodAccessorImpl.java:43)
	at java.lang.reflect.Method.invoke(Method.java:498)
	at org.testng.internal.MethodInvocationHelper.invokeMethod(MethodInvocationHelper.java:108)
	at org.testng.internal.Invoker.invokeMethod(Invoker.java:661)
	at org.testng.internal.Invoker.invokeTestMethod(Invoker.java:869)
	at org.testng.internal.Invoker.invokeTestMethods(Invoker.java:1193)
	at org.testng.internal.TestMethodWorker.invokeTestMethods(TestMethodWorker.java:126)
	at org.testng.internal.TestMethodWorker.run(TestMethodWorker.java:109)
	at org.testng.TestRunner.privateRun(TestRunner.java:744)
	at org.testng.TestRunner.run(TestRunner.java:602)
	at org.testng.SuiteRunner.runTest(SuiteRunner.java:380)
	at org.testng.SuiteRunner.runSequentially(SuiteRunner.java:375)
	at org.testng.SuiteRunner.privateRun(SuiteRunner.java:340)
	at org.testng.SuiteRunner.run(SuiteRunner.java:289)
	at org.testng.SuiteRunnerWorker.runSuite(SuiteRunnerWorker.java:52)
	at org.testng.SuiteRunnerWorker.run(SuiteRunnerWorker.java:86)
	at org.testng.TestNG.runSuitesSequentially(TestNG.java:1301)
	at org.testng.TestNG.runSuitesLocally(TestNG.java:1226)
	at org.testng.TestNG.runSuites(TestNG.java:1144)
	at org.testng.TestNG.run(TestNG.java:1115)
	at org.apache.maven.surefire.testng.TestNGExecutor.run(TestNGExecutor.java:77)
	at org.apache.maven.surefire.testng.TestNGDirectoryTestSuite.executeMulti(TestNGDirectoryTestSuite.java:159)
	at org.apache.maven.surefire.testng.TestNGDirectoryTestSuite.execute(TestNGDirectoryTestSuite.java:99)
	at org.apache.maven.surefire.testng.TestNGProvider.invoke(TestNGProvider.java:106)
	at sun.reflect.NativeMethodAccessorImpl.invoke0(Native Method)
	at sun.reflect.NativeMethodAccessorImpl.invoke(NativeMethodAccessorImpl.java:62)
	at sun.reflect.DelegatingMethodAccessorImpl.invoke(DelegatingMethodAccessorImpl.java:43)
	at java.lang.reflect.Method.invoke(Method.java:498)
	at org.apache.maven.surefire.util.ReflectionUtils.invokeMethodWithArray(ReflectionUtils.java:189)
	at org.apache.maven.surefire.booter.ProviderFactory$ProviderProxy.invoke(ProviderFactory.java:165)
	at org.apache.maven.surefire.booter.ProviderFactory.invokeProvider(ProviderFactory.java:85)
	at org.apache.maven.surefire.booter.ForkedBooter.runSuitesInProcess(ForkedBooter.java:115)
	at org.apache.maven.surefire.booter.ForkedBooter.main(ForkedBooter.java:75)
]]>
    </failure>
  </testcase> <!-- TestButtonTwelwe -->
  <testcase name="TestAboutShare59" time="4.172" classname="Tests.BlogTest">
    <failure type="java.lang.AssertionError" message="The following asserts failed:
	expected [Семестр университета в Украине стоит недешево и даже если речь идет о бюджетной форме, расходов не избежать: канцелярия, учебники, аренда жилья, оплата курсов и даже проезд домой. Где взять деньги и что делать, если они нужны уже сегодня?] but found [Когда начинают звонить сотрудники коллекторской компании, начинаешь думать о том, насколько законны их действия и стоит ли им платить? Имеет ли банк право «подключить» к работе 3-х лиц, если процесс взыскания станет эффективнее?],
	expected [http://dev2.mycredit.com.ua/ru/blog/gde-vzyat-kredit-studentam-na-obuchenie/] but found [http://dev2.mycredit.com.ua/ru/blog/kak-ne-platit-kredit-kollektoram-v-ukraine/]">
      <![CDATA[java.lang.AssertionError: The following asserts failed:
	expected [Семестр университета в Украине стоит недешево и даже если речь идет о бюджетной форме, расходов не избежать: канцелярия, учебники, аренда жилья, оплата курсов и даже проезд домой. Где взять деньги и что делать, если они нужны уже сегодня?] but found [Когда начинают звонить сотрудники коллекторской компании, начинаешь думать о том, насколько законны их действия и стоит ли им платить? Имеет ли банк право «подключить» к работе 3-х лиц, если процесс взыскания станет эффективнее?],
	expected [http://dev2.mycredit.com.ua/ru/blog/gde-vzyat-kredit-studentam-na-obuchenie/] but found [http://dev2.mycredit.com.ua/ru/blog/kak-ne-platit-kredit-kollektoram-v-ukraine/]
	at org.testng.asserts.SoftAssert.assertAll(SoftAssert.java:43)
	at Tests.BlogTest.TestAboutShare59(BlogTest.java:795)
	at sun.reflect.NativeMethodAccessorImpl.invoke0(Native Method)
	at sun.reflect.NativeMethodAccessorImpl.invoke(NativeMethodAccessorImpl.java:62)
	at sun.reflect.DelegatingMethodAccessorImpl.invoke(DelegatingMethodAccessorImpl.java:43)
	at java.lang.reflect.Method.invoke(Method.java:498)
	at org.testng.internal.MethodInvocationHelper.invokeMethod(MethodInvocationHelper.java:108)
	at org.testng.internal.Invoker.invokeMethod(Invoker.java:661)
	at org.testng.internal.Invoker.invokeTestMethod(Invoker.java:869)
	at org.testng.internal.Invoker.invokeTestMethods(Invoker.java:1193)
	at org.testng.internal.TestMethodWorker.invokeTestMethods(TestMethodWorker.java:126)
	at org.testng.internal.TestMethodWorker.run(TestMethodWorker.java:109)
	at org.testng.TestRunner.privateRun(TestRunner.java:744)
	at org.testng.TestRunner.run(TestRunner.java:602)
	at org.testng.SuiteRunner.runTest(SuiteRunner.java:380)
	at org.testng.SuiteRunner.runSequentially(SuiteRunner.java:375)
	at org.testng.SuiteRunner.privateRun(SuiteRunner.java:340)
	at org.testng.SuiteRunner.run(SuiteRunner.java:289)
	at org.testng.SuiteRunnerWorker.runSuite(SuiteRunnerWorker.java:52)
	at org.testng.SuiteRunnerWorker.run(SuiteRunnerWorker.java:86)
	at org.testng.TestNG.runSuitesSequentially(TestNG.java:1301)
	at org.testng.TestNG.runSuitesLocally(TestNG.java:1226)
	at org.testng.TestNG.runSuites(TestNG.java:1144)
	at org.testng.TestNG.run(TestNG.java:1115)
	at org.apache.maven.surefire.testng.TestNGExecutor.run(TestNGExecutor.java:77)
	at org.apache.maven.surefire.testng.TestNGDirectoryTestSuite.executeMulti(TestNGDirectoryTestSuite.java:159)
	at org.apache.maven.surefire.testng.TestNGDirectoryTestSuite.execute(TestNGDirectoryTestSuite.java:99)
	at org.apache.maven.surefire.testng.TestNGProvider.invoke(TestNGProvider.java:106)
	at sun.reflect.NativeMethodAccessorImpl.invoke0(Native Method)
	at sun.reflect.NativeMethodAccessorImpl.invoke(NativeMethodAccessorImpl.java:62)
	at sun.reflect.DelegatingMethodAccessorImpl.invoke(DelegatingMethodAccessorImpl.java:43)
	at java.lang.reflect.Method.invoke(Method.java:498)
	at org.apache.maven.surefire.util.ReflectionUtils.invokeMethodWithArray(ReflectionUtils.java:189)
	at org.apache.maven.surefire.booter.ProviderFactory$ProviderProxy.invoke(ProviderFactory.java:165)
	at org.apache.maven.surefire.booter.ProviderFactory.invokeProvider(ProviderFactory.java:85)
	at org.apache.maven.surefire.booter.ForkedBooter.runSuitesInProcess(ForkedBooter.java:115)
	at org.apache.maven.surefire.booter.ForkedBooter.main(ForkedBooter.java:75)
]]>
    </failure>
  </testcase> <!-- TestAboutShare59 -->
  <testcase name="TestAboutShare20" time="4.046" classname="Tests.BlogTest"/>
  <testcase name="TestAboutShare67" time="4.157" classname="Tests.BlogTest">
    <failure type="java.lang.AssertionError" message="The following asserts failed:
	expected [Семестр университета в Украине стоит недешево и даже если речь идет о бюджетной форме, расходов не избежать: канцелярия, учебники, аренда жилья, оплата курсов и даже проезд домой. Где взять деньги и что делать, если они нужны уже сегодня?] but found [Когда начинают звонить сотрудники коллекторской компании, начинаешь думать о том, насколько законны их действия и стоит ли им платить? Имеет ли банк право «подключить» к работе 3-х лиц, если процесс взыскания станет эффективнее?],
	expected [http://dev2.mycredit.com.ua/ru/blog/gde-vzyat-kredit-studentam-na-obuchenie/] but found [http://dev2.mycredit.com.ua/ru/blog/kak-ne-platit-kredit-kollektoram-v-ukraine/]">
      <![CDATA[java.lang.AssertionError: The following asserts failed:
	expected [Семестр университета в Украине стоит недешево и даже если речь идет о бюджетной форме, расходов не избежать: канцелярия, учебники, аренда жилья, оплата курсов и даже проезд домой. Где взять деньги и что делать, если они нужны уже сегодня?] but found [Когда начинают звонить сотрудники коллекторской компании, начинаешь думать о том, насколько законны их действия и стоит ли им платить? Имеет ли банк право «подключить» к работе 3-х лиц, если процесс взыскания станет эффективнее?],
	expected [http://dev2.mycredit.com.ua/ru/blog/gde-vzyat-kredit-studentam-na-obuchenie/] but found [http://dev2.mycredit.com.ua/ru/blog/kak-ne-platit-kredit-kollektoram-v-ukraine/]
	at org.testng.asserts.SoftAssert.assertAll(SoftAssert.java:43)
	at Tests.BlogTest.TestAboutShare67(BlogTest.java:901)
	at sun.reflect.NativeMethodAccessorImpl.invoke0(Native Method)
	at sun.reflect.NativeMethodAccessorImpl.invoke(NativeMethodAccessorImpl.java:62)
	at sun.reflect.DelegatingMethodAccessorImpl.invoke(DelegatingMethodAccessorImpl.java:43)
	at java.lang.reflect.Method.invoke(Method.java:498)
	at org.testng.internal.MethodInvocationHelper.invokeMethod(MethodInvocationHelper.java:108)
	at org.testng.internal.Invoker.invokeMethod(Invoker.java:661)
	at org.testng.internal.Invoker.invokeTestMethod(Invoker.java:869)
	at org.testng.internal.Invoker.invokeTestMethods(Invoker.java:1193)
	at org.testng.internal.TestMethodWorker.invokeTestMethods(TestMethodWorker.java:126)
	at org.testng.internal.TestMethodWorker.run(TestMethodWorker.java:109)
	at org.testng.TestRunner.privateRun(TestRunner.java:744)
	at org.testng.TestRunner.run(TestRunner.java:602)
	at org.testng.SuiteRunner.runTest(SuiteRunner.java:380)
	at org.testng.SuiteRunner.runSequentially(SuiteRunner.java:375)
	at org.testng.SuiteRunner.privateRun(SuiteRunner.java:340)
	at org.testng.SuiteRunner.run(SuiteRunner.java:289)
	at org.testng.SuiteRunnerWorker.runSuite(SuiteRunnerWorker.java:52)
	at org.testng.SuiteRunnerWorker.run(SuiteRunnerWorker.java:86)
	at org.testng.TestNG.runSuitesSequentially(TestNG.java:1301)
	at org.testng.TestNG.runSuitesLocally(TestNG.java:1226)
	at org.testng.TestNG.runSuites(TestNG.java:1144)
	at org.testng.TestNG.run(TestNG.java:1115)
	at org.apache.maven.surefire.testng.TestNGExecutor.run(TestNGExecutor.java:77)
	at org.apache.maven.surefire.testng.TestNGDirectoryTestSuite.executeMulti(TestNGDirectoryTestSuite.java:159)
	at org.apache.maven.surefire.testng.TestNGDirectoryTestSuite.execute(TestNGDirectoryTestSuite.java:99)
	at org.apache.maven.surefire.testng.TestNGProvider.invoke(TestNGProvider.java:106)
	at sun.reflect.NativeMethodAccessorImpl.invoke0(Native Method)
	at sun.reflect.NativeMethodAccessorImpl.invoke(NativeMethodAccessorImpl.java:62)
	at sun.reflect.DelegatingMethodAccessorImpl.invoke(DelegatingMethodAccessorImpl.java:43)
	at java.lang.reflect.Method.invoke(Method.java:498)
	at org.apache.maven.surefire.util.ReflectionUtils.invokeMethodWithArray(ReflectionUtils.java:189)
	at org.apache.maven.surefire.booter.ProviderFactory$ProviderProxy.invoke(ProviderFactory.java:165)
	at org.apache.maven.surefire.booter.ProviderFactory.invokeProvider(ProviderFactory.java:85)
	at org.apache.maven.surefire.booter.ForkedBooter.runSuitesInProcess(ForkedBooter.java:115)
	at org.apache.maven.surefire.booter.ForkedBooter.main(ForkedBooter.java:75)
]]>
    </failure>
  </testcase> <!-- TestAboutShare67 -->
  <testcase name="TestAboutShare31" time="4.309" classname="Tests.BlogTest"/>
  <testcase name="TestButtonThree" time="2.453" classname="Tests.BlogTest">
    <failure type="java.lang.AssertionError" message="The following asserts failed:
	expected [Семестр университета в Украине стоит недешево и даже если речь идет о бюджетной форме, расходов не избежать: канцелярия, учебники, аренда жилья, оплата курсов и даже проезд домой. Где взять деньги и что делать, если они нужны уже сегодня?] but found [Когда начинают звонить сотрудники коллекторской компании, начинаешь думать о том, насколько законны их действия и стоит ли им платить? Имеет ли банк право «подключить» к работе 3-х лиц, если процесс взыскания станет эффективнее?],
	expected [http://dev2.mycredit.com.ua/ru/blog/gde-vzyat-kredit-studentam-na-obuchenie/] but found [http://dev2.mycredit.com.ua/ru/blog/kak-ne-platit-kredit-kollektoram-v-ukraine/]">
      <![CDATA[java.lang.AssertionError: The following asserts failed:
	expected [Семестр университета в Украине стоит недешево и даже если речь идет о бюджетной форме, расходов не избежать: канцелярия, учебники, аренда жилья, оплата курсов и даже проезд домой. Где взять деньги и что делать, если они нужны уже сегодня?] but found [Когда начинают звонить сотрудники коллекторской компании, начинаешь думать о том, насколько законны их действия и стоит ли им платить? Имеет ли банк право «подключить» к работе 3-х лиц, если процесс взыскания станет эффективнее?],
	expected [http://dev2.mycredit.com.ua/ru/blog/gde-vzyat-kredit-studentam-na-obuchenie/] but found [http://dev2.mycredit.com.ua/ru/blog/kak-ne-platit-kredit-kollektoram-v-ukraine/]
	at org.testng.asserts.SoftAssert.assertAll(SoftAssert.java:43)
	at Tests.BlogTest.TestButtonThree(BlogTest.java:215)
	at sun.reflect.NativeMethodAccessorImpl.invoke0(Native Method)
	at sun.reflect.NativeMethodAccessorImpl.invoke(NativeMethodAccessorImpl.java:62)
	at sun.reflect.DelegatingMethodAccessorImpl.invoke(DelegatingMethodAccessorImpl.java:43)
	at java.lang.reflect.Method.invoke(Method.java:498)
	at org.testng.internal.MethodInvocationHelper.invokeMethod(MethodInvocationHelper.java:108)
	at org.testng.internal.Invoker.invokeMethod(Invoker.java:661)
	at org.testng.internal.Invoker.invokeTestMethod(Invoker.java:869)
	at org.testng.internal.Invoker.invokeTestMethods(Invoker.java:1193)
	at org.testng.internal.TestMethodWorker.invokeTestMethods(TestMethodWorker.java:126)
	at org.testng.internal.TestMethodWorker.run(TestMethodWorker.java:109)
	at org.testng.TestRunner.privateRun(TestRunner.java:744)
	at org.testng.TestRunner.run(TestRunner.java:602)
	at org.testng.SuiteRunner.runTest(SuiteRunner.java:380)
	at org.testng.SuiteRunner.runSequentially(SuiteRunner.java:375)
	at org.testng.SuiteRunner.privateRun(SuiteRunner.java:340)
	at org.testng.SuiteRunner.run(SuiteRunner.java:289)
	at org.testng.SuiteRunnerWorker.runSuite(SuiteRunnerWorker.java:52)
	at org.testng.SuiteRunnerWorker.run(SuiteRunnerWorker.java:86)
	at org.testng.TestNG.runSuitesSequentially(TestNG.java:1301)
	at org.testng.TestNG.runSuitesLocally(TestNG.java:1226)
	at org.testng.TestNG.runSuites(TestNG.java:1144)
	at org.testng.TestNG.run(TestNG.java:1115)
	at org.apache.maven.surefire.testng.TestNGExecutor.run(TestNGExecutor.java:77)
	at org.apache.maven.surefire.testng.TestNGDirectoryTestSuite.executeMulti(TestNGDirectoryTestSuite.java:159)
	at org.apache.maven.surefire.testng.TestNGDirectoryTestSuite.execute(TestNGDirectoryTestSuite.java:99)
	at org.apache.maven.surefire.testng.TestNGProvider.invoke(TestNGProvider.java:106)
	at sun.reflect.NativeMethodAccessorImpl.invoke0(Native Method)
	at sun.reflect.NativeMethodAccessorImpl.invoke(NativeMethodAccessorImpl.java:62)
	at sun.reflect.DelegatingMethodAccessorImpl.invoke(DelegatingMethodAccessorImpl.java:43)
	at java.lang.reflect.Method.invoke(Method.java:498)
	at org.apache.maven.surefire.util.ReflectionUtils.invokeMethodWithArray(ReflectionUtils.java:189)
	at org.apache.maven.surefire.booter.ProviderFactory$ProviderProxy.invoke(ProviderFactory.java:165)
	at org.apache.maven.surefire.booter.ProviderFactory.invokeProvider(ProviderFactory.java:85)
	at org.apache.maven.surefire.booter.ForkedBooter.runSuitesInProcess(ForkedBooter.java:115)
	at org.apache.maven.surefire.booter.ForkedBooter.main(ForkedBooter.java:75)
]]>
    </failure>
  </testcase> <!-- TestButtonThree -->
  <testcase name="TestAboutShare17" time="4.287" classname="Tests.BlogTest"/>
  <testcase name="TestAboutShare74" time="4.260" classname="Tests.BlogTest">
    <failure type="java.lang.AssertionError" message="The following asserts failed:
	expected [Семестр университета в Украине стоит недешево и даже если речь идет о бюджетной форме, расходов не избежать: канцелярия, учебники, аренда жилья, оплата курсов и даже проезд домой. Где взять деньги и что делать, если они нужны уже сегодня?] but found [Когда начинают звонить сотрудники коллекторской компании, начинаешь думать о том, насколько законны их действия и стоит ли им платить? Имеет ли банк право «подключить» к работе 3-х лиц, если процесс взыскания станет эффективнее?],
	expected [http://dev2.mycredit.com.ua/ru/blog/gde-vzyat-kredit-studentam-na-obuchenie/] but found [http://dev2.mycredit.com.ua/ru/blog/kak-ne-platit-kredit-kollektoram-v-ukraine/]">
      <![CDATA[java.lang.AssertionError: The following asserts failed:
	expected [Семестр университета в Украине стоит недешево и даже если речь идет о бюджетной форме, расходов не избежать: канцелярия, учебники, аренда жилья, оплата курсов и даже проезд домой. Где взять деньги и что делать, если они нужны уже сегодня?] but found [Когда начинают звонить сотрудники коллекторской компании, начинаешь думать о том, насколько законны их действия и стоит ли им платить? Имеет ли банк право «подключить» к работе 3-х лиц, если процесс взыскания станет эффективнее?],
	expected [http://dev2.mycredit.com.ua/ru/blog/gde-vzyat-kredit-studentam-na-obuchenie/] but found [http://dev2.mycredit.com.ua/ru/blog/kak-ne-platit-kredit-kollektoram-v-ukraine/]
	at org.testng.asserts.SoftAssert.assertAll(SoftAssert.java:43)
	at Tests.BlogTest.TestAboutShare74(BlogTest.java:987)
	at sun.reflect.NativeMethodAccessorImpl.invoke0(Native Method)
	at sun.reflect.NativeMethodAccessorImpl.invoke(NativeMethodAccessorImpl.java:62)
	at sun.reflect.DelegatingMethodAccessorImpl.invoke(DelegatingMethodAccessorImpl.java:43)
	at java.lang.reflect.Method.invoke(Method.java:498)
	at org.testng.internal.MethodInvocationHelper.invokeMethod(MethodInvocationHelper.java:108)
	at org.testng.internal.Invoker.invokeMethod(Invoker.java:661)
	at org.testng.internal.Invoker.invokeTestMethod(Invoker.java:869)
	at org.testng.internal.Invoker.invokeTestMethods(Invoker.java:1193)
	at org.testng.internal.TestMethodWorker.invokeTestMethods(TestMethodWorker.java:126)
	at org.testng.internal.TestMethodWorker.run(TestMethodWorker.java:109)
	at org.testng.TestRunner.privateRun(TestRunner.java:744)
	at org.testng.TestRunner.run(TestRunner.java:602)
	at org.testng.SuiteRunner.runTest(SuiteRunner.java:380)
	at org.testng.SuiteRunner.runSequentially(SuiteRunner.java:375)
	at org.testng.SuiteRunner.privateRun(SuiteRunner.java:340)
	at org.testng.SuiteRunner.run(SuiteRunner.java:289)
	at org.testng.SuiteRunnerWorker.runSuite(SuiteRunnerWorker.java:52)
	at org.testng.SuiteRunnerWorker.run(SuiteRunnerWorker.java:86)
	at org.testng.TestNG.runSuitesSequentially(TestNG.java:1301)
	at org.testng.TestNG.runSuitesLocally(TestNG.java:1226)
	at org.testng.TestNG.runSuites(TestNG.java:1144)
	at org.testng.TestNG.run(TestNG.java:1115)
	at org.apache.maven.surefire.testng.TestNGExecutor.run(TestNGExecutor.java:77)
	at org.apache.maven.surefire.testng.TestNGDirectoryTestSuite.executeMulti(TestNGDirectoryTestSuite.java:159)
	at org.apache.maven.surefire.testng.TestNGDirectoryTestSuite.execute(TestNGDirectoryTestSuite.java:99)
	at org.apache.maven.surefire.testng.TestNGProvider.invoke(TestNGProvider.java:106)
	at sun.reflect.NativeMethodAccessorImpl.invoke0(Native Method)
	at sun.reflect.NativeMethodAccessorImpl.invoke(NativeMethodAccessorImpl.java:62)
	at sun.reflect.DelegatingMethodAccessorImpl.invoke(DelegatingMethodAccessorImpl.java:43)
	at java.lang.reflect.Method.invoke(Method.java:498)
	at org.apache.maven.surefire.util.ReflectionUtils.invokeMethodWithArray(ReflectionUtils.java:189)
	at org.apache.maven.surefire.booter.ProviderFactory$ProviderProxy.invoke(ProviderFactory.java:165)
	at org.apache.maven.surefire.booter.ProviderFactory.invokeProvider(ProviderFactory.java:85)
	at org.apache.maven.surefire.booter.ForkedBooter.runSuitesInProcess(ForkedBooter.java:115)
	at org.apache.maven.surefire.booter.ForkedBooter.main(ForkedBooter.java:75)
]]>
    </failure>
  </testcase> <!-- TestAboutShare74 -->
  <testcase name="TestAboutShare77" time="4.128" classname="Tests.BlogTest">
    <failure type="java.lang.AssertionError" message="The following asserts failed:
	expected [Семестр университета в Украине стоит недешево и даже если речь идет о бюджетной форме, расходов не избежать: канцелярия, учебники, аренда жилья, оплата курсов и даже проезд домой. Где взять деньги и что делать, если они нужны уже сегодня?] but found [Когда начинают звонить сотрудники коллекторской компании, начинаешь думать о том, насколько законны их действия и стоит ли им платить? Имеет ли банк право «подключить» к работе 3-х лиц, если процесс взыскания станет эффективнее?],
	expected [http://dev2.mycredit.com.ua/ru/blog/gde-vzyat-kredit-studentam-na-obuchenie/] but found [http://dev2.mycredit.com.ua/ru/blog/kak-ne-platit-kredit-kollektoram-v-ukraine/]">
      <![CDATA[java.lang.AssertionError: The following asserts failed:
	expected [Семестр университета в Украине стоит недешево и даже если речь идет о бюджетной форме, расходов не избежать: канцелярия, учебники, аренда жилья, оплата курсов и даже проезд домой. Где взять деньги и что делать, если они нужны уже сегодня?] but found [Когда начинают звонить сотрудники коллекторской компании, начинаешь думать о том, насколько законны их действия и стоит ли им платить? Имеет ли банк право «подключить» к работе 3-х лиц, если процесс взыскания станет эффективнее?],
	expected [http://dev2.mycredit.com.ua/ru/blog/gde-vzyat-kredit-studentam-na-obuchenie/] but found [http://dev2.mycredit.com.ua/ru/blog/kak-ne-platit-kredit-kollektoram-v-ukraine/]
	at org.testng.asserts.SoftAssert.assertAll(SoftAssert.java:43)
	at Tests.BlogTest.TestAboutShare77(BlogTest.java:1020)
	at sun.reflect.NativeMethodAccessorImpl.invoke0(Native Method)
	at sun.reflect.NativeMethodAccessorImpl.invoke(NativeMethodAccessorImpl.java:62)
	at sun.reflect.DelegatingMethodAccessorImpl.invoke(DelegatingMethodAccessorImpl.java:43)
	at java.lang.reflect.Method.invoke(Method.java:498)
	at org.testng.internal.MethodInvocationHelper.invokeMethod(MethodInvocationHelper.java:108)
	at org.testng.internal.Invoker.invokeMethod(Invoker.java:661)
	at org.testng.internal.Invoker.invokeTestMethod(Invoker.java:869)
	at org.testng.internal.Invoker.invokeTestMethods(Invoker.java:1193)
	at org.testng.internal.TestMethodWorker.invokeTestMethods(TestMethodWorker.java:126)
	at org.testng.internal.TestMethodWorker.run(TestMethodWorker.java:109)
	at org.testng.TestRunner.privateRun(TestRunner.java:744)
	at org.testng.TestRunner.run(TestRunner.java:602)
	at org.testng.SuiteRunner.runTest(SuiteRunner.java:380)
	at org.testng.SuiteRunner.runSequentially(SuiteRunner.java:375)
	at org.testng.SuiteRunner.privateRun(SuiteRunner.java:340)
	at org.testng.SuiteRunner.run(SuiteRunner.java:289)
	at org.testng.SuiteRunnerWorker.runSuite(SuiteRunnerWorker.java:52)
	at org.testng.SuiteRunnerWorker.run(SuiteRunnerWorker.java:86)
	at org.testng.TestNG.runSuitesSequentially(TestNG.java:1301)
	at org.testng.TestNG.runSuitesLocally(TestNG.java:1226)
	at org.testng.TestNG.runSuites(TestNG.java:1144)
	at org.testng.TestNG.run(TestNG.java:1115)
	at org.apache.maven.surefire.testng.TestNGExecutor.run(TestNGExecutor.java:77)
	at org.apache.maven.surefire.testng.TestNGDirectoryTestSuite.executeMulti(TestNGDirectoryTestSuite.java:159)
	at org.apache.maven.surefire.testng.TestNGDirectoryTestSuite.execute(TestNGDirectoryTestSuite.java:99)
	at org.apache.maven.surefire.testng.TestNGProvider.invoke(TestNGProvider.java:106)
	at sun.reflect.NativeMethodAccessorImpl.invoke0(Native Method)
	at sun.reflect.NativeMethodAccessorImpl.invoke(NativeMethodAccessorImpl.java:62)
	at sun.reflect.DelegatingMethodAccessorImpl.invoke(DelegatingMethodAccessorImpl.java:43)
	at java.lang.reflect.Method.invoke(Method.java:498)
	at org.apache.maven.surefire.util.ReflectionUtils.invokeMethodWithArray(ReflectionUtils.java:189)
	at org.apache.maven.surefire.booter.ProviderFactory$ProviderProxy.invoke(ProviderFactory.java:165)
	at org.apache.maven.surefire.booter.ProviderFactory.invokeProvider(ProviderFactory.java:85)
	at org.apache.maven.surefire.booter.ForkedBooter.runSuitesInProcess(ForkedBooter.java:115)
	at org.apache.maven.surefire.booter.ForkedBooter.main(ForkedBooter.java:75)
]]>
    </failure>
  </testcase> <!-- TestAboutShare77 -->
  <testcase name="TestAboutShare23" time="4.093" classname="Tests.BlogTest"/>
  <testcase name="TestAboutShare5" time="13.247" classname="Tests.BlogTest">
    <error type="org.openqa.selenium.NoSuchElementException" message="no such element: Unable to locate element: {&quot;method&quot;:&quot;xpath&quot;,&quot;selector&quot;:&quot;/html/body/div[1]/div[4]/div/div[2]/div/div[2]/div/div[1]/div[2]/p[1]&quot;}
  (Session info: chrome=61.0.3163.100)
  (Driver info: chromedriver=2.33.506120 (e3e53437346286c0bc2d2dc9aa4915ba81d9023f),platform=Windows NT 10.0.15063 x86_64) (WARNING: The server did not provide any stacktrace information)
Command duration or timeout: 7.05 seconds
For documentation on this error, please visit: http://seleniumhq.org/exceptions/no_such_element.html
Build info: version: &#039;2.53.1&#039;, revision: &#039;a36b8b1cd5757287168e54b817830adce9b0158d&#039;, time: &#039;2016-06-30 19:26:09&#039;
System info: host: &#039;DESKTOP-2VD0QVH&#039;, ip: &#039;192.168.1.118&#039;, os.name: &#039;Windows 10&#039;, os.arch: &#039;amd64&#039;, os.version: &#039;10.0&#039;, java.version: &#039;1.8.0_144&#039;
Driver info: org.openqa.selenium.chrome.ChromeDriver
Capabilities [{applicationCacheEnabled=false, rotatable=false, mobileEmulationEnabled=false, networkConnectionEnabled=false, chrome={chromedriverVersion=2.33.506120 (e3e53437346286c0bc2d2dc9aa4915ba81d9023f), userDataDir=C:\Users\user\AppData\Local\Temp\scoped_dir51096_23193}, takesHeapSnapshot=true, pageLoadStrategy=normal, databaseEnabled=false, handlesAlerts=true, hasTouchScreen=false, version=61.0.3163.100, platform=XP, browserConnectionEnabled=false, nativeEvents=true, acceptSslCerts=true, locationContextEnabled=true, webStorageEnabled=true, browserName=chrome, takesScreenshot=true, javascriptEnabled=true, cssSelectorsEnabled=true, setWindowRect=true, unexpectedAlertBehaviour=}]
Session ID: 3fb7fe4d91a211b6eda11b6c4514f329
*** Element info: {Using=xpath, value=/html/body/div[1]/div[4]/div/div[2]/div/div[2]/div/div[1]/div[2]/p[1]}">
      <![CDATA[org.openqa.selenium.NoSuchElementException: no such element: Unable to locate element: {"method":"xpath","selector":"/html/body/div[1]/div[4]/div/div[2]/div/div[2]/div/div[1]/div[2]/p[1]"}
  (Session info: chrome=61.0.3163.100)
  (Driver info: chromedriver=2.33.506120 (e3e53437346286c0bc2d2dc9aa4915ba81d9023f),platform=Windows NT 10.0.15063 x86_64) (WARNING: The server did not provide any stacktrace information)
Command duration or timeout: 7.05 seconds
For documentation on this error, please visit: http://seleniumhq.org/exceptions/no_such_element.html
Build info: version: '2.53.1', revision: 'a36b8b1cd5757287168e54b817830adce9b0158d', time: '2016-06-30 19:26:09'
System info: host: 'DESKTOP-2VD0QVH', ip: '192.168.1.118', os.name: 'Windows 10', os.arch: 'amd64', os.version: '10.0', java.version: '1.8.0_144'
Driver info: org.openqa.selenium.chrome.ChromeDriver
Capabilities [{applicationCacheEnabled=false, rotatable=false, mobileEmulationEnabled=false, networkConnectionEnabled=false, chrome={chromedriverVersion=2.33.506120 (e3e53437346286c0bc2d2dc9aa4915ba81d9023f), userDataDir=C:\Users\user\AppData\Local\Temp\scoped_dir51096_23193}, takesHeapSnapshot=true, pageLoadStrategy=normal, databaseEnabled=false, handlesAlerts=true, hasTouchScreen=false, version=61.0.3163.100, platform=XP, browserConnectionEnabled=false, nativeEvents=true, acceptSslCerts=true, locationContextEnabled=true, webStorageEnabled=true, browserName=chrome, takesScreenshot=true, javascriptEnabled=true, cssSelectorsEnabled=true, setWindowRect=true, unexpectedAlertBehaviour=}]
Session ID: 3fb7fe4d91a211b6eda11b6c4514f329
*** Element info: {Using=xpath, value=/html/body/div[1]/div[4]/div/div[2]/div/div[2]/div/div[1]/div[2]/p[1]}
	at sun.reflect.NativeConstructorAccessorImpl.newInstance0(Native Method)
	at sun.reflect.NativeConstructorAccessorImpl.newInstance(NativeConstructorAccessorImpl.java:62)
	at sun.reflect.DelegatingConstructorAccessorImpl.newInstance(DelegatingConstructorAccessorImpl.java:45)
	at java.lang.reflect.Constructor.newInstance(Constructor.java:423)
	at org.openqa.selenium.remote.ErrorHandler.createThrowable(ErrorHandler.java:206)
	at org.openqa.selenium.remote.ErrorHandler.throwIfResponseFailed(ErrorHandler.java:158)
	at org.openqa.selenium.remote.RemoteWebDriver.execute(RemoteWebDriver.java:678)
	at org.openqa.selenium.remote.RemoteWebDriver.findElement(RemoteWebDriver.java:363)
	at org.openqa.selenium.remote.RemoteWebDriver.findElementByXPath(RemoteWebDriver.java:500)
	at org.openqa.selenium.By$ByXPath.findElement(By.java:361)
	at org.openqa.selenium.remote.RemoteWebDriver.findElement(RemoteWebDriver.java:355)
	at Pages.BlogPage.Gettext(BlogPage.java:105)
	at Tests.BlogTest.TestAboutShare5(BlogTest.java:94)
	at sun.reflect.NativeMethodAccessorImpl.invoke0(Native Method)
	at sun.reflect.NativeMethodAccessorImpl.invoke(NativeMethodAccessorImpl.java:62)
	at sun.reflect.DelegatingMethodAccessorImpl.invoke(DelegatingMethodAccessorImpl.java:43)
	at java.lang.reflect.Method.invoke(Method.java:498)
	at org.testng.internal.MethodInvocationHelper.invokeMethod(MethodInvocationHelper.java:108)
	at org.testng.internal.Invoker.invokeMethod(Invoker.java:661)
	at org.testng.internal.Invoker.invokeTestMethod(Invoker.java:869)
	at org.testng.internal.Invoker.invokeTestMethods(Invoker.java:1193)
	at org.testng.internal.TestMethodWorker.invokeTestMethods(TestMethodWorker.java:126)
	at org.testng.internal.TestMethodWorker.run(TestMethodWorker.java:109)
	at org.testng.TestRunner.privateRun(TestRunner.java:744)
	at org.testng.TestRunner.run(TestRunner.java:602)
	at org.testng.SuiteRunner.runTest(SuiteRunner.java:380)
	at org.testng.SuiteRunner.runSequentially(SuiteRunner.java:375)
	at org.testng.SuiteRunner.privateRun(SuiteRunner.java:340)
	at org.testng.SuiteRunner.run(SuiteRunner.java:289)
	at org.testng.SuiteRunnerWorker.runSuite(SuiteRunnerWorker.java:52)
	at org.testng.SuiteRunnerWorker.run(SuiteRunnerWorker.java:86)
	at org.testng.TestNG.runSuitesSequentially(TestNG.java:1301)
	at org.testng.TestNG.runSuitesLocally(TestNG.java:1226)
	at org.testng.TestNG.runSuites(TestNG.java:1144)
	at org.testng.TestNG.run(TestNG.java:1115)
	at org.apache.maven.surefire.testng.TestNGExecutor.run(TestNGExecutor.java:77)
	at org.apache.maven.surefire.testng.TestNGDirectoryTestSuite.executeMulti(TestNGDirectoryTestSuite.java:159)
	at org.apache.maven.surefire.testng.TestNGDirectoryTestSuite.execute(TestNGDirectoryTestSuite.java:99)
	at org.apache.maven.surefire.testng.TestNGProvider.invoke(TestNGProvider.java:106)
	at sun.reflect.NativeMethodAccessorImpl.invoke0(Native Method)
	at sun.reflect.NativeMethodAccessorImpl.invoke(NativeMethodAccessorImpl.java:62)
	at sun.reflect.DelegatingMethodAccessorImpl.invoke(DelegatingMethodAccessorImpl.java:43)
	at java.lang.reflect.Method.invoke(Method.java:498)
	at org.apache.maven.surefire.util.ReflectionUtils.invokeMethodWithArray(ReflectionUtils.java:189)
	at org.apache.maven.surefire.booter.ProviderFactory$ProviderProxy.invoke(ProviderFactory.java:165)
	at org.apache.maven.surefire.booter.ProviderFactory.invokeProvider(ProviderFactory.java:85)
	at org.apache.maven.surefire.booter.ForkedBooter.runSuitesInProcess(ForkedBooter.java:115)
	at org.apache.maven.surefire.booter.ForkedBooter.main(ForkedBooter.java:75)
]]>
    </error>
  </testcase> <!-- TestAboutShare5 -->
  <testcase name="TestAboutShare62" time="24.946" classname="Tests.BlogTest">
    <failure type="java.lang.AssertionError" message="The following asserts failed:
	expected [Семестр университета в Украине стоит недешево и даже если речь идет о бюджетной форме, расходов не избежать: канцелярия, учебники, аренда жилья, оплата курсов и даже проезд домой. Где взять деньги и что делать, если они нужны уже сегодня?] but found [Когда начинают звонить сотрудники коллекторской компании, начинаешь думать о том, насколько законны их действия и стоит ли им платить? Имеет ли банк право «подключить» к работе 3-х лиц, если процесс взыскания станет эффективнее?],
	expected [http://dev2.mycredit.com.ua/ru/blog/gde-vzyat-kredit-studentam-na-obuchenie/] but found [http://dev2.mycredit.com.ua/ru/blog/kak-ne-platit-kredit-kollektoram-v-ukraine/]">
      <![CDATA[java.lang.AssertionError: The following asserts failed:
	expected [Семестр университета в Украине стоит недешево и даже если речь идет о бюджетной форме, расходов не избежать: канцелярия, учебники, аренда жилья, оплата курсов и даже проезд домой. Где взять деньги и что делать, если они нужны уже сегодня?] but found [Когда начинают звонить сотрудники коллекторской компании, начинаешь думать о том, насколько законны их действия и стоит ли им платить? Имеет ли банк право «подключить» к работе 3-х лиц, если процесс взыскания станет эффективнее?],
	expected [http://dev2.mycredit.com.ua/ru/blog/gde-vzyat-kredit-studentam-na-obuchenie/] but found [http://dev2.mycredit.com.ua/ru/blog/kak-ne-platit-kredit-kollektoram-v-ukraine/]
	at org.testng.asserts.SoftAssert.assertAll(SoftAssert.java:43)
	at Tests.BlogTest.TestAboutShare62(BlogTest.java:837)
	at sun.reflect.NativeMethodAccessorImpl.invoke0(Native Method)
	at sun.reflect.NativeMethodAccessorImpl.invoke(NativeMethodAccessorImpl.java:62)
	at sun.reflect.DelegatingMethodAccessorImpl.invoke(DelegatingMethodAccessorImpl.java:43)
	at java.lang.reflect.Method.invoke(Method.java:498)
	at org.testng.internal.MethodInvocationHelper.invokeMethod(MethodInvocationHelper.java:108)
	at org.testng.internal.Invoker.invokeMethod(Invoker.java:661)
	at org.testng.internal.Invoker.invokeTestMethod(Invoker.java:869)
	at org.testng.internal.Invoker.invokeTestMethods(Invoker.java:1193)
	at org.testng.internal.TestMethodWorker.invokeTestMethods(TestMethodWorker.java:126)
	at org.testng.internal.TestMethodWorker.run(TestMethodWorker.java:109)
	at org.testng.TestRunner.privateRun(TestRunner.java:744)
	at org.testng.TestRunner.run(TestRunner.java:602)
	at org.testng.SuiteRunner.runTest(SuiteRunner.java:380)
	at org.testng.SuiteRunner.runSequentially(SuiteRunner.java:375)
	at org.testng.SuiteRunner.privateRun(SuiteRunner.java:340)
	at org.testng.SuiteRunner.run(SuiteRunner.java:289)
	at org.testng.SuiteRunnerWorker.runSuite(SuiteRunnerWorker.java:52)
	at org.testng.SuiteRunnerWorker.run(SuiteRunnerWorker.java:86)
	at org.testng.TestNG.runSuitesSequentially(TestNG.java:1301)
	at org.testng.TestNG.runSuitesLocally(TestNG.java:1226)
	at org.testng.TestNG.runSuites(TestNG.java:1144)
	at org.testng.TestNG.run(TestNG.java:1115)
	at org.apache.maven.surefire.testng.TestNGExecutor.run(TestNGExecutor.java:77)
	at org.apache.maven.surefire.testng.TestNGDirectoryTestSuite.executeMulti(TestNGDirectoryTestSuite.java:159)
	at org.apache.maven.surefire.testng.TestNGDirectoryTestSuite.execute(TestNGDirectoryTestSuite.java:99)
	at org.apache.maven.surefire.testng.TestNGProvider.invoke(TestNGProvider.java:106)
	at sun.reflect.NativeMethodAccessorImpl.invoke0(Native Method)
	at sun.reflect.NativeMethodAccessorImpl.invoke(NativeMethodAccessorImpl.java:62)
	at sun.reflect.DelegatingMethodAccessorImpl.invoke(DelegatingMethodAccessorImpl.java:43)
	at java.lang.reflect.Method.invoke(Method.java:498)
	at org.apache.maven.surefire.util.ReflectionUtils.invokeMethodWithArray(ReflectionUtils.java:189)
	at org.apache.maven.surefire.booter.ProviderFactory$ProviderProxy.invoke(ProviderFactory.java:165)
	at org.apache.maven.surefire.booter.ProviderFactory.invokeProvider(ProviderFactory.java:85)
	at org.apache.maven.surefire.booter.ForkedBooter.runSuitesInProcess(ForkedBooter.java:115)
	at org.apache.maven.surefire.booter.ForkedBooter.main(ForkedBooter.java:75)
]]>
    </failure>
  </testcase> <!-- TestAboutShare62 -->
  <testcase name="TestAboutShare55" time="4.255" classname="Tests.BlogTest">
    <failure type="java.lang.AssertionError" message="The following asserts failed:
	expected [Семестр университета в Украине стоит недешево и даже если речь идет о бюджетной форме, расходов не избежать: канцелярия, учебники, аренда жилья, оплата курсов и даже проезд домой. Где взять деньги и что делать, если они нужны уже сегодня?] but found [Когда начинают звонить сотрудники коллекторской компании, начинаешь думать о том, насколько законны их действия и стоит ли им платить? Имеет ли банк право «подключить» к работе 3-х лиц, если процесс взыскания станет эффективнее?],
	expected [http://dev2.mycredit.com.ua/ru/blog/gde-vzyat-kredit-studentam-na-obuchenie/] but found [http://dev2.mycredit.com.ua/ru/blog/kak-ne-platit-kredit-kollektoram-v-ukraine/]">
      <![CDATA[java.lang.AssertionError: The following asserts failed:
	expected [Семестр университета в Украине стоит недешево и даже если речь идет о бюджетной форме, расходов не избежать: канцелярия, учебники, аренда жилья, оплата курсов и даже проезд домой. Где взять деньги и что делать, если они нужны уже сегодня?] but found [Когда начинают звонить сотрудники коллекторской компании, начинаешь думать о том, насколько законны их действия и стоит ли им платить? Имеет ли банк право «подключить» к работе 3-х лиц, если процесс взыскания станет эффективнее?],
	expected [http://dev2.mycredit.com.ua/ru/blog/gde-vzyat-kredit-studentam-na-obuchenie/] but found [http://dev2.mycredit.com.ua/ru/blog/kak-ne-platit-kredit-kollektoram-v-ukraine/]
	at org.testng.asserts.SoftAssert.assertAll(SoftAssert.java:43)
	at Tests.BlogTest.TestAboutShare55(BlogTest.java:751)
	at sun.reflect.NativeMethodAccessorImpl.invoke0(Native Method)
	at sun.reflect.NativeMethodAccessorImpl.invoke(NativeMethodAccessorImpl.java:62)
	at sun.reflect.DelegatingMethodAccessorImpl.invoke(DelegatingMethodAccessorImpl.java:43)
	at java.lang.reflect.Method.invoke(Method.java:498)
	at org.testng.internal.MethodInvocationHelper.invokeMethod(MethodInvocationHelper.java:108)
	at org.testng.internal.Invoker.invokeMethod(Invoker.java:661)
	at org.testng.internal.Invoker.invokeTestMethod(Invoker.java:869)
	at org.testng.internal.Invoker.invokeTestMethods(Invoker.java:1193)
	at org.testng.internal.TestMethodWorker.invokeTestMethods(TestMethodWorker.java:126)
	at org.testng.internal.TestMethodWorker.run(TestMethodWorker.java:109)
	at org.testng.TestRunner.privateRun(TestRunner.java:744)
	at org.testng.TestRunner.run(TestRunner.java:602)
	at org.testng.SuiteRunner.runTest(SuiteRunner.java:380)
	at org.testng.SuiteRunner.runSequentially(SuiteRunner.java:375)
	at org.testng.SuiteRunner.privateRun(SuiteRunner.java:340)
	at org.testng.SuiteRunner.run(SuiteRunner.java:289)
	at org.testng.SuiteRunnerWorker.runSuite(SuiteRunnerWorker.java:52)
	at org.testng.SuiteRunnerWorker.run(SuiteRunnerWorker.java:86)
	at org.testng.TestNG.runSuitesSequentially(TestNG.java:1301)
	at org.testng.TestNG.runSuitesLocally(TestNG.java:1226)
	at org.testng.TestNG.runSuites(TestNG.java:1144)
	at org.testng.TestNG.run(TestNG.java:1115)
	at org.apache.maven.surefire.testng.TestNGExecutor.run(TestNGExecutor.java:77)
	at org.apache.maven.surefire.testng.TestNGDirectoryTestSuite.executeMulti(TestNGDirectoryTestSuite.java:159)
	at org.apache.maven.surefire.testng.TestNGDirectoryTestSuite.execute(TestNGDirectoryTestSuite.java:99)
	at org.apache.maven.surefire.testng.TestNGProvider.invoke(TestNGProvider.java:106)
	at sun.reflect.NativeMethodAccessorImpl.invoke0(Native Method)
	at sun.reflect.NativeMethodAccessorImpl.invoke(NativeMethodAccessorImpl.java:62)
	at sun.reflect.DelegatingMethodAccessorImpl.invoke(DelegatingMethodAccessorImpl.java:43)
	at java.lang.reflect.Method.invoke(Method.java:498)
	at org.apache.maven.surefire.util.ReflectionUtils.invokeMethodWithArray(ReflectionUtils.java:189)
	at org.apache.maven.surefire.booter.ProviderFactory$ProviderProxy.invoke(ProviderFactory.java:165)
	at org.apache.maven.surefire.booter.ProviderFactory.invokeProvider(ProviderFactory.java:85)
	at org.apache.maven.surefire.booter.ForkedBooter.runSuitesInProcess(ForkedBooter.java:115)
	at org.apache.maven.surefire.booter.ForkedBooter.main(ForkedBooter.java:75)
]]>
    </failure>
  </testcase> <!-- TestAboutShare55 -->
  <testcase name="TestAboutShare50" time="26.204" classname="Tests.BlogTest">
    <error type="org.openqa.selenium.NoSuchElementException" message="no such element: Unable to locate element: {&quot;method&quot;:&quot;xpath&quot;,&quot;selector&quot;:&quot;/html/body/div[1]/div[4]/div/div[2]/div/div[2]/div/div[1]/div[2]/p[1]&quot;}
  (Session info: chrome=61.0.3163.100)
  (Driver info: chromedriver=2.33.506120 (e3e53437346286c0bc2d2dc9aa4915ba81d9023f),platform=Windows NT 10.0.15063 x86_64) (WARNING: The server did not provide any stacktrace information)
Command duration or timeout: 14.57 seconds
For documentation on this error, please visit: http://seleniumhq.org/exceptions/no_such_element.html
Build info: version: &#039;2.53.1&#039;, revision: &#039;a36b8b1cd5757287168e54b817830adce9b0158d&#039;, time: &#039;2016-06-30 19:26:09&#039;
System info: host: &#039;DESKTOP-2VD0QVH&#039;, ip: &#039;192.168.1.118&#039;, os.name: &#039;Windows 10&#039;, os.arch: &#039;amd64&#039;, os.version: &#039;10.0&#039;, java.version: &#039;1.8.0_144&#039;
Driver info: org.openqa.selenium.chrome.ChromeDriver
Capabilities [{applicationCacheEnabled=false, rotatable=false, mobileEmulationEnabled=false, networkConnectionEnabled=false, chrome={chromedriverVersion=2.33.506120 (e3e53437346286c0bc2d2dc9aa4915ba81d9023f), userDataDir=C:\Users\user\AppData\Local\Temp\scoped_dir51096_23193}, takesHeapSnapshot=true, pageLoadStrategy=normal, databaseEnabled=false, handlesAlerts=true, hasTouchScreen=false, version=61.0.3163.100, platform=XP, browserConnectionEnabled=false, nativeEvents=true, acceptSslCerts=true, locationContextEnabled=true, webStorageEnabled=true, browserName=chrome, takesScreenshot=true, javascriptEnabled=true, cssSelectorsEnabled=true, setWindowRect=true, unexpectedAlertBehaviour=}]
Session ID: 3fb7fe4d91a211b6eda11b6c4514f329
*** Element info: {Using=xpath, value=/html/body/div[1]/div[4]/div/div[2]/div/div[2]/div/div[1]/div[2]/p[1]}">
      <![CDATA[org.openqa.selenium.NoSuchElementException: no such element: Unable to locate element: {"method":"xpath","selector":"/html/body/div[1]/div[4]/div/div[2]/div/div[2]/div/div[1]/div[2]/p[1]"}
  (Session info: chrome=61.0.3163.100)
  (Driver info: chromedriver=2.33.506120 (e3e53437346286c0bc2d2dc9aa4915ba81d9023f),platform=Windows NT 10.0.15063 x86_64) (WARNING: The server did not provide any stacktrace information)
Command duration or timeout: 14.57 seconds
For documentation on this error, please visit: http://seleniumhq.org/exceptions/no_such_element.html
Build info: version: '2.53.1', revision: 'a36b8b1cd5757287168e54b817830adce9b0158d', time: '2016-06-30 19:26:09'
System info: host: 'DESKTOP-2VD0QVH', ip: '192.168.1.118', os.name: 'Windows 10', os.arch: 'amd64', os.version: '10.0', java.version: '1.8.0_144'
Driver info: org.openqa.selenium.chrome.ChromeDriver
Capabilities [{applicationCacheEnabled=false, rotatable=false, mobileEmulationEnabled=false, networkConnectionEnabled=false, chrome={chromedriverVersion=2.33.506120 (e3e53437346286c0bc2d2dc9aa4915ba81d9023f), userDataDir=C:\Users\user\AppData\Local\Temp\scoped_dir51096_23193}, takesHeapSnapshot=true, pageLoadStrategy=normal, databaseEnabled=false, handlesAlerts=true, hasTouchScreen=false, version=61.0.3163.100, platform=XP, browserConnectionEnabled=false, nativeEvents=true, acceptSslCerts=true, locationContextEnabled=true, webStorageEnabled=true, browserName=chrome, takesScreenshot=true, javascriptEnabled=true, cssSelectorsEnabled=true, setWindowRect=true, unexpectedAlertBehaviour=}]
Session ID: 3fb7fe4d91a211b6eda11b6c4514f329
*** Element info: {Using=xpath, value=/html/body/div[1]/div[4]/div/div[2]/div/div[2]/div/div[1]/div[2]/p[1]}
	at sun.reflect.NativeConstructorAccessorImpl.newInstance0(Native Method)
	at sun.reflect.NativeConstructorAccessorImpl.newInstance(NativeConstructorAccessorImpl.java:62)
	at sun.reflect.DelegatingConstructorAccessorImpl.newInstance(DelegatingConstructorAccessorImpl.java:45)
	at java.lang.reflect.Constructor.newInstance(Constructor.java:423)
	at org.openqa.selenium.remote.ErrorHandler.createThrowable(ErrorHandler.java:206)
	at org.openqa.selenium.remote.ErrorHandler.throwIfResponseFailed(ErrorHandler.java:158)
	at org.openqa.selenium.remote.RemoteWebDriver.execute(RemoteWebDriver.java:678)
	at org.openqa.selenium.remote.RemoteWebDriver.findElement(RemoteWebDriver.java:363)
	at org.openqa.selenium.remote.RemoteWebDriver.findElementByXPath(RemoteWebDriver.java:500)
	at org.openqa.selenium.By$ByXPath.findElement(By.java:361)
	at org.openqa.selenium.remote.RemoteWebDriver.findElement(RemoteWebDriver.java:355)
	at Pages.BlogPage.Gettext(BlogPage.java:105)
	at Tests.BlogTest.TestAboutShare50(BlogTest.java:684)
	at sun.reflect.NativeMethodAccessorImpl.invoke0(Native Method)
	at sun.reflect.NativeMethodAccessorImpl.invoke(NativeMethodAccessorImpl.java:62)
	at sun.reflect.DelegatingMethodAccessorImpl.invoke(DelegatingMethodAccessorImpl.java:43)
	at java.lang.reflect.Method.invoke(Method.java:498)
	at org.testng.internal.MethodInvocationHelper.invokeMethod(MethodInvocationHelper.java:108)
	at org.testng.internal.Invoker.invokeMethod(Invoker.java:661)
	at org.testng.internal.Invoker.invokeTestMethod(Invoker.java:869)
	at org.testng.internal.Invoker.invokeTestMethods(Invoker.java:1193)
	at org.testng.internal.TestMethodWorker.invokeTestMethods(TestMethodWorker.java:126)
	at org.testng.internal.TestMethodWorker.run(TestMethodWorker.java:109)
	at org.testng.TestRunner.privateRun(TestRunner.java:744)
	at org.testng.TestRunner.run(TestRunner.java:602)
	at org.testng.SuiteRunner.runTest(SuiteRunner.java:380)
	at org.testng.SuiteRunner.runSequentially(SuiteRunner.java:375)
	at org.testng.SuiteRunner.privateRun(SuiteRunner.java:340)
	at org.testng.SuiteRunner.run(SuiteRunner.java:289)
	at org.testng.SuiteRunnerWorker.runSuite(SuiteRunnerWorker.java:52)
	at org.testng.SuiteRunnerWorker.run(SuiteRunnerWorker.java:86)
	at org.testng.TestNG.runSuitesSequentially(TestNG.java:1301)
	at org.testng.TestNG.runSuitesLocally(TestNG.java:1226)
	at org.testng.TestNG.runSuites(TestNG.java:1144)
	at org.testng.TestNG.run(TestNG.java:1115)
	at org.apache.maven.surefire.testng.TestNGExecutor.run(TestNGExecutor.java:77)
	at org.apache.maven.surefire.testng.TestNGDirectoryTestSuite.executeMulti(TestNGDirectoryTestSuite.java:159)
	at org.apache.maven.surefire.testng.TestNGDirectoryTestSuite.execute(TestNGDirectoryTestSuite.java:99)
	at org.apache.maven.surefire.testng.TestNGProvider.invoke(TestNGProvider.java:106)
	at sun.reflect.NativeMethodAccessorImpl.invoke0(Native Method)
	at sun.reflect.NativeMethodAccessorImpl.invoke(NativeMethodAccessorImpl.java:62)
	at sun.reflect.DelegatingMethodAccessorImpl.invoke(DelegatingMethodAccessorImpl.java:43)
	at java.lang.reflect.Method.invoke(Method.java:498)
	at org.apache.maven.surefire.util.ReflectionUtils.invokeMethodWithArray(ReflectionUtils.java:189)
	at org.apache.maven.surefire.booter.ProviderFactory$ProviderProxy.invoke(ProviderFactory.java:165)
	at org.apache.maven.surefire.booter.ProviderFactory.invokeProvider(ProviderFactory.java:85)
	at org.apache.maven.surefire.booter.ForkedBooter.runSuitesInProcess(ForkedBooter.java:115)
	at org.apache.maven.surefire.booter.ForkedBooter.main(ForkedBooter.java:75)
]]>
    </error>
  </testcase> <!-- TestAboutShare50 -->
  <testcase name="TestAboutShare79" time="4.155" classname="Tests.BlogTest">
    <failure type="java.lang.AssertionError" message="The following asserts failed:
	expected [Семестр университета в Украине стоит недешево и даже если речь идет о бюджетной форме, расходов не избежать: канцелярия, учебники, аренда жилья, оплата курсов и даже проезд домой. Где взять деньги и что делать, если они нужны уже сегодня?] but found [Когда начинают звонить сотрудники коллекторской компании, начинаешь думать о том, насколько законны их действия и стоит ли им платить? Имеет ли банк право «подключить» к работе 3-х лиц, если процесс взыскания станет эффективнее?],
	expected [http://dev2.mycredit.com.ua/ru/blog/gde-vzyat-kredit-studentam-na-obuchenie/] but found [http://dev2.mycredit.com.ua/ru/blog/kak-ne-platit-kredit-kollektoram-v-ukraine/]">
      <![CDATA[java.lang.AssertionError: The following asserts failed:
	expected [Семестр университета в Украине стоит недешево и даже если речь идет о бюджетной форме, расходов не избежать: канцелярия, учебники, аренда жилья, оплата курсов и даже проезд домой. Где взять деньги и что делать, если они нужны уже сегодня?] but found [Когда начинают звонить сотрудники коллекторской компании, начинаешь думать о том, насколько законны их действия и стоит ли им платить? Имеет ли банк право «подключить» к работе 3-х лиц, если процесс взыскания станет эффективнее?],
	expected [http://dev2.mycredit.com.ua/ru/blog/gde-vzyat-kredit-studentam-na-obuchenie/] but found [http://dev2.mycredit.com.ua/ru/blog/kak-ne-platit-kredit-kollektoram-v-ukraine/]
	at org.testng.asserts.SoftAssert.assertAll(SoftAssert.java:43)
	at Tests.BlogTest.TestAboutShare79(BlogTest.java:1051)
	at sun.reflect.NativeMethodAccessorImpl.invoke0(Native Method)
	at sun.reflect.NativeMethodAccessorImpl.invoke(NativeMethodAccessorImpl.java:62)
	at sun.reflect.DelegatingMethodAccessorImpl.invoke(DelegatingMethodAccessorImpl.java:43)
	at java.lang.reflect.Method.invoke(Method.java:498)
	at org.testng.internal.MethodInvocationHelper.invokeMethod(MethodInvocationHelper.java:108)
	at org.testng.internal.Invoker.invokeMethod(Invoker.java:661)
	at org.testng.internal.Invoker.invokeTestMethod(Invoker.java:869)
	at org.testng.internal.Invoker.invokeTestMethods(Invoker.java:1193)
	at org.testng.internal.TestMethodWorker.invokeTestMethods(TestMethodWorker.java:126)
	at org.testng.internal.TestMethodWorker.run(TestMethodWorker.java:109)
	at org.testng.TestRunner.privateRun(TestRunner.java:744)
	at org.testng.TestRunner.run(TestRunner.java:602)
	at org.testng.SuiteRunner.runTest(SuiteRunner.java:380)
	at org.testng.SuiteRunner.runSequentially(SuiteRunner.java:375)
	at org.testng.SuiteRunner.privateRun(SuiteRunner.java:340)
	at org.testng.SuiteRunner.run(SuiteRunner.java:289)
	at org.testng.SuiteRunnerWorker.runSuite(SuiteRunnerWorker.java:52)
	at org.testng.SuiteRunnerWorker.run(SuiteRunnerWorker.java:86)
	at org.testng.TestNG.runSuitesSequentially(TestNG.java:1301)
	at org.testng.TestNG.runSuitesLocally(TestNG.java:1226)
	at org.testng.TestNG.runSuites(TestNG.java:1144)
	at org.testng.TestNG.run(TestNG.java:1115)
	at org.apache.maven.surefire.testng.TestNGExecutor.run(TestNGExecutor.java:77)
	at org.apache.maven.surefire.testng.TestNGDirectoryTestSuite.executeMulti(TestNGDirectoryTestSuite.java:159)
	at org.apache.maven.surefire.testng.TestNGDirectoryTestSuite.execute(TestNGDirectoryTestSuite.java:99)
	at org.apache.maven.surefire.testng.TestNGProvider.invoke(TestNGProvider.java:106)
	at sun.reflect.NativeMethodAccessorImpl.invoke0(Native Method)
	at sun.reflect.NativeMethodAccessorImpl.invoke(NativeMethodAccessorImpl.java:62)
	at sun.reflect.DelegatingMethodAccessorImpl.invoke(DelegatingMethodAccessorImpl.java:43)
	at java.lang.reflect.Method.invoke(Method.java:498)
	at org.apache.maven.surefire.util.ReflectionUtils.invokeMethodWithArray(ReflectionUtils.java:189)
	at org.apache.maven.surefire.booter.ProviderFactory$ProviderProxy.invoke(ProviderFactory.java:165)
	at org.apache.maven.surefire.booter.ProviderFactory.invokeProvider(ProviderFactory.java:85)
	at org.apache.maven.surefire.booter.ForkedBooter.runSuitesInProcess(ForkedBooter.java:115)
	at org.apache.maven.surefire.booter.ForkedBooter.main(ForkedBooter.java:75)
]]>
    </failure>
  </testcase> <!-- TestAboutShare79 -->
  <testcase name="TestAboutShare16" time="4.969" classname="Tests.BlogTest"/>
  <testcase name="TestButtonTwo" time="2.434" classname="Tests.BlogTest">
    <failure type="java.lang.AssertionError" message="The following asserts failed:
	expected [Семестр университета в Украине стоит недешево и даже если речь идет о бюджетной форме, расходов не избежать: канцелярия, учебники, аренда жилья, оплата курсов и даже проезд домой. Где взять деньги и что делать, если они нужны уже сегодня?] but found [Когда начинают звонить сотрудники коллекторской компании, начинаешь думать о том, насколько законны их действия и стоит ли им платить? Имеет ли банк право «подключить» к работе 3-х лиц, если процесс взыскания станет эффективнее?],
	expected [http://dev2.mycredit.com.ua/ru/blog/gde-vzyat-kredit-studentam-na-obuchenie/] but found [http://dev2.mycredit.com.ua/ru/blog/kak-ne-platit-kredit-kollektoram-v-ukraine/]">
      <![CDATA[java.lang.AssertionError: The following asserts failed:
	expected [Семестр университета в Украине стоит недешево и даже если речь идет о бюджетной форме, расходов не избежать: канцелярия, учебники, аренда жилья, оплата курсов и даже проезд домой. Где взять деньги и что делать, если они нужны уже сегодня?] but found [Когда начинают звонить сотрудники коллекторской компании, начинаешь думать о том, насколько законны их действия и стоит ли им платить? Имеет ли банк право «подключить» к работе 3-х лиц, если процесс взыскания станет эффективнее?],
	expected [http://dev2.mycredit.com.ua/ru/blog/gde-vzyat-kredit-studentam-na-obuchenie/] but found [http://dev2.mycredit.com.ua/ru/blog/kak-ne-platit-kredit-kollektoram-v-ukraine/]
	at org.testng.asserts.SoftAssert.assertAll(SoftAssert.java:43)
	at Tests.BlogTest.TestButtonTwo(BlogTest.java:140)
	at sun.reflect.NativeMethodAccessorImpl.invoke0(Native Method)
	at sun.reflect.NativeMethodAccessorImpl.invoke(NativeMethodAccessorImpl.java:62)
	at sun.reflect.DelegatingMethodAccessorImpl.invoke(DelegatingMethodAccessorImpl.java:43)
	at java.lang.reflect.Method.invoke(Method.java:498)
	at org.testng.internal.MethodInvocationHelper.invokeMethod(MethodInvocationHelper.java:108)
	at org.testng.internal.Invoker.invokeMethod(Invoker.java:661)
	at org.testng.internal.Invoker.invokeTestMethod(Invoker.java:869)
	at org.testng.internal.Invoker.invokeTestMethods(Invoker.java:1193)
	at org.testng.internal.TestMethodWorker.invokeTestMethods(TestMethodWorker.java:126)
	at org.testng.internal.TestMethodWorker.run(TestMethodWorker.java:109)
	at org.testng.TestRunner.privateRun(TestRunner.java:744)
	at org.testng.TestRunner.run(TestRunner.java:602)
	at org.testng.SuiteRunner.runTest(SuiteRunner.java:380)
	at org.testng.SuiteRunner.runSequentially(SuiteRunner.java:375)
	at org.testng.SuiteRunner.privateRun(SuiteRunner.java:340)
	at org.testng.SuiteRunner.run(SuiteRunner.java:289)
	at org.testng.SuiteRunnerWorker.runSuite(SuiteRunnerWorker.java:52)
	at org.testng.SuiteRunnerWorker.run(SuiteRunnerWorker.java:86)
	at org.testng.TestNG.runSuitesSequentially(TestNG.java:1301)
	at org.testng.TestNG.runSuitesLocally(TestNG.java:1226)
	at org.testng.TestNG.runSuites(TestNG.java:1144)
	at org.testng.TestNG.run(TestNG.java:1115)
	at org.apache.maven.surefire.testng.TestNGExecutor.run(TestNGExecutor.java:77)
	at org.apache.maven.surefire.testng.TestNGDirectoryTestSuite.executeMulti(TestNGDirectoryTestSuite.java:159)
	at org.apache.maven.surefire.testng.TestNGDirectoryTestSuite.execute(TestNGDirectoryTestSuite.java:99)
	at org.apache.maven.surefire.testng.TestNGProvider.invoke(TestNGProvider.java:106)
	at sun.reflect.NativeMethodAccessorImpl.invoke0(Native Method)
	at sun.reflect.NativeMethodAccessorImpl.invoke(NativeMethodAccessorImpl.java:62)
	at sun.reflect.DelegatingMethodAccessorImpl.invoke(DelegatingMethodAccessorImpl.java:43)
	at java.lang.reflect.Method.invoke(Method.java:498)
	at org.apache.maven.surefire.util.ReflectionUtils.invokeMethodWithArray(ReflectionUtils.java:189)
	at org.apache.maven.surefire.booter.ProviderFactory$ProviderProxy.invoke(ProviderFactory.java:165)
	at org.apache.maven.surefire.booter.ProviderFactory.invokeProvider(ProviderFactory.java:85)
	at org.apache.maven.surefire.booter.ForkedBooter.runSuitesInProcess(ForkedBooter.java:115)
	at org.apache.maven.surefire.booter.ForkedBooter.main(ForkedBooter.java:75)
]]>
    </failure>
  </testcase> <!-- TestButtonTwo -->
  <testcase name="TestAboutShare60" time="4.104" classname="Tests.BlogTest">
    <failure type="java.lang.AssertionError" message="The following asserts failed:
	expected [Семестр университета в Украине стоит недешево и даже если речь идет о бюджетной форме, расходов не избежать: канцелярия, учебники, аренда жилья, оплата курсов и даже проезд домой. Где взять деньги и что делать, если они нужны уже сегодня?] but found [Когда начинают звонить сотрудники коллекторской компании, начинаешь думать о том, насколько законны их действия и стоит ли им платить? Имеет ли банк право «подключить» к работе 3-х лиц, если процесс взыскания станет эффективнее?],
	expected [http://dev2.mycredit.com.ua/ru/blog/gde-vzyat-kredit-studentam-na-obuchenie/] but found [http://dev2.mycredit.com.ua/ru/blog/kak-ne-platit-kredit-kollektoram-v-ukraine/]">
      <![CDATA[java.lang.AssertionError: The following asserts failed:
	expected [Семестр университета в Украине стоит недешево и даже если речь идет о бюджетной форме, расходов не избежать: канцелярия, учебники, аренда жилья, оплата курсов и даже проезд домой. Где взять деньги и что делать, если они нужны уже сегодня?] but found [Когда начинают звонить сотрудники коллекторской компании, начинаешь думать о том, насколько законны их действия и стоит ли им платить? Имеет ли банк право «подключить» к работе 3-х лиц, если процесс взыскания станет эффективнее?],
	expected [http://dev2.mycredit.com.ua/ru/blog/gde-vzyat-kredit-studentam-na-obuchenie/] but found [http://dev2.mycredit.com.ua/ru/blog/kak-ne-platit-kredit-kollektoram-v-ukraine/]
	at org.testng.asserts.SoftAssert.assertAll(SoftAssert.java:43)
	at Tests.BlogTest.TestAboutShare60(BlogTest.java:806)
	at sun.reflect.NativeMethodAccessorImpl.invoke0(Native Method)
	at sun.reflect.NativeMethodAccessorImpl.invoke(NativeMethodAccessorImpl.java:62)
	at sun.reflect.DelegatingMethodAccessorImpl.invoke(DelegatingMethodAccessorImpl.java:43)
	at java.lang.reflect.Method.invoke(Method.java:498)
	at org.testng.internal.MethodInvocationHelper.invokeMethod(MethodInvocationHelper.java:108)
	at org.testng.internal.Invoker.invokeMethod(Invoker.java:661)
	at org.testng.internal.Invoker.invokeTestMethod(Invoker.java:869)
	at org.testng.internal.Invoker.invokeTestMethods(Invoker.java:1193)
	at org.testng.internal.TestMethodWorker.invokeTestMethods(TestMethodWorker.java:126)
	at org.testng.internal.TestMethodWorker.run(TestMethodWorker.java:109)
	at org.testng.TestRunner.privateRun(TestRunner.java:744)
	at org.testng.TestRunner.run(TestRunner.java:602)
	at org.testng.SuiteRunner.runTest(SuiteRunner.java:380)
	at org.testng.SuiteRunner.runSequentially(SuiteRunner.java:375)
	at org.testng.SuiteRunner.privateRun(SuiteRunner.java:340)
	at org.testng.SuiteRunner.run(SuiteRunner.java:289)
	at org.testng.SuiteRunnerWorker.runSuite(SuiteRunnerWorker.java:52)
	at org.testng.SuiteRunnerWorker.run(SuiteRunnerWorker.java:86)
	at org.testng.TestNG.runSuitesSequentially(TestNG.java:1301)
	at org.testng.TestNG.runSuitesLocally(TestNG.java:1226)
	at org.testng.TestNG.runSuites(TestNG.java:1144)
	at org.testng.TestNG.run(TestNG.java:1115)
	at org.apache.maven.surefire.testng.TestNGExecutor.run(TestNGExecutor.java:77)
	at org.apache.maven.surefire.testng.TestNGDirectoryTestSuite.executeMulti(TestNGDirectoryTestSuite.java:159)
	at org.apache.maven.surefire.testng.TestNGDirectoryTestSuite.execute(TestNGDirectoryTestSuite.java:99)
	at org.apache.maven.surefire.testng.TestNGProvider.invoke(TestNGProvider.java:106)
	at sun.reflect.NativeMethodAccessorImpl.invoke0(Native Method)
	at sun.reflect.NativeMethodAccessorImpl.invoke(NativeMethodAccessorImpl.java:62)
	at sun.reflect.DelegatingMethodAccessorImpl.invoke(DelegatingMethodAccessorImpl.java:43)
	at java.lang.reflect.Method.invoke(Method.java:498)
	at org.apache.maven.surefire.util.ReflectionUtils.invokeMethodWithArray(ReflectionUtils.java:189)
	at org.apache.maven.surefire.booter.ProviderFactory$ProviderProxy.invoke(ProviderFactory.java:165)
	at org.apache.maven.surefire.booter.ProviderFactory.invokeProvider(ProviderFactory.java:85)
	at org.apache.maven.surefire.booter.ForkedBooter.runSuitesInProcess(ForkedBooter.java:115)
	at org.apache.maven.surefire.booter.ForkedBooter.main(ForkedBooter.java:75)
]]>
    </failure>
  </testcase> <!-- TestAboutShare60 -->
  <testcase name="TestButtonNine" time="2.398" classname="Tests.BlogTest">
    <failure type="java.lang.AssertionError" message="The following asserts failed:
	expected [Семестр университета в Украине стоит недешево и даже если речь идет о бюджетной форме, расходов не избежать: канцелярия, учебники, аренда жилья, оплата курсов и даже проезд домой. Где взять деньги и что делать, если они нужны уже сегодня?] but found [Когда начинают звонить сотрудники коллекторской компании, начинаешь думать о том, насколько законны их действия и стоит ли им платить? Имеет ли банк право «подключить» к работе 3-х лиц, если процесс взыскания станет эффективнее?],
	expected [http://dev2.mycredit.com.ua/ru/blog/gde-vzyat-kredit-studentam-na-obuchenie/] but found [http://dev2.mycredit.com.ua/ru/blog/kak-ne-platit-kredit-kollektoram-v-ukraine/]">
      <![CDATA[java.lang.AssertionError: The following asserts failed:
	expected [Семестр университета в Украине стоит недешево и даже если речь идет о бюджетной форме, расходов не избежать: канцелярия, учебники, аренда жилья, оплата курсов и даже проезд домой. Где взять деньги и что делать, если они нужны уже сегодня?] but found [Когда начинают звонить сотрудники коллекторской компании, начинаешь думать о том, насколько законны их действия и стоит ли им платить? Имеет ли банк право «подключить» к работе 3-х лиц, если процесс взыскания станет эффективнее?],
	expected [http://dev2.mycredit.com.ua/ru/blog/gde-vzyat-kredit-studentam-na-obuchenie/] but found [http://dev2.mycredit.com.ua/ru/blog/kak-ne-platit-kredit-kollektoram-v-ukraine/]
	at org.testng.asserts.SoftAssert.assertAll(SoftAssert.java:43)
	at Tests.BlogTest.TestButtonNine(BlogTest.java:665)
	at sun.reflect.NativeMethodAccessorImpl.invoke0(Native Method)
	at sun.reflect.NativeMethodAccessorImpl.invoke(NativeMethodAccessorImpl.java:62)
	at sun.reflect.DelegatingMethodAccessorImpl.invoke(DelegatingMethodAccessorImpl.java:43)
	at java.lang.reflect.Method.invoke(Method.java:498)
	at org.testng.internal.MethodInvocationHelper.invokeMethod(MethodInvocationHelper.java:108)
	at org.testng.internal.Invoker.invokeMethod(Invoker.java:661)
	at org.testng.internal.Invoker.invokeTestMethod(Invoker.java:869)
	at org.testng.internal.Invoker.invokeTestMethods(Invoker.java:1193)
	at org.testng.internal.TestMethodWorker.invokeTestMethods(TestMethodWorker.java:126)
	at org.testng.internal.TestMethodWorker.run(TestMethodWorker.java:109)
	at org.testng.TestRunner.privateRun(TestRunner.java:744)
	at org.testng.TestRunner.run(TestRunner.java:602)
	at org.testng.SuiteRunner.runTest(SuiteRunner.java:380)
	at org.testng.SuiteRunner.runSequentially(SuiteRunner.java:375)
	at org.testng.SuiteRunner.privateRun(SuiteRunner.java:340)
	at org.testng.SuiteRunner.run(SuiteRunner.java:289)
	at org.testng.SuiteRunnerWorker.runSuite(SuiteRunnerWorker.java:52)
	at org.testng.SuiteRunnerWorker.run(SuiteRunnerWorker.java:86)
	at org.testng.TestNG.runSuitesSequentially(TestNG.java:1301)
	at org.testng.TestNG.runSuitesLocally(TestNG.java:1226)
	at org.testng.TestNG.runSuites(TestNG.java:1144)
	at org.testng.TestNG.run(TestNG.java:1115)
	at org.apache.maven.surefire.testng.TestNGExecutor.run(TestNGExecutor.java:77)
	at org.apache.maven.surefire.testng.TestNGDirectoryTestSuite.executeMulti(TestNGDirectoryTestSuite.java:159)
	at org.apache.maven.surefire.testng.TestNGDirectoryTestSuite.execute(TestNGDirectoryTestSuite.java:99)
	at org.apache.maven.surefire.testng.TestNGProvider.invoke(TestNGProvider.java:106)
	at sun.reflect.NativeMethodAccessorImpl.invoke0(Native Method)
	at sun.reflect.NativeMethodAccessorImpl.invoke(NativeMethodAccessorImpl.java:62)
	at sun.reflect.DelegatingMethodAccessorImpl.invoke(DelegatingMethodAccessorImpl.java:43)
	at java.lang.reflect.Method.invoke(Method.java:498)
	at org.apache.maven.surefire.util.ReflectionUtils.invokeMethodWithArray(ReflectionUtils.java:189)
	at org.apache.maven.surefire.booter.ProviderFactory$ProviderProxy.invoke(ProviderFactory.java:165)
	at org.apache.maven.surefire.booter.ProviderFactory.invokeProvider(ProviderFactory.java:85)
	at org.apache.maven.surefire.booter.ForkedBooter.runSuitesInProcess(ForkedBooter.java:115)
	at org.apache.maven.surefire.booter.ForkedBooter.main(ForkedBooter.java:75)
]]>
    </failure>
  </testcase> <!-- TestButtonNine -->
  <testcase name="TestAboutShare65" time="4.161" classname="Tests.BlogTest">
    <failure type="java.lang.AssertionError" message="The following asserts failed:
	expected [Семестр университета в Украине стоит недешево и даже если речь идет о бюджетной форме, расходов не избежать: канцелярия, учебники, аренда жилья, оплата курсов и даже проезд домой. Где взять деньги и что делать, если они нужны уже сегодня?] but found [Когда начинают звонить сотрудники коллекторской компании, начинаешь думать о том, насколько законны их действия и стоит ли им платить? Имеет ли банк право «подключить» к работе 3-х лиц, если процесс взыскания станет эффективнее?],
	expected [http://dev2.mycredit.com.ua/ru/blog/gde-vzyat-kredit-studentam-na-obuchenie/] but found [http://dev2.mycredit.com.ua/ru/blog/kak-ne-platit-kredit-kollektoram-v-ukraine/]">
      <![CDATA[java.lang.AssertionError: The following asserts failed:
	expected [Семестр университета в Украине стоит недешево и даже если речь идет о бюджетной форме, расходов не избежать: канцелярия, учебники, аренда жилья, оплата курсов и даже проезд домой. Где взять деньги и что делать, если они нужны уже сегодня?] but found [Когда начинают звонить сотрудники коллекторской компании, начинаешь думать о том, насколько законны их действия и стоит ли им платить? Имеет ли банк право «подключить» к работе 3-х лиц, если процесс взыскания станет эффективнее?],
	expected [http://dev2.mycredit.com.ua/ru/blog/gde-vzyat-kredit-studentam-na-obuchenie/] but found [http://dev2.mycredit.com.ua/ru/blog/kak-ne-platit-kredit-kollektoram-v-ukraine/]
	at org.testng.asserts.SoftAssert.assertAll(SoftAssert.java:43)
	at Tests.BlogTest.TestAboutShare65(BlogTest.java:870)
	at sun.reflect.NativeMethodAccessorImpl.invoke0(Native Method)
	at sun.reflect.NativeMethodAccessorImpl.invoke(NativeMethodAccessorImpl.java:62)
	at sun.reflect.DelegatingMethodAccessorImpl.invoke(DelegatingMethodAccessorImpl.java:43)
	at java.lang.reflect.Method.invoke(Method.java:498)
	at org.testng.internal.MethodInvocationHelper.invokeMethod(MethodInvocationHelper.java:108)
	at org.testng.internal.Invoker.invokeMethod(Invoker.java:661)
	at org.testng.internal.Invoker.invokeTestMethod(Invoker.java:869)
	at org.testng.internal.Invoker.invokeTestMethods(Invoker.java:1193)
	at org.testng.internal.TestMethodWorker.invokeTestMethods(TestMethodWorker.java:126)
	at org.testng.internal.TestMethodWorker.run(TestMethodWorker.java:109)
	at org.testng.TestRunner.privateRun(TestRunner.java:744)
	at org.testng.TestRunner.run(TestRunner.java:602)
	at org.testng.SuiteRunner.runTest(SuiteRunner.java:380)
	at org.testng.SuiteRunner.runSequentially(SuiteRunner.java:375)
	at org.testng.SuiteRunner.privateRun(SuiteRunner.java:340)
	at org.testng.SuiteRunner.run(SuiteRunner.java:289)
	at org.testng.SuiteRunnerWorker.runSuite(SuiteRunnerWorker.java:52)
	at org.testng.SuiteRunnerWorker.run(SuiteRunnerWorker.java:86)
	at org.testng.TestNG.runSuitesSequentially(TestNG.java:1301)
	at org.testng.TestNG.runSuitesLocally(TestNG.java:1226)
	at org.testng.TestNG.runSuites(TestNG.java:1144)
	at org.testng.TestNG.run(TestNG.java:1115)
	at org.apache.maven.surefire.testng.TestNGExecutor.run(TestNGExecutor.java:77)
	at org.apache.maven.surefire.testng.TestNGDirectoryTestSuite.executeMulti(TestNGDirectoryTestSuite.java:159)
	at org.apache.maven.surefire.testng.TestNGDirectoryTestSuite.execute(TestNGDirectoryTestSuite.java:99)
	at org.apache.maven.surefire.testng.TestNGProvider.invoke(TestNGProvider.java:106)
	at sun.reflect.NativeMethodAccessorImpl.invoke0(Native Method)
	at sun.reflect.NativeMethodAccessorImpl.invoke(NativeMethodAccessorImpl.java:62)
	at sun.reflect.DelegatingMethodAccessorImpl.invoke(DelegatingMethodAccessorImpl.java:43)
	at java.lang.reflect.Method.invoke(Method.java:498)
	at org.apache.maven.surefire.util.ReflectionUtils.invokeMethodWithArray(ReflectionUtils.java:189)
	at org.apache.maven.surefire.booter.ProviderFactory$ProviderProxy.invoke(ProviderFactory.java:165)
	at org.apache.maven.surefire.booter.ProviderFactory.invokeProvider(ProviderFactory.java:85)
	at org.apache.maven.surefire.booter.ForkedBooter.runSuitesInProcess(ForkedBooter.java:115)
	at org.apache.maven.surefire.booter.ForkedBooter.main(ForkedBooter.java:75)
]]>
    </failure>
  </testcase> <!-- TestAboutShare65 -->
  <testcase name="TestButtonFive" time="2.434" classname="Tests.BlogTest">
    <failure type="java.lang.AssertionError" message="The following asserts failed:
	expected [Семестр университета в Украине стоит недешево и даже если речь идет о бюджетной форме, расходов не избежать: канцелярия, учебники, аренда жилья, оплата курсов и даже проезд домой. Где взять деньги и что делать, если они нужны уже сегодня?] but found [Когда начинают звонить сотрудники коллекторской компании, начинаешь думать о том, насколько законны их действия и стоит ли им платить? Имеет ли банк право «подключить» к работе 3-х лиц, если процесс взыскания станет эффективнее?],
	expected [http://dev2.mycredit.com.ua/ru/blog/gde-vzyat-kredit-studentam-na-obuchenie/] but found [http://dev2.mycredit.com.ua/ru/blog/kak-ne-platit-kredit-kollektoram-v-ukraine/]">
      <![CDATA[java.lang.AssertionError: The following asserts failed:
	expected [Семестр университета в Украине стоит недешево и даже если речь идет о бюджетной форме, расходов не избежать: канцелярия, учебники, аренда жилья, оплата курсов и даже проезд домой. Где взять деньги и что делать, если они нужны уже сегодня?] but found [Когда начинают звонить сотрудники коллекторской компании, начинаешь думать о том, насколько законны их действия и стоит ли им платить? Имеет ли банк право «подключить» к работе 3-х лиц, если процесс взыскания станет эффективнее?],
	expected [http://dev2.mycredit.com.ua/ru/blog/gde-vzyat-kredit-studentam-na-obuchenie/] but found [http://dev2.mycredit.com.ua/ru/blog/kak-ne-platit-kredit-kollektoram-v-ukraine/]
	at org.testng.asserts.SoftAssert.assertAll(SoftAssert.java:43)
	at Tests.BlogTest.TestButtonFive(BlogTest.java:365)
	at sun.reflect.NativeMethodAccessorImpl.invoke0(Native Method)
	at sun.reflect.NativeMethodAccessorImpl.invoke(NativeMethodAccessorImpl.java:62)
	at sun.reflect.DelegatingMethodAccessorImpl.invoke(DelegatingMethodAccessorImpl.java:43)
	at java.lang.reflect.Method.invoke(Method.java:498)
	at org.testng.internal.MethodInvocationHelper.invokeMethod(MethodInvocationHelper.java:108)
	at org.testng.internal.Invoker.invokeMethod(Invoker.java:661)
	at org.testng.internal.Invoker.invokeTestMethod(Invoker.java:869)
	at org.testng.internal.Invoker.invokeTestMethods(Invoker.java:1193)
	at org.testng.internal.TestMethodWorker.invokeTestMethods(TestMethodWorker.java:126)
	at org.testng.internal.TestMethodWorker.run(TestMethodWorker.java:109)
	at org.testng.TestRunner.privateRun(TestRunner.java:744)
	at org.testng.TestRunner.run(TestRunner.java:602)
	at org.testng.SuiteRunner.runTest(SuiteRunner.java:380)
	at org.testng.SuiteRunner.runSequentially(SuiteRunner.java:375)
	at org.testng.SuiteRunner.privateRun(SuiteRunner.java:340)
	at org.testng.SuiteRunner.run(SuiteRunner.java:289)
	at org.testng.SuiteRunnerWorker.runSuite(SuiteRunnerWorker.java:52)
	at org.testng.SuiteRunnerWorker.run(SuiteRunnerWorker.java:86)
	at org.testng.TestNG.runSuitesSequentially(TestNG.java:1301)
	at org.testng.TestNG.runSuitesLocally(TestNG.java:1226)
	at org.testng.TestNG.runSuites(TestNG.java:1144)
	at org.testng.TestNG.run(TestNG.java:1115)
	at org.apache.maven.surefire.testng.TestNGExecutor.run(TestNGExecutor.java:77)
	at org.apache.maven.surefire.testng.TestNGDirectoryTestSuite.executeMulti(TestNGDirectoryTestSuite.java:159)
	at org.apache.maven.surefire.testng.TestNGDirectoryTestSuite.execute(TestNGDirectoryTestSuite.java:99)
	at org.apache.maven.surefire.testng.TestNGProvider.invoke(TestNGProvider.java:106)
	at sun.reflect.NativeMethodAccessorImpl.invoke0(Native Method)
	at sun.reflect.NativeMethodAccessorImpl.invoke(NativeMethodAccessorImpl.java:62)
	at sun.reflect.DelegatingMethodAccessorImpl.invoke(DelegatingMethodAccessorImpl.java:43)
	at java.lang.reflect.Method.invoke(Method.java:498)
	at org.apache.maven.surefire.util.ReflectionUtils.invokeMethodWithArray(ReflectionUtils.java:189)
	at org.apache.maven.surefire.booter.ProviderFactory$ProviderProxy.invoke(ProviderFactory.java:165)
	at org.apache.maven.surefire.booter.ProviderFactory.invokeProvider(ProviderFactory.java:85)
	at org.apache.maven.surefire.booter.ForkedBooter.runSuitesInProcess(ForkedBooter.java:115)
	at org.apache.maven.surefire.booter.ForkedBooter.main(ForkedBooter.java:75)
]]>
    </failure>
  </testcase> <!-- TestButtonFive -->
  <testcase name="TestAboutShare61" time="4.845" classname="Tests.BlogTest">
    <failure type="java.lang.AssertionError" message="The following asserts failed:
	expected [Семестр университета в Украине стоит недешево и даже если речь идет о бюджетной форме, расходов не избежать: канцелярия, учебники, аренда жилья, оплата курсов и даже проезд домой. Где взять деньги и что делать, если они нужны уже сегодня?] but found [Когда начинают звонить сотрудники коллекторской компании, начинаешь думать о том, насколько законны их действия и стоит ли им платить? Имеет ли банк право «подключить» к работе 3-х лиц, если процесс взыскания станет эффективнее?],
	expected [http://dev2.mycredit.com.ua/ru/blog/gde-vzyat-kredit-studentam-na-obuchenie/] but found [http://dev2.mycredit.com.ua/ru/blog/kak-ne-platit-kredit-kollektoram-v-ukraine/]">
      <![CDATA[java.lang.AssertionError: The following asserts failed:
	expected [Семестр университета в Украине стоит недешево и даже если речь идет о бюджетной форме, расходов не избежать: канцелярия, учебники, аренда жилья, оплата курсов и даже проезд домой. Где взять деньги и что делать, если они нужны уже сегодня?] but found [Когда начинают звонить сотрудники коллекторской компании, начинаешь думать о том, насколько законны их действия и стоит ли им платить? Имеет ли банк право «подключить» к работе 3-х лиц, если процесс взыскания станет эффективнее?],
	expected [http://dev2.mycredit.com.ua/ru/blog/gde-vzyat-kredit-studentam-na-obuchenie/] but found [http://dev2.mycredit.com.ua/ru/blog/kak-ne-platit-kredit-kollektoram-v-ukraine/]
	at org.testng.asserts.SoftAssert.assertAll(SoftAssert.java:43)
	at Tests.BlogTest.TestAboutShare61(BlogTest.java:826)
	at sun.reflect.NativeMethodAccessorImpl.invoke0(Native Method)
	at sun.reflect.NativeMethodAccessorImpl.invoke(NativeMethodAccessorImpl.java:62)
	at sun.reflect.DelegatingMethodAccessorImpl.invoke(DelegatingMethodAccessorImpl.java:43)
	at java.lang.reflect.Method.invoke(Method.java:498)
	at org.testng.internal.MethodInvocationHelper.invokeMethod(MethodInvocationHelper.java:108)
	at org.testng.internal.Invoker.invokeMethod(Invoker.java:661)
	at org.testng.internal.Invoker.invokeTestMethod(Invoker.java:869)
	at org.testng.internal.Invoker.invokeTestMethods(Invoker.java:1193)
	at org.testng.internal.TestMethodWorker.invokeTestMethods(TestMethodWorker.java:126)
	at org.testng.internal.TestMethodWorker.run(TestMethodWorker.java:109)
	at org.testng.TestRunner.privateRun(TestRunner.java:744)
	at org.testng.TestRunner.run(TestRunner.java:602)
	at org.testng.SuiteRunner.runTest(SuiteRunner.java:380)
	at org.testng.SuiteRunner.runSequentially(SuiteRunner.java:375)
	at org.testng.SuiteRunner.privateRun(SuiteRunner.java:340)
	at org.testng.SuiteRunner.run(SuiteRunner.java:289)
	at org.testng.SuiteRunnerWorker.runSuite(SuiteRunnerWorker.java:52)
	at org.testng.SuiteRunnerWorker.run(SuiteRunnerWorker.java:86)
	at org.testng.TestNG.runSuitesSequentially(TestNG.java:1301)
	at org.testng.TestNG.runSuitesLocally(TestNG.java:1226)
	at org.testng.TestNG.runSuites(TestNG.java:1144)
	at org.testng.TestNG.run(TestNG.java:1115)
	at org.apache.maven.surefire.testng.TestNGExecutor.run(TestNGExecutor.java:77)
	at org.apache.maven.surefire.testng.TestNGDirectoryTestSuite.executeMulti(TestNGDirectoryTestSuite.java:159)
	at org.apache.maven.surefire.testng.TestNGDirectoryTestSuite.execute(TestNGDirectoryTestSuite.java:99)
	at org.apache.maven.surefire.testng.TestNGProvider.invoke(TestNGProvider.java:106)
	at sun.reflect.NativeMethodAccessorImpl.invoke0(Native Method)
	at sun.reflect.NativeMethodAccessorImpl.invoke(NativeMethodAccessorImpl.java:62)
	at sun.reflect.DelegatingMethodAccessorImpl.invoke(DelegatingMethodAccessorImpl.java:43)
	at java.lang.reflect.Method.invoke(Method.java:498)
	at org.apache.maven.surefire.util.ReflectionUtils.invokeMethodWithArray(ReflectionUtils.java:189)
	at org.apache.maven.surefire.booter.ProviderFactory$ProviderProxy.invoke(ProviderFactory.java:165)
	at org.apache.maven.surefire.booter.ProviderFactory.invokeProvider(ProviderFactory.java:85)
	at org.apache.maven.surefire.booter.ForkedBooter.runSuitesInProcess(ForkedBooter.java:115)
	at org.apache.maven.surefire.booter.ForkedBooter.main(ForkedBooter.java:75)
]]>
    </failure>
  </testcase> <!-- TestAboutShare61 -->
  <testcase name="TestAboutShare18" time="3.992" classname="Tests.BlogTest"/>
  <testcase name="TestAboutShare57" time="4.091" classname="Tests.BlogTest">
    <failure type="java.lang.AssertionError" message="The following asserts failed:
	expected [Семестр университета в Украине стоит недешево и даже если речь идет о бюджетной форме, расходов не избежать: канцелярия, учебники, аренда жилья, оплата курсов и даже проезд домой. Где взять деньги и что делать, если они нужны уже сегодня?] but found [Когда начинают звонить сотрудники коллекторской компании, начинаешь думать о том, насколько законны их действия и стоит ли им платить? Имеет ли банк право «подключить» к работе 3-х лиц, если процесс взыскания станет эффективнее?],
	expected [http://dev2.mycredit.com.ua/ru/blog/gde-vzyat-kredit-studentam-na-obuchenie/] but found [http://dev2.mycredit.com.ua/ru/blog/kak-ne-platit-kredit-kollektoram-v-ukraine/]">
      <![CDATA[java.lang.AssertionError: The following asserts failed:
	expected [Семестр университета в Украине стоит недешево и даже если речь идет о бюджетной форме, расходов не избежать: канцелярия, учебники, аренда жилья, оплата курсов и даже проезд домой. Где взять деньги и что делать, если они нужны уже сегодня?] but found [Когда начинают звонить сотрудники коллекторской компании, начинаешь думать о том, насколько законны их действия и стоит ли им платить? Имеет ли банк право «подключить» к работе 3-х лиц, если процесс взыскания станет эффективнее?],
	expected [http://dev2.mycredit.com.ua/ru/blog/gde-vzyat-kredit-studentam-na-obuchenie/] but found [http://dev2.mycredit.com.ua/ru/blog/kak-ne-platit-kredit-kollektoram-v-ukraine/]
	at org.testng.asserts.SoftAssert.assertAll(SoftAssert.java:43)
	at Tests.BlogTest.TestAboutShare57(BlogTest.java:773)
	at sun.reflect.NativeMethodAccessorImpl.invoke0(Native Method)
	at sun.reflect.NativeMethodAccessorImpl.invoke(NativeMethodAccessorImpl.java:62)
	at sun.reflect.DelegatingMethodAccessorImpl.invoke(DelegatingMethodAccessorImpl.java:43)
	at java.lang.reflect.Method.invoke(Method.java:498)
	at org.testng.internal.MethodInvocationHelper.invokeMethod(MethodInvocationHelper.java:108)
	at org.testng.internal.Invoker.invokeMethod(Invoker.java:661)
	at org.testng.internal.Invoker.invokeTestMethod(Invoker.java:869)
	at org.testng.internal.Invoker.invokeTestMethods(Invoker.java:1193)
	at org.testng.internal.TestMethodWorker.invokeTestMethods(TestMethodWorker.java:126)
	at org.testng.internal.TestMethodWorker.run(TestMethodWorker.java:109)
	at org.testng.TestRunner.privateRun(TestRunner.java:744)
	at org.testng.TestRunner.run(TestRunner.java:602)
	at org.testng.SuiteRunner.runTest(SuiteRunner.java:380)
	at org.testng.SuiteRunner.runSequentially(SuiteRunner.java:375)
	at org.testng.SuiteRunner.privateRun(SuiteRunner.java:340)
	at org.testng.SuiteRunner.run(SuiteRunner.java:289)
	at org.testng.SuiteRunnerWorker.runSuite(SuiteRunnerWorker.java:52)
	at org.testng.SuiteRunnerWorker.run(SuiteRunnerWorker.java:86)
	at org.testng.TestNG.runSuitesSequentially(TestNG.java:1301)
	at org.testng.TestNG.runSuitesLocally(TestNG.java:1226)
	at org.testng.TestNG.runSuites(TestNG.java:1144)
	at org.testng.TestNG.run(TestNG.java:1115)
	at org.apache.maven.surefire.testng.TestNGExecutor.run(TestNGExecutor.java:77)
	at org.apache.maven.surefire.testng.TestNGDirectoryTestSuite.executeMulti(TestNGDirectoryTestSuite.java:159)
	at org.apache.maven.surefire.testng.TestNGDirectoryTestSuite.execute(TestNGDirectoryTestSuite.java:99)
	at org.apache.maven.surefire.testng.TestNGProvider.invoke(TestNGProvider.java:106)
	at sun.reflect.NativeMethodAccessorImpl.invoke0(Native Method)
	at sun.reflect.NativeMethodAccessorImpl.invoke(NativeMethodAccessorImpl.java:62)
	at sun.reflect.DelegatingMethodAccessorImpl.invoke(DelegatingMethodAccessorImpl.java:43)
	at java.lang.reflect.Method.invoke(Method.java:498)
	at org.apache.maven.surefire.util.ReflectionUtils.invokeMethodWithArray(ReflectionUtils.java:189)
	at org.apache.maven.surefire.booter.ProviderFactory$ProviderProxy.invoke(ProviderFactory.java:165)
	at org.apache.maven.surefire.booter.ProviderFactory.invokeProvider(ProviderFactory.java:85)
	at org.apache.maven.surefire.booter.ForkedBooter.runSuitesInProcess(ForkedBooter.java:115)
	at org.apache.maven.surefire.booter.ForkedBooter.main(ForkedBooter.java:75)
]]>
    </failure>
  </testcase> <!-- TestAboutShare57 -->
  <testcase name="TestAboutShare75" time="4.316" classname="Tests.BlogTest">
    <failure type="java.lang.AssertionError" message="The following asserts failed:
	expected [Семестр университета в Украине стоит недешево и даже если речь идет о бюджетной форме, расходов не избежать: канцелярия, учебники, аренда жилья, оплата курсов и даже проезд домой. Где взять деньги и что делать, если они нужны уже сегодня?] but found [Когда начинают звонить сотрудники коллекторской компании, начинаешь думать о том, насколько законны их действия и стоит ли им платить? Имеет ли банк право «подключить» к работе 3-х лиц, если процесс взыскания станет эффективнее?],
	expected [http://dev2.mycredit.com.ua/ru/blog/gde-vzyat-kredit-studentam-na-obuchenie/] but found [http://dev2.mycredit.com.ua/ru/blog/kak-ne-platit-kredit-kollektoram-v-ukraine/]">
      <![CDATA[java.lang.AssertionError: The following asserts failed:
	expected [Семестр университета в Украине стоит недешево и даже если речь идет о бюджетной форме, расходов не избежать: канцелярия, учебники, аренда жилья, оплата курсов и даже проезд домой. Где взять деньги и что делать, если они нужны уже сегодня?] but found [Когда начинают звонить сотрудники коллекторской компании, начинаешь думать о том, насколько законны их действия и стоит ли им платить? Имеет ли банк право «подключить» к работе 3-х лиц, если процесс взыскания станет эффективнее?],
	expected [http://dev2.mycredit.com.ua/ru/blog/gde-vzyat-kredit-studentam-na-obuchenie/] but found [http://dev2.mycredit.com.ua/ru/blog/kak-ne-platit-kredit-kollektoram-v-ukraine/]
	at org.testng.asserts.SoftAssert.assertAll(SoftAssert.java:43)
	at Tests.BlogTest.TestAboutShare75(BlogTest.java:998)
	at sun.reflect.NativeMethodAccessorImpl.invoke0(Native Method)
	at sun.reflect.NativeMethodAccessorImpl.invoke(NativeMethodAccessorImpl.java:62)
	at sun.reflect.DelegatingMethodAccessorImpl.invoke(DelegatingMethodAccessorImpl.java:43)
	at java.lang.reflect.Method.invoke(Method.java:498)
	at org.testng.internal.MethodInvocationHelper.invokeMethod(MethodInvocationHelper.java:108)
	at org.testng.internal.Invoker.invokeMethod(Invoker.java:661)
	at org.testng.internal.Invoker.invokeTestMethod(Invoker.java:869)
	at org.testng.internal.Invoker.invokeTestMethods(Invoker.java:1193)
	at org.testng.internal.TestMethodWorker.invokeTestMethods(TestMethodWorker.java:126)
	at org.testng.internal.TestMethodWorker.run(TestMethodWorker.java:109)
	at org.testng.TestRunner.privateRun(TestRunner.java:744)
	at org.testng.TestRunner.run(TestRunner.java:602)
	at org.testng.SuiteRunner.runTest(SuiteRunner.java:380)
	at org.testng.SuiteRunner.runSequentially(SuiteRunner.java:375)
	at org.testng.SuiteRunner.privateRun(SuiteRunner.java:340)
	at org.testng.SuiteRunner.run(SuiteRunner.java:289)
	at org.testng.SuiteRunnerWorker.runSuite(SuiteRunnerWorker.java:52)
	at org.testng.SuiteRunnerWorker.run(SuiteRunnerWorker.java:86)
	at org.testng.TestNG.runSuitesSequentially(TestNG.java:1301)
	at org.testng.TestNG.runSuitesLocally(TestNG.java:1226)
	at org.testng.TestNG.runSuites(TestNG.java:1144)
	at org.testng.TestNG.run(TestNG.java:1115)
	at org.apache.maven.surefire.testng.TestNGExecutor.run(TestNGExecutor.java:77)
	at org.apache.maven.surefire.testng.TestNGDirectoryTestSuite.executeMulti(TestNGDirectoryTestSuite.java:159)
	at org.apache.maven.surefire.testng.TestNGDirectoryTestSuite.execute(TestNGDirectoryTestSuite.java:99)
	at org.apache.maven.surefire.testng.TestNGProvider.invoke(TestNGProvider.java:106)
	at sun.reflect.NativeMethodAccessorImpl.invoke0(Native Method)
	at sun.reflect.NativeMethodAccessorImpl.invoke(NativeMethodAccessorImpl.java:62)
	at sun.reflect.DelegatingMethodAccessorImpl.invoke(DelegatingMethodAccessorImpl.java:43)
	at java.lang.reflect.Method.invoke(Method.java:498)
	at org.apache.maven.surefire.util.ReflectionUtils.invokeMethodWithArray(ReflectionUtils.java:189)
	at org.apache.maven.surefire.booter.ProviderFactory$ProviderProxy.invoke(ProviderFactory.java:165)
	at org.apache.maven.surefire.booter.ProviderFactory.invokeProvider(ProviderFactory.java:85)
	at org.apache.maven.surefire.booter.ForkedBooter.runSuitesInProcess(ForkedBooter.java:115)
	at org.apache.maven.surefire.booter.ForkedBooter.main(ForkedBooter.java:75)
]]>
    </failure>
  </testcase> <!-- TestAboutShare75 -->
  <testcase name="TestButtonEight" time="2.620" classname="Tests.BlogTest">
    <failure type="java.lang.AssertionError" message="The following asserts failed:
	expected [Семестр университета в Украине стоит недешево и даже если речь идет о бюджетной форме, расходов не избежать: канцелярия, учебники, аренда жилья, оплата курсов и даже проезд домой. Где взять деньги и что делать, если они нужны уже сегодня?] but found [Когда начинают звонить сотрудники коллекторской компании, начинаешь думать о том, насколько законны их действия и стоит ли им платить? Имеет ли банк право «подключить» к работе 3-х лиц, если процесс взыскания станет эффективнее?],
	expected [http://dev2.mycredit.com.ua/ru/blog/gde-vzyat-kredit-studentam-na-obuchenie/] but found [http://dev2.mycredit.com.ua/ru/blog/kak-ne-platit-kredit-kollektoram-v-ukraine/]">
      <![CDATA[java.lang.AssertionError: The following asserts failed:
	expected [Семестр университета в Украине стоит недешево и даже если речь идет о бюджетной форме, расходов не избежать: канцелярия, учебники, аренда жилья, оплата курсов и даже проезд домой. Где взять деньги и что делать, если они нужны уже сегодня?] but found [Когда начинают звонить сотрудники коллекторской компании, начинаешь думать о том, насколько законны их действия и стоит ли им платить? Имеет ли банк право «подключить» к работе 3-х лиц, если процесс взыскания станет эффективнее?],
	expected [http://dev2.mycredit.com.ua/ru/blog/gde-vzyat-kredit-studentam-na-obuchenie/] but found [http://dev2.mycredit.com.ua/ru/blog/kak-ne-platit-kredit-kollektoram-v-ukraine/]
	at org.testng.asserts.SoftAssert.assertAll(SoftAssert.java:43)
	at Tests.BlogTest.TestButtonEight(BlogTest.java:590)
	at sun.reflect.NativeMethodAccessorImpl.invoke0(Native Method)
	at sun.reflect.NativeMethodAccessorImpl.invoke(NativeMethodAccessorImpl.java:62)
	at sun.reflect.DelegatingMethodAccessorImpl.invoke(DelegatingMethodAccessorImpl.java:43)
	at java.lang.reflect.Method.invoke(Method.java:498)
	at org.testng.internal.MethodInvocationHelper.invokeMethod(MethodInvocationHelper.java:108)
	at org.testng.internal.Invoker.invokeMethod(Invoker.java:661)
	at org.testng.internal.Invoker.invokeTestMethod(Invoker.java:869)
	at org.testng.internal.Invoker.invokeTestMethods(Invoker.java:1193)
	at org.testng.internal.TestMethodWorker.invokeTestMethods(TestMethodWorker.java:126)
	at org.testng.internal.TestMethodWorker.run(TestMethodWorker.java:109)
	at org.testng.TestRunner.privateRun(TestRunner.java:744)
	at org.testng.TestRunner.run(TestRunner.java:602)
	at org.testng.SuiteRunner.runTest(SuiteRunner.java:380)
	at org.testng.SuiteRunner.runSequentially(SuiteRunner.java:375)
	at org.testng.SuiteRunner.privateRun(SuiteRunner.java:340)
	at org.testng.SuiteRunner.run(SuiteRunner.java:289)
	at org.testng.SuiteRunnerWorker.runSuite(SuiteRunnerWorker.java:52)
	at org.testng.SuiteRunnerWorker.run(SuiteRunnerWorker.java:86)
	at org.testng.TestNG.runSuitesSequentially(TestNG.java:1301)
	at org.testng.TestNG.runSuitesLocally(TestNG.java:1226)
	at org.testng.TestNG.runSuites(TestNG.java:1144)
	at org.testng.TestNG.run(TestNG.java:1115)
	at org.apache.maven.surefire.testng.TestNGExecutor.run(TestNGExecutor.java:77)
	at org.apache.maven.surefire.testng.TestNGDirectoryTestSuite.executeMulti(TestNGDirectoryTestSuite.java:159)
	at org.apache.maven.surefire.testng.TestNGDirectoryTestSuite.execute(TestNGDirectoryTestSuite.java:99)
	at org.apache.maven.surefire.testng.TestNGProvider.invoke(TestNGProvider.java:106)
	at sun.reflect.NativeMethodAccessorImpl.invoke0(Native Method)
	at sun.reflect.NativeMethodAccessorImpl.invoke(NativeMethodAccessorImpl.java:62)
	at sun.reflect.DelegatingMethodAccessorImpl.invoke(DelegatingMethodAccessorImpl.java:43)
	at java.lang.reflect.Method.invoke(Method.java:498)
	at org.apache.maven.surefire.util.ReflectionUtils.invokeMethodWithArray(ReflectionUtils.java:189)
	at org.apache.maven.surefire.booter.ProviderFactory$ProviderProxy.invoke(ProviderFactory.java:165)
	at org.apache.maven.surefire.booter.ProviderFactory.invokeProvider(ProviderFactory.java:85)
	at org.apache.maven.surefire.booter.ForkedBooter.runSuitesInProcess(ForkedBooter.java:115)
	at org.apache.maven.surefire.booter.ForkedBooter.main(ForkedBooter.java:75)
]]>
    </failure>
  </testcase> <!-- TestButtonEight -->
  <testcase name="TestAboutShare41" time="4.239" classname="Tests.BlogTest">
    <failure type="java.lang.AssertionError" message="The following asserts failed:
	expected [Семестр университета в Украине стоит недешево и даже если речь идет о бюджетной форме, расходов не избежать: канцелярия, учебники, аренда жилья, оплата курсов и даже проезд домой. Где взять деньги и что делать, если они нужны уже сегодня?] but found [Когда начинают звонить сотрудники коллекторской компании, начинаешь думать о том, насколько законны их действия и стоит ли им платить? Имеет ли банк право «подключить» к работе 3-х лиц, если процесс взыскания станет эффективнее?],
	expected [http://dev2.mycredit.com.ua/ru/blog/gde-vzyat-kredit-studentam-na-obuchenie/] but found [http://dev2.mycredit.com.ua/ru/blog/kak-ne-platit-kredit-kollektoram-v-ukraine/]">
      <![CDATA[java.lang.AssertionError: The following asserts failed:
	expected [Семестр университета в Украине стоит недешево и даже если речь идет о бюджетной форме, расходов не избежать: канцелярия, учебники, аренда жилья, оплата курсов и даже проезд домой. Где взять деньги и что делать, если они нужны уже сегодня?] but found [Когда начинают звонить сотрудники коллекторской компании, начинаешь думать о том, насколько законны их действия и стоит ли им платить? Имеет ли банк право «подключить» к работе 3-х лиц, если процесс взыскания станет эффективнее?],
	expected [http://dev2.mycredit.com.ua/ru/blog/gde-vzyat-kredit-studentam-na-obuchenie/] but found [http://dev2.mycredit.com.ua/ru/blog/kak-ne-platit-kredit-kollektoram-v-ukraine/]
	at org.testng.asserts.SoftAssert.assertAll(SoftAssert.java:43)
	at Tests.BlogTest.TestAboutShare41(BlogTest.java:570)
	at sun.reflect.NativeMethodAccessorImpl.invoke0(Native Method)
	at sun.reflect.NativeMethodAccessorImpl.invoke(NativeMethodAccessorImpl.java:62)
	at sun.reflect.DelegatingMethodAccessorImpl.invoke(DelegatingMethodAccessorImpl.java:43)
	at java.lang.reflect.Method.invoke(Method.java:498)
	at org.testng.internal.MethodInvocationHelper.invokeMethod(MethodInvocationHelper.java:108)
	at org.testng.internal.Invoker.invokeMethod(Invoker.java:661)
	at org.testng.internal.Invoker.invokeTestMethod(Invoker.java:869)
	at org.testng.internal.Invoker.invokeTestMethods(Invoker.java:1193)
	at org.testng.internal.TestMethodWorker.invokeTestMethods(TestMethodWorker.java:126)
	at org.testng.internal.TestMethodWorker.run(TestMethodWorker.java:109)
	at org.testng.TestRunner.privateRun(TestRunner.java:744)
	at org.testng.TestRunner.run(TestRunner.java:602)
	at org.testng.SuiteRunner.runTest(SuiteRunner.java:380)
	at org.testng.SuiteRunner.runSequentially(SuiteRunner.java:375)
	at org.testng.SuiteRunner.privateRun(SuiteRunner.java:340)
	at org.testng.SuiteRunner.run(SuiteRunner.java:289)
	at org.testng.SuiteRunnerWorker.runSuite(SuiteRunnerWorker.java:52)
	at org.testng.SuiteRunnerWorker.run(SuiteRunnerWorker.java:86)
	at org.testng.TestNG.runSuitesSequentially(TestNG.java:1301)
	at org.testng.TestNG.runSuitesLocally(TestNG.java:1226)
	at org.testng.TestNG.runSuites(TestNG.java:1144)
	at org.testng.TestNG.run(TestNG.java:1115)
	at org.apache.maven.surefire.testng.TestNGExecutor.run(TestNGExecutor.java:77)
	at org.apache.maven.surefire.testng.TestNGDirectoryTestSuite.executeMulti(TestNGDirectoryTestSuite.java:159)
	at org.apache.maven.surefire.testng.TestNGDirectoryTestSuite.execute(TestNGDirectoryTestSuite.java:99)
	at org.apache.maven.surefire.testng.TestNGProvider.invoke(TestNGProvider.java:106)
	at sun.reflect.NativeMethodAccessorImpl.invoke0(Native Method)
	at sun.reflect.NativeMethodAccessorImpl.invoke(NativeMethodAccessorImpl.java:62)
	at sun.reflect.DelegatingMethodAccessorImpl.invoke(DelegatingMethodAccessorImpl.java:43)
	at java.lang.reflect.Method.invoke(Method.java:498)
	at org.apache.maven.surefire.util.ReflectionUtils.invokeMethodWithArray(ReflectionUtils.java:189)
	at org.apache.maven.surefire.booter.ProviderFactory$ProviderProxy.invoke(ProviderFactory.java:165)
	at org.apache.maven.surefire.booter.ProviderFactory.invokeProvider(ProviderFactory.java:85)
	at org.apache.maven.surefire.booter.ForkedBooter.runSuitesInProcess(ForkedBooter.java:115)
	at org.apache.maven.surefire.booter.ForkedBooter.main(ForkedBooter.java:75)
]]>
    </failure>
  </testcase> <!-- TestAboutShare41 -->
  <testcase name="TestAboutShare37" time="18.644" classname="Tests.BlogTest">
    <error type="org.openqa.selenium.NoSuchElementException" message="no such element: Unable to locate element: {&quot;method&quot;:&quot;xpath&quot;,&quot;selector&quot;:&quot;/html/body/div[1]/div[4]/div/div[2]/div/div[2]/div/div[1]/div[2]/p[1]&quot;}
  (Session info: chrome=61.0.3163.100)
  (Driver info: chromedriver=2.33.506120 (e3e53437346286c0bc2d2dc9aa4915ba81d9023f),platform=Windows NT 10.0.15063 x86_64) (WARNING: The server did not provide any stacktrace information)
Command duration or timeout: 7.07 seconds
For documentation on this error, please visit: http://seleniumhq.org/exceptions/no_such_element.html
Build info: version: &#039;2.53.1&#039;, revision: &#039;a36b8b1cd5757287168e54b817830adce9b0158d&#039;, time: &#039;2016-06-30 19:26:09&#039;
System info: host: &#039;DESKTOP-2VD0QVH&#039;, ip: &#039;192.168.1.118&#039;, os.name: &#039;Windows 10&#039;, os.arch: &#039;amd64&#039;, os.version: &#039;10.0&#039;, java.version: &#039;1.8.0_144&#039;
Driver info: org.openqa.selenium.chrome.ChromeDriver
Capabilities [{applicationCacheEnabled=false, rotatable=false, mobileEmulationEnabled=false, networkConnectionEnabled=false, chrome={chromedriverVersion=2.33.506120 (e3e53437346286c0bc2d2dc9aa4915ba81d9023f), userDataDir=C:\Users\user\AppData\Local\Temp\scoped_dir51096_23193}, takesHeapSnapshot=true, pageLoadStrategy=normal, databaseEnabled=false, handlesAlerts=true, hasTouchScreen=false, version=61.0.3163.100, platform=XP, browserConnectionEnabled=false, nativeEvents=true, acceptSslCerts=true, locationContextEnabled=true, webStorageEnabled=true, browserName=chrome, takesScreenshot=true, javascriptEnabled=true, cssSelectorsEnabled=true, setWindowRect=true, unexpectedAlertBehaviour=}]
Session ID: 3fb7fe4d91a211b6eda11b6c4514f329
*** Element info: {Using=xpath, value=/html/body/div[1]/div[4]/div/div[2]/div/div[2]/div/div[1]/div[2]/p[1]}">
      <![CDATA[org.openqa.selenium.NoSuchElementException: no such element: Unable to locate element: {"method":"xpath","selector":"/html/body/div[1]/div[4]/div/div[2]/div/div[2]/div/div[1]/div[2]/p[1]"}
  (Session info: chrome=61.0.3163.100)
  (Driver info: chromedriver=2.33.506120 (e3e53437346286c0bc2d2dc9aa4915ba81d9023f),platform=Windows NT 10.0.15063 x86_64) (WARNING: The server did not provide any stacktrace information)
Command duration or timeout: 7.07 seconds
For documentation on this error, please visit: http://seleniumhq.org/exceptions/no_such_element.html
Build info: version: '2.53.1', revision: 'a36b8b1cd5757287168e54b817830adce9b0158d', time: '2016-06-30 19:26:09'
System info: host: 'DESKTOP-2VD0QVH', ip: '192.168.1.118', os.name: 'Windows 10', os.arch: 'amd64', os.version: '10.0', java.version: '1.8.0_144'
Driver info: org.openqa.selenium.chrome.ChromeDriver
Capabilities [{applicationCacheEnabled=false, rotatable=false, mobileEmulationEnabled=false, networkConnectionEnabled=false, chrome={chromedriverVersion=2.33.506120 (e3e53437346286c0bc2d2dc9aa4915ba81d9023f), userDataDir=C:\Users\user\AppData\Local\Temp\scoped_dir51096_23193}, takesHeapSnapshot=true, pageLoadStrategy=normal, databaseEnabled=false, handlesAlerts=true, hasTouchScreen=false, version=61.0.3163.100, platform=XP, browserConnectionEnabled=false, nativeEvents=true, acceptSslCerts=true, locationContextEnabled=true, webStorageEnabled=true, browserName=chrome, takesScreenshot=true, javascriptEnabled=true, cssSelectorsEnabled=true, setWindowRect=true, unexpectedAlertBehaviour=}]
Session ID: 3fb7fe4d91a211b6eda11b6c4514f329
*** Element info: {Using=xpath, value=/html/body/div[1]/div[4]/div/div[2]/div/div[2]/div/div[1]/div[2]/p[1]}
	at sun.reflect.NativeConstructorAccessorImpl.newInstance0(Native Method)
	at sun.reflect.NativeConstructorAccessorImpl.newInstance(NativeConstructorAccessorImpl.java:62)
	at sun.reflect.DelegatingConstructorAccessorImpl.newInstance(DelegatingConstructorAccessorImpl.java:45)
	at java.lang.reflect.Constructor.newInstance(Constructor.java:423)
	at org.openqa.selenium.remote.ErrorHandler.createThrowable(ErrorHandler.java:206)
	at org.openqa.selenium.remote.ErrorHandler.throwIfResponseFailed(ErrorHandler.java:158)
	at org.openqa.selenium.remote.RemoteWebDriver.execute(RemoteWebDriver.java:678)
	at org.openqa.selenium.remote.RemoteWebDriver.findElement(RemoteWebDriver.java:363)
	at org.openqa.selenium.remote.RemoteWebDriver.findElementByXPath(RemoteWebDriver.java:500)
	at org.openqa.selenium.By$ByXPath.findElement(By.java:361)
	at org.openqa.selenium.remote.RemoteWebDriver.findElement(RemoteWebDriver.java:355)
	at Pages.BlogPage.Gettext(BlogPage.java:105)
	at Tests.BlogTest.TestAboutShare37(BlogTest.java:523)
	at sun.reflect.NativeMethodAccessorImpl.invoke0(Native Method)
	at sun.reflect.NativeMethodAccessorImpl.invoke(NativeMethodAccessorImpl.java:62)
	at sun.reflect.DelegatingMethodAccessorImpl.invoke(DelegatingMethodAccessorImpl.java:43)
	at java.lang.reflect.Method.invoke(Method.java:498)
	at org.testng.internal.MethodInvocationHelper.invokeMethod(MethodInvocationHelper.java:108)
	at org.testng.internal.Invoker.invokeMethod(Invoker.java:661)
	at org.testng.internal.Invoker.invokeTestMethod(Invoker.java:869)
	at org.testng.internal.Invoker.invokeTestMethods(Invoker.java:1193)
	at org.testng.internal.TestMethodWorker.invokeTestMethods(TestMethodWorker.java:126)
	at org.testng.internal.TestMethodWorker.run(TestMethodWorker.java:109)
	at org.testng.TestRunner.privateRun(TestRunner.java:744)
	at org.testng.TestRunner.run(TestRunner.java:602)
	at org.testng.SuiteRunner.runTest(SuiteRunner.java:380)
	at org.testng.SuiteRunner.runSequentially(SuiteRunner.java:375)
	at org.testng.SuiteRunner.privateRun(SuiteRunner.java:340)
	at org.testng.SuiteRunner.run(SuiteRunner.java:289)
	at org.testng.SuiteRunnerWorker.runSuite(SuiteRunnerWorker.java:52)
	at org.testng.SuiteRunnerWorker.run(SuiteRunnerWorker.java:86)
	at org.testng.TestNG.runSuitesSequentially(TestNG.java:1301)
	at org.testng.TestNG.runSuitesLocally(TestNG.java:1226)
	at org.testng.TestNG.runSuites(TestNG.java:1144)
	at org.testng.TestNG.run(TestNG.java:1115)
	at org.apache.maven.surefire.testng.TestNGExecutor.run(TestNGExecutor.java:77)
	at org.apache.maven.surefire.testng.TestNGDirectoryTestSuite.executeMulti(TestNGDirectoryTestSuite.java:159)
	at org.apache.maven.surefire.testng.TestNGDirectoryTestSuite.execute(TestNGDirectoryTestSuite.java:99)
	at org.apache.maven.surefire.testng.TestNGProvider.invoke(TestNGProvider.java:106)
	at sun.reflect.NativeMethodAccessorImpl.invoke0(Native Method)
	at sun.reflect.NativeMethodAccessorImpl.invoke(NativeMethodAccessorImpl.java:62)
	at sun.reflect.DelegatingMethodAccessorImpl.invoke(DelegatingMethodAccessorImpl.java:43)
	at java.lang.reflect.Method.invoke(Method.java:498)
	at org.apache.maven.surefire.util.ReflectionUtils.invokeMethodWithArray(ReflectionUtils.java:189)
	at org.apache.maven.surefire.booter.ProviderFactory$ProviderProxy.invoke(ProviderFactory.java:165)
	at org.apache.maven.surefire.booter.ProviderFactory.invokeProvider(ProviderFactory.java:85)
	at org.apache.maven.surefire.booter.ForkedBooter.runSuitesInProcess(ForkedBooter.java:115)
	at org.apache.maven.surefire.booter.ForkedBooter.main(ForkedBooter.java:75)
]]>
    </error>
  </testcase> <!-- TestAboutShare37 -->
  <testcase name="TestAboutShare30" time="4.019" classname="Tests.BlogTest"/>
  <testcase name="TestAboutShare68" time="4.166" classname="Tests.BlogTest">
    <failure type="java.lang.AssertionError" message="The following asserts failed:
	expected [Семестр университета в Украине стоит недешево и даже если речь идет о бюджетной форме, расходов не избежать: канцелярия, учебники, аренда жилья, оплата курсов и даже проезд домой. Где взять деньги и что делать, если они нужны уже сегодня?] but found [Когда начинают звонить сотрудники коллекторской компании, начинаешь думать о том, насколько законны их действия и стоит ли им платить? Имеет ли банк право «подключить» к работе 3-х лиц, если процесс взыскания станет эффективнее?],
	expected [http://dev2.mycredit.com.ua/ru/blog/gde-vzyat-kredit-studentam-na-obuchenie/] but found [http://dev2.mycredit.com.ua/ru/blog/kak-ne-platit-kredit-kollektoram-v-ukraine/]">
      <![CDATA[java.lang.AssertionError: The following asserts failed:
	expected [Семестр университета в Украине стоит недешево и даже если речь идет о бюджетной форме, расходов не избежать: канцелярия, учебники, аренда жилья, оплата курсов и даже проезд домой. Где взять деньги и что делать, если они нужны уже сегодня?] but found [Когда начинают звонить сотрудники коллекторской компании, начинаешь думать о том, насколько законны их действия и стоит ли им платить? Имеет ли банк право «подключить» к работе 3-х лиц, если процесс взыскания станет эффективнее?],
	expected [http://dev2.mycredit.com.ua/ru/blog/gde-vzyat-kredit-studentam-na-obuchenie/] but found [http://dev2.mycredit.com.ua/ru/blog/kak-ne-platit-kredit-kollektoram-v-ukraine/]
	at org.testng.asserts.SoftAssert.assertAll(SoftAssert.java:43)
	at Tests.BlogTest.TestAboutShare68(BlogTest.java:912)
	at sun.reflect.NativeMethodAccessorImpl.invoke0(Native Method)
	at sun.reflect.NativeMethodAccessorImpl.invoke(NativeMethodAccessorImpl.java:62)
	at sun.reflect.DelegatingMethodAccessorImpl.invoke(DelegatingMethodAccessorImpl.java:43)
	at java.lang.reflect.Method.invoke(Method.java:498)
	at org.testng.internal.MethodInvocationHelper.invokeMethod(MethodInvocationHelper.java:108)
	at org.testng.internal.Invoker.invokeMethod(Invoker.java:661)
	at org.testng.internal.Invoker.invokeTestMethod(Invoker.java:869)
	at org.testng.internal.Invoker.invokeTestMethods(Invoker.java:1193)
	at org.testng.internal.TestMethodWorker.invokeTestMethods(TestMethodWorker.java:126)
	at org.testng.internal.TestMethodWorker.run(TestMethodWorker.java:109)
	at org.testng.TestRunner.privateRun(TestRunner.java:744)
	at org.testng.TestRunner.run(TestRunner.java:602)
	at org.testng.SuiteRunner.runTest(SuiteRunner.java:380)
	at org.testng.SuiteRunner.runSequentially(SuiteRunner.java:375)
	at org.testng.SuiteRunner.privateRun(SuiteRunner.java:340)
	at org.testng.SuiteRunner.run(SuiteRunner.java:289)
	at org.testng.SuiteRunnerWorker.runSuite(SuiteRunnerWorker.java:52)
	at org.testng.SuiteRunnerWorker.run(SuiteRunnerWorker.java:86)
	at org.testng.TestNG.runSuitesSequentially(TestNG.java:1301)
	at org.testng.TestNG.runSuitesLocally(TestNG.java:1226)
	at org.testng.TestNG.runSuites(TestNG.java:1144)
	at org.testng.TestNG.run(TestNG.java:1115)
	at org.apache.maven.surefire.testng.TestNGExecutor.run(TestNGExecutor.java:77)
	at org.apache.maven.surefire.testng.TestNGDirectoryTestSuite.executeMulti(TestNGDirectoryTestSuite.java:159)
	at org.apache.maven.surefire.testng.TestNGDirectoryTestSuite.execute(TestNGDirectoryTestSuite.java:99)
	at org.apache.maven.surefire.testng.TestNGProvider.invoke(TestNGProvider.java:106)
	at sun.reflect.NativeMethodAccessorImpl.invoke0(Native Method)
	at sun.reflect.NativeMethodAccessorImpl.invoke(NativeMethodAccessorImpl.java:62)
	at sun.reflect.DelegatingMethodAccessorImpl.invoke(DelegatingMethodAccessorImpl.java:43)
	at java.lang.reflect.Method.invoke(Method.java:498)
	at org.apache.maven.surefire.util.ReflectionUtils.invokeMethodWithArray(ReflectionUtils.java:189)
	at org.apache.maven.surefire.booter.ProviderFactory$ProviderProxy.invoke(ProviderFactory.java:165)
	at org.apache.maven.surefire.booter.ProviderFactory.invokeProvider(ProviderFactory.java:85)
	at org.apache.maven.surefire.booter.ForkedBooter.runSuitesInProcess(ForkedBooter.java:115)
	at org.apache.maven.surefire.booter.ForkedBooter.main(ForkedBooter.java:75)
]]>
    </failure>
  </testcase> <!-- TestAboutShare68 -->
  <testcase name="TestAboutShare10" time="4.068" classname="Tests.BlogTest"/>
  <testcase name="TestAboutShare28" time="4.253" classname="Tests.BlogTest"/>
  <testcase name="TestAboutShare9" time="4.155" classname="Tests.BlogTest">
    <failure type="java.lang.AssertionError" message="The following asserts failed:
	expected [Семестр университета в Украине стоит недешево и даже если речь идет о бюджетной форме, расходов не избежать: канцелярия, учебники, аренда жилья, оплата курсов и даже проезд домой. Где взять деньги и что делать, если они нужны уже сегодня?] but found [Когда начинают звонить сотрудники коллекторской компании, начинаешь думать о том, насколько законны их действия и стоит ли им платить? Имеет ли банк право «подключить» к работе 3-х лиц, если процесс взыскания станет эффективнее?],
	expected [http://dev2.mycredit.com.ua/ru/blog/gde-vzyat-kredit-studentam-na-obuchenie/] but found [http://dev2.mycredit.com.ua/ru/blog/kak-ne-platit-kredit-kollektoram-v-ukraine/]">
      <![CDATA[java.lang.AssertionError: The following asserts failed:
	expected [Семестр университета в Украине стоит недешево и даже если речь идет о бюджетной форме, расходов не избежать: канцелярия, учебники, аренда жилья, оплата курсов и даже проезд домой. Где взять деньги и что делать, если они нужны уже сегодня?] but found [Когда начинают звонить сотрудники коллекторской компании, начинаешь думать о том, насколько законны их действия и стоит ли им платить? Имеет ли банк право «подключить» к работе 3-х лиц, если процесс взыскания станет эффективнее?],
	expected [http://dev2.mycredit.com.ua/ru/blog/gde-vzyat-kredit-studentam-na-obuchenie/] but found [http://dev2.mycredit.com.ua/ru/blog/kak-ne-platit-kredit-kollektoram-v-ukraine/]
	at org.testng.asserts.SoftAssert.assertAll(SoftAssert.java:43)
	at Tests.BlogTest.TestAboutShare9(BlogTest.java:173)
	at sun.reflect.NativeMethodAccessorImpl.invoke0(Native Method)
	at sun.reflect.NativeMethodAccessorImpl.invoke(NativeMethodAccessorImpl.java:62)
	at sun.reflect.DelegatingMethodAccessorImpl.invoke(DelegatingMethodAccessorImpl.java:43)
	at java.lang.reflect.Method.invoke(Method.java:498)
	at org.testng.internal.MethodInvocationHelper.invokeMethod(MethodInvocationHelper.java:108)
	at org.testng.internal.Invoker.invokeMethod(Invoker.java:661)
	at org.testng.internal.Invoker.invokeTestMethod(Invoker.java:869)
	at org.testng.internal.Invoker.invokeTestMethods(Invoker.java:1193)
	at org.testng.internal.TestMethodWorker.invokeTestMethods(TestMethodWorker.java:126)
	at org.testng.internal.TestMethodWorker.run(TestMethodWorker.java:109)
	at org.testng.TestRunner.privateRun(TestRunner.java:744)
	at org.testng.TestRunner.run(TestRunner.java:602)
	at org.testng.SuiteRunner.runTest(SuiteRunner.java:380)
	at org.testng.SuiteRunner.runSequentially(SuiteRunner.java:375)
	at org.testng.SuiteRunner.privateRun(SuiteRunner.java:340)
	at org.testng.SuiteRunner.run(SuiteRunner.java:289)
	at org.testng.SuiteRunnerWorker.runSuite(SuiteRunnerWorker.java:52)
	at org.testng.SuiteRunnerWorker.run(SuiteRunnerWorker.java:86)
	at org.testng.TestNG.runSuitesSequentially(TestNG.java:1301)
	at org.testng.TestNG.runSuitesLocally(TestNG.java:1226)
	at org.testng.TestNG.runSuites(TestNG.java:1144)
	at org.testng.TestNG.run(TestNG.java:1115)
	at org.apache.maven.surefire.testng.TestNGExecutor.run(TestNGExecutor.java:77)
	at org.apache.maven.surefire.testng.TestNGDirectoryTestSuite.executeMulti(TestNGDirectoryTestSuite.java:159)
	at org.apache.maven.surefire.testng.TestNGDirectoryTestSuite.execute(TestNGDirectoryTestSuite.java:99)
	at org.apache.maven.surefire.testng.TestNGProvider.invoke(TestNGProvider.java:106)
	at sun.reflect.NativeMethodAccessorImpl.invoke0(Native Method)
	at sun.reflect.NativeMethodAccessorImpl.invoke(NativeMethodAccessorImpl.java:62)
	at sun.reflect.DelegatingMethodAccessorImpl.invoke(DelegatingMethodAccessorImpl.java:43)
	at java.lang.reflect.Method.invoke(Method.java:498)
	at org.apache.maven.surefire.util.ReflectionUtils.invokeMethodWithArray(ReflectionUtils.java:189)
	at org.apache.maven.surefire.booter.ProviderFactory$ProviderProxy.invoke(ProviderFactory.java:165)
	at org.apache.maven.surefire.booter.ProviderFactory.invokeProvider(ProviderFactory.java:85)
	at org.apache.maven.surefire.booter.ForkedBooter.runSuitesInProcess(ForkedBooter.java:115)
	at org.apache.maven.surefire.booter.ForkedBooter.main(ForkedBooter.java:75)
]]>
    </failure>
  </testcase> <!-- TestAboutShare9 -->
</testsuite> <!-- Tests.BlogTest -->
